[ 2017-04-20T22:51:38+08:00 ] ::1 /ule/Home/ask
INFO: [ app_init ] --START--
INFO: Run Behavior\BuildLiteBehavior [ RunTime:0.000000s ]
INFO: [ app_init ] --END-- [ RunTime:0.003001s ]
INFO: [ app_begin ] --START--
INFO: Run Behavior\ReadHtmlCacheBehavior [ RunTime:0.003000s ]
INFO: [ app_begin ] --END-- [ RunTime:0.003000s ]
NOTIC: [8] Constant WEB_SITE already defined D:\xampp\htdocs\ule\Application\Home\Controller\CommonController.class.php 第 18 行.
NOTIC: [8] Constant WEB_KEYWORD already defined D:\xampp\htdocs\ule\Application\Home\Controller\CommonController.class.php 第 19 行.
NOTIC: [8] Constant WEB_DESCRIPTION already defined D:\xampp\htdocs\ule\Application\Home\Controller\CommonController.class.php 第 20 行.
INFO: [ view_parse ] --START--
INFO: Run Behavior\ParseTemplateBehavior [ RunTime:0.053003s ]
INFO: [ view_parse ] --END-- [ RunTime:0.053003s ]
INFO: [ view_filter ] --START--
INFO: Run Behavior\WriteHtmlCacheBehavior [ RunTime:0.002001s ]
INFO: [ view_filter ] --END-- [ RunTime:0.002001s ]
SQL: SHOW COLUMNS FROM `ule_ask` [ RunTime:0.0260s ]
SQL: SELECT COUNT(id) AS tp_count FROM `ule_ask` LIMIT 1   [ RunTime:0.0010s ]
SQL: SHOW COLUMNS FROM `ule_ask` [ RunTime:0.0240s ]
SQL: SELECT a.id,a.ask_content,a.ask_title,a.ask_saw,a.ask_answer,m.member_face,m.member_name FROM `ule_ask` `a`,`ule_member` `m` WHERE ( a.ask_user=m.id ) ORDER BY ask_add asc LIMIT 0,20   [ RunTime:0.0050s ]
INFO: [ view_parse ] --START--
INFO: Run Behavior\ParseTemplateBehavior [ RunTime:0.005001s ]
INFO: [ view_parse ] --END-- [ RunTime:-1.101063s ]
INFO: [ view_filter ] --START--
INFO: Run Behavior\WriteHtmlCacheBehavior [ RunTime:0.000000s ]
INFO: [ view_filter ] --END-- [ RunTime:-1.105063s ]
SQL: SHOW COLUMNS FROM `ule_class` [ RunTime:0.0270s ]
SQL: SELECT * FROM `ule_class` WHERE `pid` = 0 LIMIT 5   [ RunTime:0.0020s ]
SQL: SELECT * FROM `ule_class` WHERE ( pid=35 ) LIMIT 5   [ RunTime:0.0030s ]
INFO: [ view_parse ] --START--
INFO: Run Behavior\ParseTemplateBehavior [ RunTime:0.005000s ]
INFO: [ view_parse ] --END-- [ RunTime:-1.146066s ]
INFO: [ view_filter ] --START--
INFO: Run Behavior\WriteHtmlCacheBehavior [ RunTime:0.000000s ]
INFO: [ view_filter ] --END-- [ RunTime:-1.150065s ]
NOTIC: [2] Cannot modify header information - headers already sent by (output started at D:\xampp\htdocs\ule\ThinkPHP\Library\Think\View.class.php:95) D:\xampp\htdocs\ule\ThinkPHP\Library\Think\View.class.php 第 91 行.
NOTIC: [2] Cannot modify header information - headers already sent by (output started at D:\xampp\htdocs\ule\ThinkPHP\Library\Think\View.class.php:95) D:\xampp\htdocs\ule\ThinkPHP\Library\Think\View.class.php 第 92 行.
NOTIC: [2] Cannot modify header information - headers already sent by (output started at D:\xampp\htdocs\ule\ThinkPHP\Library\Think\View.class.php:95) D:\xampp\htdocs\ule\ThinkPHP\Library\Think\View.class.php 第 93 行.
INFO: [ app_end ] --START--
INFO: Run Behavior\ShowPageTraceBehavior [ RunTime:0.004001s ]
INFO: [ app_end ] --END-- [ RunTime:0.005001s ]

[ 2017-04-20T22:51:38+08:00 ] ::1 /ule/Home/img/person.jpg
INFO: [ app_init ] --START--
INFO: Run Behavior\BuildLiteBehavior [ RunTime:0.000000s ]
INFO: [ app_init ] --END-- [ RunTime:0.001000s ]

[ 2017-04-20T22:51:38+08:00 ] ::1 /ule/Home/img/pic.jpg
INFO: [ app_init ] --START--
INFO: Run Behavior\BuildLiteBehavior [ RunTime:0.000000s ]
INFO: [ app_init ] --END-- [ RunTime:0.003000s ]

[ 2017-04-20T22:51:38+08:00 ] ::1 /ule/Home/img/person.jpg
INFO: [ app_init ] --START--
INFO: Run Behavior\BuildLiteBehavior [ RunTime:0.000000s ]
INFO: [ app_init ] --END-- [ RunTime:0.002000s ]

[ 2017-04-20T22:51:40+08:00 ] ::1 /ule/Home/ask
INFO: [ app_init ] --START--
INFO: Run Behavior\BuildLiteBehavior [ RunTime:0.000000s ]
INFO: [ app_init ] --END-- [ RunTime:0.001001s ]
INFO: [ app_begin ] --START--
INFO: Run Behavior\ReadHtmlCacheBehavior [ RunTime:0.002000s ]
INFO: [ app_begin ] --END-- [ RunTime:0.002000s ]
NOTIC: [8] Constant WEB_SITE already defined D:\xampp\htdocs\ule\Application\Home\Controller\CommonController.class.php 第 18 行.
NOTIC: [8] Constant WEB_KEYWORD already defined D:\xampp\htdocs\ule\Application\Home\Controller\CommonController.class.php 第 19 行.
NOTIC: [8] Constant WEB_DESCRIPTION already defined D:\xampp\htdocs\ule\Application\Home\Controller\CommonController.class.php 第 20 行.
INFO: [ view_parse ] --START--
INFO: Run Behavior\ParseTemplateBehavior [ RunTime:0.027001s ]
INFO: [ view_parse ] --END-- [ RunTime:0.027001s ]
INFO: [ view_filter ] --START--
INFO: Run Behavior\WriteHtmlCacheBehavior [ RunTime:0.001000s ]
INFO: [ view_filter ] --END-- [ RunTime:0.001000s ]
SQL: SHOW COLUMNS FROM `ule_ask` [ RunTime:0.0230s ]
SQL: SELECT COUNT(id) AS tp_count FROM `ule_ask` LIMIT 1   [ RunTime:0.0010s ]
SQL: SHOW COLUMNS FROM `ule_ask` [ RunTime:0.0240s ]
SQL: SELECT a.id,a.ask_content,a.ask_title,a.ask_saw,a.ask_answer,m.member_face,m.member_name FROM `ule_ask` `a`,`ule_member` `m` WHERE ( a.ask_user=m.id ) ORDER BY ask_add asc LIMIT 0,20   [ RunTime:0.0020s ]
INFO: [ view_parse ] --START--
INFO: Run Behavior\ParseTemplateBehavior [ RunTime:0.005000s ]
INFO: [ view_parse ] --END-- [ RunTime:-1.083062s ]
INFO: [ view_filter ] --START--
INFO: Run Behavior\WriteHtmlCacheBehavior [ RunTime:0.000000s ]
INFO: [ view_filter ] --END-- [ RunTime:-1.088062s ]
SQL: SHOW COLUMNS FROM `ule_class` [ RunTime:0.0230s ]
SQL: SELECT * FROM `ule_class` WHERE `pid` = 0 LIMIT 5   [ RunTime:0.0010s ]
SQL: SELECT * FROM `ule_class` WHERE ( pid=35 ) LIMIT 5   [ RunTime:0.0010s ]
INFO: [ view_parse ] --START--
INFO: Run Behavior\ParseTemplateBehavior [ RunTime:0.002000s ]
INFO: [ view_parse ] --END-- [ RunTime:-1.119064s ]
INFO: [ view_filter ] --START--
INFO: Run Behavior\WriteHtmlCacheBehavior [ RunTime:0.000000s ]
INFO: [ view_filter ] --END-- [ RunTime:-1.122064s ]
NOTIC: [2] Cannot modify header information - headers already sent by (output started at D:\xampp\htdocs\ule\ThinkPHP\Library\Think\View.class.php:95) D:\xampp\htdocs\ule\ThinkPHP\Library\Think\View.class.php 第 91 行.
NOTIC: [2] Cannot modify header information - headers already sent by (output started at D:\xampp\htdocs\ule\ThinkPHP\Library\Think\View.class.php:95) D:\xampp\htdocs\ule\ThinkPHP\Library\Think\View.class.php 第 92 行.
NOTIC: [2] Cannot modify header information - headers already sent by (output started at D:\xampp\htdocs\ule\ThinkPHP\Library\Think\View.class.php:95) D:\xampp\htdocs\ule\ThinkPHP\Library\Think\View.class.php 第 93 行.
INFO: [ app_end ] --START--
INFO: Run Behavior\ShowPageTraceBehavior [ RunTime:0.002000s ]
INFO: [ app_end ] --END-- [ RunTime:0.003001s ]

[ 2017-04-20T22:54:24+08:00 ] ::1 /ule/Home/ask
INFO: [ app_init ] --START--
INFO: Run Behavior\BuildLiteBehavior [ RunTime:0.000000s ]
INFO: [ app_init ] --END-- [ RunTime:0.001000s ]
INFO: [ app_begin ] --START--
INFO: Run Behavior\ReadHtmlCacheBehavior [ RunTime:0.002000s ]
INFO: [ app_begin ] --END-- [ RunTime:0.002000s ]
NOTIC: [8] Constant WEB_SITE already defined D:\xampp\htdocs\ule\Application\Home\Controller\CommonController.class.php 第 18 行.
NOTIC: [8] Constant WEB_KEYWORD already defined D:\xampp\htdocs\ule\Application\Home\Controller\CommonController.class.php 第 19 行.
NOTIC: [8] Constant WEB_DESCRIPTION already defined D:\xampp\htdocs\ule\Application\Home\Controller\CommonController.class.php 第 20 行.
INFO: [ view_parse ] --START--
INFO: Run Behavior\ParseTemplateBehavior [ RunTime:0.025001s ]
INFO: [ view_parse ] --END-- [ RunTime:0.025001s ]
INFO: [ view_filter ] --START--
INFO: Run Behavior\WriteHtmlCacheBehavior [ RunTime:0.001000s ]
INFO: [ view_filter ] --END-- [ RunTime:0.001000s ]
SQL: SHOW COLUMNS FROM `ule_ask` [ RunTime:0.0220s ]
SQL: SELECT COUNT(id) AS tp_count FROM `ule_ask` LIMIT 1   [ RunTime:0.0010s ]
SQL: SHOW COLUMNS FROM `ule_ask` [ RunTime:0.0220s ]
SQL: SELECT a.id,a.ask_content,a.ask_title,a.ask_saw,a.ask_answer,m.member_face,m.member_name FROM `ule_ask` `a`,`ule_member` `m` WHERE ( a.ask_user=m.id ) ORDER BY ask_add asc LIMIT 0,20   [ RunTime:0.0020s ]
INFO: [ view_parse ] --START--
INFO: Run Behavior\ParseTemplateBehavior [ RunTime:0.005000s ]
INFO: [ view_parse ] --END-- [ RunTime:-1.081062s ]
INFO: [ view_filter ] --START--
INFO: Run Behavior\WriteHtmlCacheBehavior [ RunTime:0.000000s ]
INFO: [ view_filter ] --END-- [ RunTime:-1.085063s ]
SQL: SHOW COLUMNS FROM `ule_class` [ RunTime:0.0240s ]
SQL: SELECT * FROM `ule_class` WHERE `pid` = 0 LIMIT 5   [ RunTime:0.0020s ]
SQL: SELECT * FROM `ule_class` WHERE ( pid=35 ) LIMIT 5   [ RunTime:0.0020s ]
INFO: [ view_parse ] --START--
INFO: Run Behavior\ParseTemplateBehavior [ RunTime:0.003000s ]
INFO: [ view_parse ] --END-- [ RunTime:-1.122065s ]
INFO: [ view_filter ] --START--
INFO: Run Behavior\WriteHtmlCacheBehavior [ RunTime:0.000000s ]
INFO: [ view_filter ] --END-- [ RunTime:-1.124065s ]
NOTIC: [2] Cannot modify header information - headers already sent by (output started at D:\xampp\htdocs\ule\ThinkPHP\Library\Think\View.class.php:95) D:\xampp\htdocs\ule\ThinkPHP\Library\Think\View.class.php 第 91 行.
NOTIC: [2] Cannot modify header information - headers already sent by (output started at D:\xampp\htdocs\ule\ThinkPHP\Library\Think\View.class.php:95) D:\xampp\htdocs\ule\ThinkPHP\Library\Think\View.class.php 第 92 行.
NOTIC: [2] Cannot modify header information - headers already sent by (output started at D:\xampp\htdocs\ule\ThinkPHP\Library\Think\View.class.php:95) D:\xampp\htdocs\ule\ThinkPHP\Library\Think\View.class.php 第 93 行.
INFO: [ app_end ] --START--
INFO: Run Behavior\ShowPageTraceBehavior [ RunTime:0.002000s ]
INFO: [ app_end ] --END-- [ RunTime:0.003000s ]

[ 2017-04-20T22:54:30+08:00 ] ::1 /ule/Home/ask
INFO: [ app_init ] --START--
INFO: Run Behavior\BuildLiteBehavior [ RunTime:0.000000s ]
INFO: [ app_init ] --END-- [ RunTime:0.001000s ]
INFO: [ app_begin ] --START--
INFO: Run Behavior\ReadHtmlCacheBehavior [ RunTime:0.002000s ]
INFO: [ app_begin ] --END-- [ RunTime:0.003000s ]
NOTIC: [8] Constant WEB_SITE already defined D:\xampp\htdocs\ule\Application\Home\Controller\CommonController.class.php 第 18 行.
NOTIC: [8] Constant WEB_KEYWORD already defined D:\xampp\htdocs\ule\Application\Home\Controller\CommonController.class.php 第 19 行.
NOTIC: [8] Constant WEB_DESCRIPTION already defined D:\xampp\htdocs\ule\Application\Home\Controller\CommonController.class.php 第 20 行.
INFO: [ view_parse ] --START--
INFO: Run Behavior\ParseTemplateBehavior [ RunTime:0.025002s ]
INFO: [ view_parse ] --END-- [ RunTime:0.026002s ]
INFO: [ view_filter ] --START--
INFO: Run Behavior\WriteHtmlCacheBehavior [ RunTime:0.001000s ]
INFO: [ view_filter ] --END-- [ RunTime:0.001000s ]
SQL: SHOW COLUMNS FROM `ule_ask` [ RunTime:0.0220s ]
SQL: SELECT COUNT(id) AS tp_count FROM `ule_ask` LIMIT 1   [ RunTime:0.0010s ]
SQL: SHOW COLUMNS FROM `ule_ask` [ RunTime:0.0230s ]
SQL: SELECT a.id,a.ask_content,a.ask_title,a.ask_saw,a.ask_answer,m.member_face,m.member_name FROM `ule_ask` `a`,`ule_member` `m` WHERE ( a.ask_user=m.id ) ORDER BY ask_add asc LIMIT 0,20   [ RunTime:0.0020s ]
INFO: [ view_parse ] --START--
INFO: Run Behavior\ParseTemplateBehavior [ RunTime:0.005000s ]
INFO: [ view_parse ] --END-- [ RunTime:-1.081062s ]
INFO: [ view_filter ] --START--
INFO: Run Behavior\WriteHtmlCacheBehavior [ RunTime:0.000000s ]
INFO: [ view_filter ] --END-- [ RunTime:-1.085062s ]
SQL: SHOW COLUMNS FROM `ule_class` [ RunTime:0.0240s ]
SQL: SELECT * FROM `ule_class` WHERE `pid` = 0 LIMIT 5   [ RunTime:0.0010s ]
SQL: SELECT * FROM `ule_class` WHERE ( pid=35 ) LIMIT 5   [ RunTime:0.0010s ]
INFO: [ view_parse ] --START--
INFO: Run Behavior\ParseTemplateBehavior [ RunTime:0.002000s ]
INFO: [ view_parse ] --END-- [ RunTime:-1.118064s ]
INFO: [ view_filter ] --START--
INFO: Run Behavior\WriteHtmlCacheBehavior [ RunTime:0.000000s ]
INFO: [ view_filter ] --END-- [ RunTime:-1.121064s ]
NOTIC: [2] Cannot modify header information - headers already sent by (output started at D:\xampp\htdocs\ule\ThinkPHP\Library\Think\View.class.php:95) D:\xampp\htdocs\ule\ThinkPHP\Library\Think\View.class.php 第 91 行.
NOTIC: [2] Cannot modify header information - headers already sent by (output started at D:\xampp\htdocs\ule\ThinkPHP\Library\Think\View.class.php:95) D:\xampp\htdocs\ule\ThinkPHP\Library\Think\View.class.php 第 92 行.
NOTIC: [2] Cannot modify header information - headers already sent by (output started at D:\xampp\htdocs\ule\ThinkPHP\Library\Think\View.class.php:95) D:\xampp\htdocs\ule\ThinkPHP\Library\Think\View.class.php 第 93 行.
INFO: [ app_end ] --START--
INFO: Run Behavior\ShowPageTraceBehavior [ RunTime:0.002000s ]
INFO: [ app_end ] --END-- [ RunTime:0.002000s ]

[ 2017-04-20T22:54:30+08:00 ] ::1 /ule/Home/img/person.jpg
INFO: [ app_init ] --START--
INFO: Run Behavior\BuildLiteBehavior [ RunTime:0.001001s ]
INFO: [ app_init ] --END-- [ RunTime:0.001001s ]

[ 2017-04-20T22:54:30+08:00 ] ::1 /ule/Home/img/pic.jpg
INFO: [ app_init ] --START--
INFO: Run Behavior\BuildLiteBehavior [ RunTime:0.000000s ]
INFO: [ app_init ] --END-- [ RunTime:0.002000s ]

[ 2017-04-20T22:56:47+08:00 ] ::1 /ule/Home/ask
INFO: [ app_init ] --START--
INFO: Run Behavior\BuildLiteBehavior [ RunTime:0.000000s ]
INFO: [ app_init ] --END-- [ RunTime:0.002000s ]
INFO: [ app_begin ] --START--
INFO: Run Behavior\ReadHtmlCacheBehavior [ RunTime:0.003000s ]
INFO: [ app_begin ] --END-- [ RunTime:0.003000s ]
NOTIC: [8] Constant WEB_SITE already defined D:\xampp\htdocs\ule\Application\Home\Controller\CommonController.class.php 第 18 行.
NOTIC: [8] Constant WEB_KEYWORD already defined D:\xampp\htdocs\ule\Application\Home\Controller\CommonController.class.php 第 19 行.
NOTIC: [8] Constant WEB_DESCRIPTION already defined D:\xampp\htdocs\ule\Application\Home\Controller\CommonController.class.php 第 20 行.
INFO: [ view_parse ] --START--
INFO: Run Behavior\ParseTemplateBehavior [ RunTime:0.048003s ]
INFO: [ view_parse ] --END-- [ RunTime:0.048003s ]
INFO: [ view_filter ] --START--
INFO: Run Behavior\WriteHtmlCacheBehavior [ RunTime:0.002000s ]
INFO: [ view_filter ] --END-- [ RunTime:0.002000s ]
SQL: SHOW COLUMNS FROM `ule_ask` [ RunTime:0.0220s ]
SQL: SELECT COUNT(id) AS tp_count FROM `ule_ask` LIMIT 1   [ RunTime:0.0010s ]
SQL: SHOW COLUMNS FROM `ule_ask` [ RunTime:0.0230s ]
SQL: SELECT a.id,a.ask_content,a.ask_title,a.ask_saw,a.ask_answer,a.ask_add,m.member_face,m.member_name FROM `ule_ask` `a`,`ule_member` `m` WHERE ( a.ask_user=m.id ) ORDER BY ask_add asc LIMIT 0,20   [ RunTime:0.0020s ]
INFO: [ view_parse ] --START--
INFO: Run Behavior\ParseTemplateBehavior [ RunTime:0.451026s ]
INFO: [ view_parse ] --END-- [ RunTime:-1.110063s ]
INFO: [ view_filter ] --START--
INFO: Run Behavior\WriteHtmlCacheBehavior [ RunTime:0.000000s ]
INFO: [ view_filter ] --END-- [ RunTime:-1.559089s ]
SQL: SHOW COLUMNS FROM `ule_class` [ RunTime:0.0160s ]
SQL: SELECT * FROM `ule_class` WHERE `pid` = 0 LIMIT 5   [ RunTime:0.0010s ]
SQL: SELECT * FROM `ule_class` WHERE ( pid=35 ) LIMIT 5   [ RunTime:0.0010s ]
INFO: [ view_parse ] --START--
INFO: Run Behavior\ParseTemplateBehavior [ RunTime:0.004001s ]
INFO: [ view_parse ] --END-- [ RunTime:-1.583090s ]
INFO: [ view_filter ] --START--
INFO: Run Behavior\WriteHtmlCacheBehavior [ RunTime:0.000000s ]
INFO: [ view_filter ] --END-- [ RunTime:-1.586091s ]
NOTIC: [2] Cannot modify header information - headers already sent by (output started at D:\xampp\htdocs\ule\ThinkPHP\Library\Think\View.class.php:95) D:\xampp\htdocs\ule\ThinkPHP\Library\Think\View.class.php 第 91 行.
NOTIC: [2] Cannot modify header information - headers already sent by (output started at D:\xampp\htdocs\ule\ThinkPHP\Library\Think\View.class.php:95) D:\xampp\htdocs\ule\ThinkPHP\Library\Think\View.class.php 第 92 行.
NOTIC: [2] Cannot modify header information - headers already sent by (output started at D:\xampp\htdocs\ule\ThinkPHP\Library\Think\View.class.php:95) D:\xampp\htdocs\ule\ThinkPHP\Library\Think\View.class.php 第 93 行.
INFO: [ app_end ] --START--
INFO: Run Behavior\ShowPageTraceBehavior [ RunTime:0.003000s ]
INFO: [ app_end ] --END-- [ RunTime:0.003000s ]

[ 2017-04-20T22:56:47+08:00 ] ::1 /ule/Home/img/person.jpg
INFO: [ app_init ] --START--
INFO: Run Behavior\BuildLiteBehavior [ RunTime:0.000000s ]
INFO: [ app_init ] --END-- [ RunTime:0.001000s ]

[ 2017-04-20T22:56:47+08:00 ] ::1 /ule/Home/img/pic.jpg
INFO: [ app_init ] --START--
INFO: Run Behavior\BuildLiteBehavior [ RunTime:0.000000s ]
INFO: [ app_init ] --END-- [ RunTime:0.001000s ]

[ 2017-04-20T23:00:15+08:00 ] ::1 /ule/Home/ask
INFO: [ app_init ] --START--
INFO: Run Behavior\BuildLiteBehavior [ RunTime:0.000000s ]
INFO: [ app_init ] --END-- [ RunTime:0.001000s ]
INFO: [ app_begin ] --START--
INFO: Run Behavior\ReadHtmlCacheBehavior [ RunTime:0.002000s ]
INFO: [ app_begin ] --END-- [ RunTime:0.002000s ]
NOTIC: [8] Constant WEB_SITE already defined D:\xampp\htdocs\ule\Application\Home\Controller\CommonController.class.php 第 18 行.
NOTIC: [8] Constant WEB_KEYWORD already defined D:\xampp\htdocs\ule\Application\Home\Controller\CommonController.class.php 第 19 行.
NOTIC: [8] Constant WEB_DESCRIPTION already defined D:\xampp\htdocs\ule\Application\Home\Controller\CommonController.class.php 第 20 行.
INFO: [ view_parse ] --START--
INFO: Run Behavior\ParseTemplateBehavior [ RunTime:0.026002s ]
INFO: [ view_parse ] --END-- [ RunTime:0.026002s ]
INFO: [ view_filter ] --START--
INFO: Run Behavior\WriteHtmlCacheBehavior [ RunTime:0.001000s ]
INFO: [ view_filter ] --END-- [ RunTime:0.001000s ]
SQL: SHOW COLUMNS FROM `ule_ask` [ RunTime:0.0240s ]
SQL: SELECT COUNT(id) AS tp_count FROM `ule_ask` LIMIT 1   [ RunTime:0.0010s ]
SQL: SHOW COLUMNS FROM `ule_ask` [ RunTime:0.0240s ]
SQL: SELECT a.id,a.ask_content,a.ask_title,a.ask_saw,a.ask_answer,a.ask_add,m.member_face,m.member_name FROM `ule_ask` `a`,`ule_member` `m` WHERE ( a.ask_user=m.id ) ORDER BY ask_add asc LIMIT 0,20   [ RunTime:0.0020s ]
INFO: [ view_parse ] --START--
INFO: Run Behavior\ParseTemplateBehavior [ RunTime:0.005000s ]
INFO: [ view_parse ] --END-- [ RunTime:-1.086062s ]
INFO: [ view_filter ] --START--
INFO: Run Behavior\WriteHtmlCacheBehavior [ RunTime:0.000000s ]
INFO: [ view_filter ] --END-- [ RunTime:-1.090062s ]
SQL: SHOW COLUMNS FROM `ule_class` [ RunTime:0.0250s ]
SQL: SELECT * FROM `ule_class` WHERE `pid` = 0 LIMIT 5   [ RunTime:0.0020s ]
SQL: SELECT * FROM `ule_class` WHERE ( pid=35 ) LIMIT 5   [ RunTime:0.0020s ]
INFO: [ view_parse ] --START--
INFO: Run Behavior\ParseTemplateBehavior [ RunTime:0.003001s ]
INFO: [ view_parse ] --END-- [ RunTime:-1.126064s ]
INFO: [ view_filter ] --START--
INFO: Run Behavior\WriteHtmlCacheBehavior [ RunTime:0.000000s ]
INFO: [ view_filter ] --END-- [ RunTime:-1.130065s ]
NOTIC: [2] Cannot modify header information - headers already sent by (output started at D:\xampp\htdocs\ule\ThinkPHP\Library\Think\View.class.php:95) D:\xampp\htdocs\ule\ThinkPHP\Library\Think\View.class.php 第 91 行.
NOTIC: [2] Cannot modify header information - headers already sent by (output started at D:\xampp\htdocs\ule\ThinkPHP\Library\Think\View.class.php:95) D:\xampp\htdocs\ule\ThinkPHP\Library\Think\View.class.php 第 92 行.
NOTIC: [2] Cannot modify header information - headers already sent by (output started at D:\xampp\htdocs\ule\ThinkPHP\Library\Think\View.class.php:95) D:\xampp\htdocs\ule\ThinkPHP\Library\Think\View.class.php 第 93 行.
INFO: [ app_end ] --START--
INFO: Run Behavior\ShowPageTraceBehavior [ RunTime:0.002000s ]
INFO: [ app_end ] --END-- [ RunTime:0.003000s ]

[ 2017-04-20T23:00:15+08:00 ] ::1 /ule/Home/img/person.jpg
INFO: [ app_init ] --START--
INFO: Run Behavior\BuildLiteBehavior [ RunTime:0.000000s ]
INFO: [ app_init ] --END-- [ RunTime:0.001000s ]

[ 2017-04-20T23:00:15+08:00 ] ::1 /ule/Home/img/pic.jpg
INFO: [ app_init ] --START--
INFO: Run Behavior\BuildLiteBehavior [ RunTime:0.000000s ]
INFO: [ app_init ] --END-- [ RunTime:0.001000s ]

[ 2017-04-20T23:00:15+08:00 ] ::1 /ule/Home/img/person.jpg
INFO: [ app_init ] --START--
INFO: Run Behavior\BuildLiteBehavior [ RunTime:0.001000s ]
INFO: [ app_init ] --END-- [ RunTime:0.002000s ]

[ 2017-04-20T23:00:15+08:00 ] ::1 /ule/Home/img/pic.jpg
INFO: [ app_init ] --START--
INFO: Run Behavior\BuildLiteBehavior [ RunTime:0.001000s ]
INFO: [ app_init ] --END-- [ RunTime:0.003001s ]

[ 2017-04-20T23:00:43+08:00 ] ::1 /ule/Home/ask
INFO: [ app_init ] --START--
INFO: Run Behavior\BuildLiteBehavior [ RunTime:0.000000s ]
INFO: [ app_init ] --END-- [ RunTime:0.002000s ]
INFO: [ app_begin ] --START--
INFO: Run Behavior\ReadHtmlCacheBehavior [ RunTime:0.001000s ]
INFO: [ app_begin ] --END-- [ RunTime:0.002000s ]
NOTIC: [8] Constant WEB_SITE already defined D:\xampp\htdocs\ule\Application\Home\Controller\CommonController.class.php 第 18 行.
NOTIC: [8] Constant WEB_KEYWORD already defined D:\xampp\htdocs\ule\Application\Home\Controller\CommonController.class.php 第 19 行.
NOTIC: [8] Constant WEB_DESCRIPTION already defined D:\xampp\htdocs\ule\Application\Home\Controller\CommonController.class.php 第 20 行.
INFO: [ view_parse ] --START--
INFO: Run Behavior\ParseTemplateBehavior [ RunTime:0.024001s ]
INFO: [ view_parse ] --END-- [ RunTime:0.024001s ]
INFO: [ view_filter ] --START--
INFO: Run Behavior\WriteHtmlCacheBehavior [ RunTime:0.001000s ]
INFO: [ view_filter ] --END-- [ RunTime:0.001000s ]
SQL: SHOW COLUMNS FROM `ule_ask` [ RunTime:0.0240s ]
SQL: SELECT COUNT(id) AS tp_count FROM `ule_ask` LIMIT 1   [ RunTime:0.0010s ]
SQL: SHOW COLUMNS FROM `ule_ask` [ RunTime:0.0230s ]
SQL: SELECT a.id,a.ask_content,a.ask_title,a.ask_saw,a.ask_answer,a.ask_add,m.member_face,m.member_name FROM `ule_ask` `a`,`ule_member` `m` WHERE ( a.ask_user=m.id ) ORDER BY ask_add asc LIMIT 0,20   [ RunTime:0.0020s ]
INFO: [ view_parse ] --START--
INFO: Run Behavior\ParseTemplateBehavior [ RunTime:0.005000s ]
INFO: [ view_parse ] --END-- [ RunTime:-1.094063s ]
INFO: [ view_filter ] --START--
INFO: Run Behavior\WriteHtmlCacheBehavior [ RunTime:0.000000s ]
INFO: [ view_filter ] --END-- [ RunTime:-1.098063s ]
SQL: SHOW COLUMNS FROM `ule_class` [ RunTime:0.0250s ]
SQL: SELECT * FROM `ule_class` WHERE `pid` = 0 LIMIT 5   [ RunTime:0.0010s ]
SQL: SELECT * FROM `ule_class` WHERE ( pid=35 ) LIMIT 5   [ RunTime:0.0010s ]
INFO: [ view_parse ] --START--
INFO: Run Behavior\ParseTemplateBehavior [ RunTime:0.004000s ]
INFO: [ view_parse ] --END-- [ RunTime:-1.134065s ]
INFO: [ view_filter ] --START--
INFO: Run Behavior\WriteHtmlCacheBehavior [ RunTime:0.000000s ]
INFO: [ view_filter ] --END-- [ RunTime:-1.137065s ]
NOTIC: [2] Cannot modify header information - headers already sent by (output started at D:\xampp\htdocs\ule\ThinkPHP\Library\Think\View.class.php:95) D:\xampp\htdocs\ule\ThinkPHP\Library\Think\View.class.php 第 91 行.
NOTIC: [2] Cannot modify header information - headers already sent by (output started at D:\xampp\htdocs\ule\ThinkPHP\Library\Think\View.class.php:95) D:\xampp\htdocs\ule\ThinkPHP\Library\Think\View.class.php 第 92 行.
NOTIC: [2] Cannot modify header information - headers already sent by (output started at D:\xampp\htdocs\ule\ThinkPHP\Library\Think\View.class.php:95) D:\xampp\htdocs\ule\ThinkPHP\Library\Think\View.class.php 第 93 行.
INFO: [ app_end ] --START--
INFO: Run Behavior\ShowPageTraceBehavior [ RunTime:0.002000s ]
INFO: [ app_end ] --END-- [ RunTime:0.002000s ]

[ 2017-04-20T23:00:43+08:00 ] ::1 /ule/Home/img/person.jpg
INFO: [ app_init ] --START--
INFO: Run Behavior\BuildLiteBehavior [ RunTime:0.000000s ]
INFO: [ app_init ] --END-- [ RunTime:0.001000s ]

[ 2017-04-20T23:00:53+08:00 ] ::1 /ule/Home/ask
INFO: [ app_init ] --START--
INFO: Run Behavior\BuildLiteBehavior [ RunTime:0.000000s ]
INFO: [ app_init ] --END-- [ RunTime:0.002000s ]
INFO: [ app_begin ] --START--
INFO: Run Behavior\ReadHtmlCacheBehavior [ RunTime:0.002000s ]
INFO: [ app_begin ] --END-- [ RunTime:0.003000s ]
NOTIC: [8] Constant WEB_SITE already defined D:\xampp\htdocs\ule\Application\Home\Controller\CommonController.class.php 第 18 行.
NOTIC: [8] Constant WEB_KEYWORD already defined D:\xampp\htdocs\ule\Application\Home\Controller\CommonController.class.php 第 19 行.
NOTIC: [8] Constant WEB_DESCRIPTION already defined D:\xampp\htdocs\ule\Application\Home\Controller\CommonController.class.php 第 20 行.
INFO: [ view_parse ] --START--
INFO: Run Behavior\ParseTemplateBehavior [ RunTime:0.044003s ]
INFO: [ view_parse ] --END-- [ RunTime:0.044003s ]
INFO: [ view_filter ] --START--
INFO: Run Behavior\WriteHtmlCacheBehavior [ RunTime:0.001000s ]
INFO: [ view_filter ] --END-- [ RunTime:0.002000s ]
SQL: SHOW COLUMNS FROM `ule_ask` [ RunTime:0.0250s ]
SQL: SELECT COUNT(id) AS tp_count FROM `ule_ask` LIMIT 1   [ RunTime:0.0010s ]
SQL: SHOW COLUMNS FROM `ule_ask` [ RunTime:0.0240s ]
SQL: SELECT a.id,a.ask_content,a.ask_title,a.ask_saw,a.ask_answer,a.ask_add,m.member_face,m.member_name FROM `ule_ask` `a`,`ule_member` `m` WHERE ( a.ask_user=m.id ) ORDER BY ask_add asc LIMIT 0,20   [ RunTime:0.0010s ]
INFO: [ view_parse ] --START--
INFO: Run Behavior\ParseTemplateBehavior [ RunTime:0.006000s ]
INFO: [ view_parse ] --END-- [ RunTime:-1.099063s ]
INFO: [ view_filter ] --START--
INFO: Run Behavior\WriteHtmlCacheBehavior [ RunTime:0.000000s ]
INFO: [ view_filter ] --END-- [ RunTime:-1.103063s ]
SQL: SHOW COLUMNS FROM `ule_class` [ RunTime:0.0260s ]
SQL: SELECT * FROM `ule_class` WHERE `pid` = 0 LIMIT 5   [ RunTime:0.0010s ]
SQL: SELECT * FROM `ule_class` WHERE ( pid=35 ) LIMIT 5   [ RunTime:0.0010s ]
INFO: [ view_parse ] --START--
INFO: Run Behavior\ParseTemplateBehavior [ RunTime:0.003000s ]
INFO: [ view_parse ] --END-- [ RunTime:-1.138065s ]
INFO: [ view_filter ] --START--
INFO: Run Behavior\WriteHtmlCacheBehavior [ RunTime:0.000000s ]
INFO: [ view_filter ] --END-- [ RunTime:-1.139065s ]
NOTIC: [2] Cannot modify header information - headers already sent by (output started at D:\xampp\htdocs\ule\ThinkPHP\Library\Think\View.class.php:95) D:\xampp\htdocs\ule\ThinkPHP\Library\Think\View.class.php 第 91 行.
NOTIC: [2] Cannot modify header information - headers already sent by (output started at D:\xampp\htdocs\ule\ThinkPHP\Library\Think\View.class.php:95) D:\xampp\htdocs\ule\ThinkPHP\Library\Think\View.class.php 第 92 行.
NOTIC: [2] Cannot modify header information - headers already sent by (output started at D:\xampp\htdocs\ule\ThinkPHP\Library\Think\View.class.php:95) D:\xampp\htdocs\ule\ThinkPHP\Library\Think\View.class.php 第 93 行.
INFO: [ app_end ] --START--
INFO: Run Behavior\ShowPageTraceBehavior [ RunTime:0.002000s ]
INFO: [ app_end ] --END-- [ RunTime:0.003000s ]

[ 2017-04-20T23:00:53+08:00 ] ::1 /ule/Home/img/pic.jpg
INFO: [ app_init ] --START--
INFO: Run Behavior\BuildLiteBehavior [ RunTime:0.000000s ]
INFO: [ app_init ] --END-- [ RunTime:0.001000s ]

[ 2017-04-20T23:00:53+08:00 ] ::1 /ule/Home/img/person.jpg
INFO: [ app_init ] --START--
INFO: Run Behavior\BuildLiteBehavior [ RunTime:0.000000s ]
INFO: [ app_init ] --END-- [ RunTime:0.002000s ]

[ 2017-04-20T23:01:03+08:00 ] ::1 /ule/Home/ask
INFO: [ app_init ] --START--
INFO: Run Behavior\BuildLiteBehavior [ RunTime:0.001000s ]
INFO: [ app_init ] --END-- [ RunTime:0.002000s ]
INFO: [ app_begin ] --START--
INFO: Run Behavior\ReadHtmlCacheBehavior [ RunTime:0.002000s ]
INFO: [ app_begin ] --END-- [ RunTime:0.003000s ]
NOTIC: [8] Constant WEB_SITE already defined D:\xampp\htdocs\ule\Application\Home\Controller\CommonController.class.php 第 18 行.
NOTIC: [8] Constant WEB_KEYWORD already defined D:\xampp\htdocs\ule\Application\Home\Controller\CommonController.class.php 第 19 行.
NOTIC: [8] Constant WEB_DESCRIPTION already defined D:\xampp\htdocs\ule\Application\Home\Controller\CommonController.class.php 第 20 行.
INFO: [ view_parse ] --START--
INFO: Run Behavior\ParseTemplateBehavior [ RunTime:0.039002s ]
INFO: [ view_parse ] --END-- [ RunTime:0.039002s ]
INFO: [ view_filter ] --START--
INFO: Run Behavior\WriteHtmlCacheBehavior [ RunTime:0.001000s ]
INFO: [ view_filter ] --END-- [ RunTime:0.002000s ]
SQL: SHOW COLUMNS FROM `ule_ask` [ RunTime:0.0240s ]
SQL: SELECT COUNT(id) AS tp_count FROM `ule_ask` LIMIT 1   [ RunTime:0.0010s ]
SQL: SHOW COLUMNS FROM `ule_ask` [ RunTime:0.0240s ]
SQL: SELECT a.id,a.ask_content,a.ask_title,a.ask_saw,a.ask_answer,a.ask_add,m.member_face,m.member_name FROM `ule_ask` `a`,`ule_member` `m` WHERE ( a.ask_user=m.id ) ORDER BY ask_add asc LIMIT 0,20   [ RunTime:0.0020s ]
INFO: [ view_parse ] --START--
INFO: Run Behavior\ParseTemplateBehavior [ RunTime:0.005001s ]
INFO: [ view_parse ] --END-- [ RunTime:-1.109063s ]
INFO: [ view_filter ] --START--
INFO: Run Behavior\WriteHtmlCacheBehavior [ RunTime:0.000000s ]
INFO: [ view_filter ] --END-- [ RunTime:-1.113064s ]
SQL: SHOW COLUMNS FROM `ule_class` [ RunTime:0.0270s ]
SQL: SELECT * FROM `ule_class` WHERE `pid` = 0 LIMIT 5   [ RunTime:0.0010s ]
SQL: SELECT * FROM `ule_class` WHERE ( pid=35 ) LIMIT 5   [ RunTime:0.0010s ]
INFO: [ view_parse ] --START--
INFO: Run Behavior\ParseTemplateBehavior [ RunTime:0.005000s ]
INFO: [ view_parse ] --END-- [ RunTime:-1.151066s ]
INFO: [ view_filter ] --START--
INFO: Run Behavior\WriteHtmlCacheBehavior [ RunTime:0.000000s ]
INFO: [ view_filter ] --END-- [ RunTime:-1.155066s ]
NOTIC: [2] Cannot modify header information - headers already sent by (output started at D:\xampp\htdocs\ule\ThinkPHP\Library\Think\View.class.php:95) D:\xampp\htdocs\ule\ThinkPHP\Library\Think\View.class.php 第 91 行.
NOTIC: [2] Cannot modify header information - headers already sent by (output started at D:\xampp\htdocs\ule\ThinkPHP\Library\Think\View.class.php:95) D:\xampp\htdocs\ule\ThinkPHP\Library\Think\View.class.php 第 92 行.
NOTIC: [2] Cannot modify header information - headers already sent by (output started at D:\xampp\htdocs\ule\ThinkPHP\Library\Think\View.class.php:95) D:\xampp\htdocs\ule\ThinkPHP\Library\Think\View.class.php 第 93 行.
INFO: [ app_end ] --START--
INFO: Run Behavior\ShowPageTraceBehavior [ RunTime:0.003000s ]
INFO: [ app_end ] --END-- [ RunTime:0.004000s ]

[ 2017-04-20T23:01:03+08:00 ] ::1 /ule/Home/img/person.jpg
INFO: [ app_init ] --START--
INFO: Run Behavior\BuildLiteBehavior [ RunTime:0.000000s ]
INFO: [ app_init ] --END-- [ RunTime:0.002001s ]

[ 2017-04-20T23:01:03+08:00 ] ::1 /ule/Home/img/pic.jpg
INFO: [ app_init ] --START--
INFO: Run Behavior\BuildLiteBehavior [ RunTime:0.001000s ]
INFO: [ app_init ] --END-- [ RunTime:0.002000s ]

