[ 2017-04-01T15:21:26+08:00 ] 127.0.0.1 /ule/
INFO: [ app_init ] --START--
INFO: Run Behavior\BuildLiteBehavior [ RunTime:0.000041s ]
INFO: [ app_init ] --END-- [ RunTime:0.008053s ]
INFO: [ app_begin ] --START--
INFO: Run Behavior\ReadHtmlCacheBehavior [ RunTime:0.001287s ]
INFO: [ app_begin ] --END-- [ RunTime:0.001455s ]
INFO: [ view_parse ] --START--
INFO: Run Behavior\ParseTemplateBehavior [ RunTime:0.037432s ]
INFO: [ view_parse ] --END-- [ RunTime:0.037542s ]
INFO: [ view_filter ] --START--
INFO: Run Behavior\WriteHtmlCacheBehavior [ RunTime:0.000897s ]
INFO: [ view_filter ] --END-- [ RunTime:0.000985s ]
INFO: [ view_parse ] --START--
INFO: Run Behavior\ParseTemplateBehavior [ RunTime:0.007478s ]
INFO: [ view_parse ] --END-- [ RunTime:-0.001391s ]
INFO: [ view_filter ] --START--
INFO: Run Behavior\WriteHtmlCacheBehavior [ RunTime:0.000020s ]
INFO: [ view_filter ] --END-- [ RunTime:-0.007981s ]
SQL: SHOW COLUMNS FROM `sto_class` [ RunTime:0.0393s ]
SQL: SELECT * FROM `sto_class` WHERE `pid` = 0 LIMIT 5   [ RunTime:0.0135s ]
SQL: SELECT * FROM `sto_class` WHERE ( pid=4 ) LIMIT 5   [ RunTime:0.0003s ]
SQL: SELECT * FROM `sto_class` WHERE ( pid=24 ) LIMIT 5   [ RunTime:0.0003s ]
SQL: SELECT * FROM `sto_class` WHERE ( pid=9 ) LIMIT 5   [ RunTime:0.0003s ]
SQL: SELECT * FROM `sto_class` WHERE ( pid=15 ) LIMIT 5   [ RunTime:0.0003s ]
SQL: SELECT * FROM `sto_class` WHERE ( pid=19 ) LIMIT 5   [ RunTime:0.0004s ]
INFO: [ view_parse ] --START--
INFO: Run Behavior\ParseTemplateBehavior [ RunTime:0.001507s ]
INFO: [ view_parse ] --END-- [ RunTime:-0.132784s ]
INFO: [ view_filter ] --START--
INFO: Run Behavior\WriteHtmlCacheBehavior [ RunTime:0.000063s ]
INFO: [ view_filter ] --END-- [ RunTime:-0.133405s ]
INFO: [ app_end ] --START--
INFO: Run Behavior\ShowPageTraceBehavior [ RunTime:0.001238s ]
INFO: [ app_end ] --END-- [ RunTime:0.001336s ]

[ 2017-04-01T15:21:59+08:00 ] 127.0.0.1 /ule/
INFO: [ app_init ] --START--
INFO: Run Behavior\BuildLiteBehavior [ RunTime:0.000033s ]
INFO: [ app_init ] --END-- [ RunTime:0.000752s ]
INFO: [ app_begin ] --START--
INFO: Run Behavior\ReadHtmlCacheBehavior [ RunTime:0.000822s ]
INFO: [ app_begin ] --END-- [ RunTime:0.000980s ]
INFO: [ view_parse ] --START--
INFO: Run Behavior\ParseTemplateBehavior [ RunTime:0.012650s ]
INFO: [ view_parse ] --END-- [ RunTime:0.012770s ]
INFO: [ view_filter ] --START--
INFO: Run Behavior\WriteHtmlCacheBehavior [ RunTime:0.000397s ]
INFO: [ view_filter ] --END-- [ RunTime:0.000463s ]
INFO: [ view_parse ] --START--
INFO: Run Behavior\ParseTemplateBehavior [ RunTime:0.000975s ]
INFO: [ view_parse ] --END-- [ RunTime:-0.000751s ]
INFO: [ view_filter ] --START--
INFO: Run Behavior\WriteHtmlCacheBehavior [ RunTime:0.000015s ]
INFO: [ view_filter ] --END-- [ RunTime:-0.001335s ]
SQL: SHOW COLUMNS FROM `sto_class` [ RunTime:0.0052s ]
SQL: SELECT * FROM `sto_class` WHERE `pid` = 0 LIMIT 5   [ RunTime:0.0004s ]
SQL: SELECT * FROM `sto_class` WHERE ( pid=4 ) LIMIT 5   [ RunTime:0.0003s ]
SQL: SELECT * FROM `sto_class` WHERE ( pid=24 ) LIMIT 5   [ RunTime:0.0004s ]
SQL: SELECT * FROM `sto_class` WHERE ( pid=9 ) LIMIT 5   [ RunTime:0.0004s ]
SQL: SELECT * FROM `sto_class` WHERE ( pid=15 ) LIMIT 5   [ RunTime:0.0004s ]
SQL: SELECT * FROM `sto_class` WHERE ( pid=19 ) LIMIT 5   [ RunTime:0.0003s ]
INFO: [ view_parse ] --START--
INFO: Run Behavior\ParseTemplateBehavior [ RunTime:0.000913s ]
INFO: [ view_parse ] --END-- [ RunTime:-0.029379s ]
INFO: [ view_filter ] --START--
INFO: Run Behavior\WriteHtmlCacheBehavior [ RunTime:0.000017s ]
INFO: [ view_filter ] --END-- [ RunTime:-0.029905s ]
INFO: [ app_end ] --START--
INFO: Run Behavior\ShowPageTraceBehavior [ RunTime:0.000529s ]
INFO: [ app_end ] --END-- [ RunTime:0.000597s ]

