[ 2017-04-02T13:11:37+08:00 ] ::1 /ule/
INFO: [ app_init ] --START--
INFO: Run Behavior\BuildLiteBehavior [ RunTime:0.000000s ]
INFO: [ app_init ] --END-- [ RunTime:0.002000s ]
INFO: [ app_begin ] --START--
INFO: Run Behavior\ReadHtmlCacheBehavior [ RunTime:0.003001s ]
INFO: [ app_begin ] --END-- [ RunTime:0.004001s ]
INFO: [ view_parse ] --START--
INFO: Run Behavior\ParseTemplateBehavior [ RunTime:0.218012s ]
INFO: [ view_parse ] --END-- [ RunTime:0.218012s ]
INFO: [ view_filter ] --START--
INFO: Run Behavior\WriteHtmlCacheBehavior [ RunTime:0.002000s ]
INFO: [ view_filter ] --END-- [ RunTime:0.002000s ]
INFO: [ view_parse ] --START--
INFO: Run Behavior\ParseTemplateBehavior [ RunTime:0.600035s ]
INFO: [ view_parse ] --END-- [ RunTime:-0.003000s ]
INFO: [ view_filter ] --START--
INFO: Run Behavior\WriteHtmlCacheBehavior [ RunTime:0.000000s ]
INFO: [ view_filter ] --END-- [ RunTime:-0.601035s ]
ERR: SQLSTATE[28000] [1045] Access denied for user 'root'@'localhost' (using password: NO)
NOTIC: [2] Cannot modify header information - headers already sent by (output started at D:\xampp\htdocs\ule\ThinkPHP\Library\Think\View.class.php:95) D:\xampp\htdocs\ule\ThinkPHP\Library\Think\Think.class.php 第 229 行.
NOTIC: [2] Cannot modify header information - headers already sent by (output started at D:\xampp\htdocs\ule\ThinkPHP\Library\Think\View.class.php:95) D:\xampp\htdocs\ule\ThinkPHP\Library\Think\Think.class.php 第 230 行.

[ 2017-04-02T13:12:18+08:00 ] ::1 /ule/
INFO: [ app_init ] --START--
INFO: Run Behavior\BuildLiteBehavior [ RunTime:0.000000s ]
INFO: [ app_init ] --END-- [ RunTime:0.001000s ]
INFO: [ app_begin ] --START--
INFO: Run Behavior\ReadHtmlCacheBehavior [ RunTime:0.002000s ]
INFO: [ app_begin ] --END-- [ RunTime:0.002000s ]
INFO: [ view_parse ] --START--
INFO: Run Behavior\ParseTemplateBehavior [ RunTime:0.028002s ]
INFO: [ view_parse ] --END-- [ RunTime:0.029002s ]
INFO: [ view_filter ] --START--
INFO: Run Behavior\WriteHtmlCacheBehavior [ RunTime:0.001000s ]
INFO: [ view_filter ] --END-- [ RunTime:0.001000s ]
INFO: [ view_parse ] --START--
INFO: Run Behavior\ParseTemplateBehavior [ RunTime:0.004000s ]
INFO: [ view_parse ] --END-- [ RunTime:-0.002000s ]
INFO: [ view_filter ] --START--
INFO: Run Behavior\WriteHtmlCacheBehavior [ RunTime:0.000000s ]
INFO: [ view_filter ] --END-- [ RunTime:-0.005000s ]
SQL: SHOW COLUMNS FROM `sto_class` [ RunTime:0.0170s ]
SQL: SELECT * FROM `sto_class` WHERE `pid` = 0 LIMIT 5   [ RunTime:0.0020s ]
SQL: SELECT * FROM `sto_class` WHERE ( pid=4 ) LIMIT 5   [ RunTime:0.0010s ]
SQL: SELECT * FROM `sto_class` WHERE ( pid=24 ) LIMIT 5   [ RunTime:0.0010s ]
SQL: SELECT * FROM `sto_class` WHERE ( pid=9 ) LIMIT 5   [ RunTime:0.0020s ]
SQL: SELECT * FROM `sto_class` WHERE ( pid=15 ) LIMIT 5   [ RunTime:0.0010s ]
SQL: SELECT * FROM `sto_class` WHERE ( pid=19 ) LIMIT 5   [ RunTime:0.0010s ]
INFO: [ view_parse ] --START--
INFO: Run Behavior\ParseTemplateBehavior [ RunTime:0.098006s ]
INFO: [ view_parse ] --END-- [ RunTime:-1.072061s ]
INFO: [ view_filter ] --START--
INFO: Run Behavior\WriteHtmlCacheBehavior [ RunTime:0.000000s ]
INFO: [ view_filter ] --END-- [ RunTime:-1.170067s ]
NOTIC: [2] Cannot modify header information - headers already sent by (output started at D:\xampp\htdocs\ule\ThinkPHP\Library\Think\View.class.php:95) D:\xampp\htdocs\ule\ThinkPHP\Library\Think\View.class.php 第 91 行.
NOTIC: [2] Cannot modify header information - headers already sent by (output started at D:\xampp\htdocs\ule\ThinkPHP\Library\Think\View.class.php:95) D:\xampp\htdocs\ule\ThinkPHP\Library\Think\View.class.php 第 92 行.
NOTIC: [2] Cannot modify header information - headers already sent by (output started at D:\xampp\htdocs\ule\ThinkPHP\Library\Think\View.class.php:95) D:\xampp\htdocs\ule\ThinkPHP\Library\Think\View.class.php 第 93 行.
INFO: [ app_end ] --START--
INFO: Run Behavior\ShowPageTraceBehavior [ RunTime:0.003000s ]
INFO: [ app_end ] --END-- [ RunTime:0.003000s ]

