[ 2017-04-12T21:08:30+08:00 ] ::1 /ule/Home/Help/PageHelp.html
INFO: [ app_init ] --START--
INFO: Run Behavior\BuildLiteBehavior [ RunTime:0.000000s ]
INFO: [ app_init ] --END-- [ RunTime:0.002500s ]
INFO: [ app_begin ] --START--
INFO: Run Behavior\ReadHtmlCacheBehavior [ RunTime:0.002500s ]
INFO: [ app_begin ] --END-- [ RunTime:0.002500s ]
SQL: SHOW COLUMNS FROM `sto_page` [ RunTime:0.0156s ]
SQL: SELECT * FROM `sto_page` WHERE ( uid=37 ) LIMIT 1   [ RunTime:0.0000s ]

[ 2017-04-12T21:08:31+08:00 ] ::1 /ule/Home/Help/PageHelp.html
INFO: [ app_init ] --START--
INFO: Run Behavior\BuildLiteBehavior [ RunTime:0.000000s ]
INFO: [ app_init ] --END-- [ RunTime:0.000000s ]
INFO: [ app_begin ] --START--
INFO: Run Behavior\ReadHtmlCacheBehavior [ RunTime:0.000000s ]
INFO: [ app_begin ] --END-- [ RunTime:0.000000s ]
SQL: SHOW COLUMNS FROM `sto_page` [ RunTime:0.0225s ]
SQL: SELECT * FROM `sto_page` WHERE ( uid=36 ) LIMIT 1   [ RunTime:0.0000s ]

[ 2017-04-12T21:08:32+08:00 ] ::1 /ule/Home/Help/PageHelp.html
INFO: [ app_init ] --START--
INFO: Run Behavior\BuildLiteBehavior [ RunTime:0.000000s ]
INFO: [ app_init ] --END-- [ RunTime:0.000000s ]
INFO: [ app_begin ] --START--
INFO: Run Behavior\ReadHtmlCacheBehavior [ RunTime:0.002500s ]
INFO: [ app_begin ] --END-- [ RunTime:0.002500s ]
SQL: SHOW COLUMNS FROM `sto_page` [ RunTime:0.0156s ]
SQL: SELECT * FROM `sto_page` WHERE ( uid=37 ) LIMIT 1   [ RunTime:0.0000s ]

[ 2017-04-12T21:08:33+08:00 ] ::1 /ule/Home/Help/PageHelp.html
INFO: [ app_init ] --START--
INFO: Run Behavior\BuildLiteBehavior [ RunTime:0.000000s ]
INFO: [ app_init ] --END-- [ RunTime:0.000000s ]
INFO: [ app_begin ] --START--
INFO: Run Behavior\ReadHtmlCacheBehavior [ RunTime:0.002500s ]
INFO: [ app_begin ] --END-- [ RunTime:0.002500s ]
SQL: SHOW COLUMNS FROM `sto_page` [ RunTime:0.0000s ]
SQL: SELECT * FROM `sto_page` WHERE ( uid=38 ) LIMIT 1   [ RunTime:0.0156s ]

[ 2017-04-12T21:08:34+08:00 ] ::1 /ule/Home/Help/PageHelp.html
INFO: [ app_init ] --START--
INFO: Run Behavior\BuildLiteBehavior [ RunTime:0.000000s ]
INFO: [ app_init ] --END-- [ RunTime:0.000000s ]
INFO: [ app_begin ] --START--
INFO: Run Behavior\ReadHtmlCacheBehavior [ RunTime:0.000000s ]
INFO: [ app_begin ] --END-- [ RunTime:0.000000s ]
SQL: SHOW COLUMNS FROM `sto_page` [ RunTime:0.0156s ]
SQL: SELECT * FROM `sto_page` WHERE ( uid=37 ) LIMIT 1   [ RunTime:0.0000s ]

[ 2017-04-12T21:08:35+08:00 ] ::1 /ule/Home/Help/PageHelp.html
INFO: [ app_init ] --START--
INFO: Run Behavior\BuildLiteBehavior [ RunTime:0.000000s ]
INFO: [ app_init ] --END-- [ RunTime:0.000000s ]
INFO: [ app_begin ] --START--
INFO: Run Behavior\ReadHtmlCacheBehavior [ RunTime:0.000000s ]
INFO: [ app_begin ] --END-- [ RunTime:0.000000s ]
SQL: SHOW COLUMNS FROM `sto_page` [ RunTime:0.0156s ]
SQL: SELECT * FROM `sto_page` WHERE ( uid=36 ) LIMIT 1   [ RunTime:0.0000s ]

[ 2017-04-12T21:08:37+08:00 ] ::1 /ule/Home/Help/PageHelp.html
INFO: [ app_init ] --START--
INFO: Run Behavior\BuildLiteBehavior [ RunTime:0.000000s ]
INFO: [ app_init ] --END-- [ RunTime:0.002500s ]
INFO: [ app_begin ] --START--
INFO: Run Behavior\ReadHtmlCacheBehavior [ RunTime:0.000000s ]
INFO: [ app_begin ] --END-- [ RunTime:0.000000s ]
SQL: SHOW COLUMNS FROM `sto_page` [ RunTime:0.0156s ]
SQL: SELECT * FROM `sto_page` WHERE ( uid=37 ) LIMIT 1   [ RunTime:0.0000s ]

[ 2017-04-12T21:08:38+08:00 ] ::1 /ule/Home/Help/PageHelp.html
INFO: [ app_init ] --START--
INFO: Run Behavior\BuildLiteBehavior [ RunTime:0.000000s ]
INFO: [ app_init ] --END-- [ RunTime:0.000000s ]
INFO: [ app_begin ] --START--
INFO: Run Behavior\ReadHtmlCacheBehavior [ RunTime:0.000000s ]
INFO: [ app_begin ] --END-- [ RunTime:0.002500s ]
SQL: SHOW COLUMNS FROM `sto_page` [ RunTime:0.0000s ]
SQL: SELECT * FROM `sto_page` WHERE ( uid=36 ) LIMIT 1   [ RunTime:0.0156s ]

[ 2017-04-12T21:08:39+08:00 ] ::1 /ule/Home/Help/PageHelp.html
INFO: [ app_init ] --START--
INFO: Run Behavior\BuildLiteBehavior [ RunTime:0.000000s ]
INFO: [ app_init ] --END-- [ RunTime:0.000000s ]
INFO: [ app_begin ] --START--
INFO: Run Behavior\ReadHtmlCacheBehavior [ RunTime:0.002500s ]
INFO: [ app_begin ] --END-- [ RunTime:0.002500s ]
SQL: SHOW COLUMNS FROM `sto_page` [ RunTime:0.0156s ]
SQL: SELECT * FROM `sto_page` WHERE ( uid=37 ) LIMIT 1   [ RunTime:0.0000s ]

[ 2017-04-12T21:09:45+08:00 ] ::1 /ule/Home/Help/index.html
INFO: [ app_init ] --START--
INFO: Run Behavior\BuildLiteBehavior [ RunTime:0.000000s ]
INFO: [ app_init ] --END-- [ RunTime:0.002500s ]
INFO: [ app_begin ] --START--
INFO: Run Behavior\ReadHtmlCacheBehavior [ RunTime:0.002500s ]
INFO: [ app_begin ] --END-- [ RunTime:0.002500s ]
NOTIC: [8] Constant WEB_SITE already defined D:\xampp\htdocs\ule\Application\Home\Controller\CommonController.class.php 第 18 行.
NOTIC: [8] Constant WEB_KEYWORD already defined D:\xampp\htdocs\ule\Application\Home\Controller\CommonController.class.php 第 19 行.
NOTIC: [8] Constant WEB_DESCRIPTION already defined D:\xampp\htdocs\ule\Application\Home\Controller\CommonController.class.php 第 20 行.
NOTIC: [2] Missing argument 3 for Home\Controller\IndexController::header(), called in D:\xampp\htdocs\ule\Application\Home\Controller\HelpController.class.php on line 11 and defined D:\xampp\htdocs\ule\Application\Home\Controller\IndexController.class.php 第 17 行.
NOTIC: [8] Undefined variable: lib D:\xampp\htdocs\ule\Application\Home\Controller\IndexController.class.php 第 21 行.
INFO: [ view_parse ] --START--
INFO: Run Behavior\ParseTemplateBehavior [ RunTime:0.055001s ]
INFO: [ view_parse ] --END-- [ RunTime:0.055001s ]
INFO: [ view_filter ] --START--
INFO: Run Behavior\WriteHtmlCacheBehavior [ RunTime:0.005000s ]
INFO: [ view_filter ] --END-- [ RunTime:0.005000s ]
SQL: SHOW COLUMNS FROM `sto_class` [ RunTime:0.0250s ]
SQL: SELECT * FROM `sto_class` WHERE `pid` = 35 ORDER BY sort asc  [ RunTime:0.0025s ]
INFO: [ view_parse ] --START--
INFO: Run Behavior\ParseTemplateBehavior [ RunTime:0.005000s ]
INFO: [ view_parse ] --END-- [ RunTime:-1.067517s ]
INFO: [ view_filter ] --START--
INFO: Run Behavior\WriteHtmlCacheBehavior [ RunTime:0.002500s ]
INFO: [ view_filter ] --END-- [ RunTime:-1.067517s ]
SQL: SELECT * FROM `sto_class` WHERE `pid` = 0 LIMIT 5   [ RunTime:0.0025s ]
SQL: SELECT * FROM `sto_class` WHERE ( pid=35 ) LIMIT 5   [ RunTime:0.0025s ]
INFO: [ view_parse ] --START--
INFO: Run Behavior\ParseTemplateBehavior [ RunTime:0.002500s ]
INFO: [ view_parse ] --END-- [ RunTime:-1.082517s ]
INFO: [ view_filter ] --START--
INFO: Run Behavior\WriteHtmlCacheBehavior [ RunTime:0.000000s ]
INFO: [ view_filter ] --END-- [ RunTime:-1.080017s ]
INFO: [ app_end ] --START--
INFO: Run Behavior\ShowPageTraceBehavior [ RunTime:0.002500s ]
INFO: [ app_end ] --END-- [ RunTime:0.005000s ]

[ 2017-04-12T21:09:48+08:00 ] ::1 /ule/Home/Help/PageHelp.html
INFO: [ app_init ] --START--
INFO: Run Behavior\BuildLiteBehavior [ RunTime:0.000000s ]
INFO: [ app_init ] --END-- [ RunTime:0.002500s ]
INFO: [ app_begin ] --START--
INFO: Run Behavior\ReadHtmlCacheBehavior [ RunTime:0.000000s ]
INFO: [ app_begin ] --END-- [ RunTime:0.000000s ]
SQL: SHOW COLUMNS FROM `sto_page` [ RunTime:0.0156s ]
SQL: SELECT * FROM `sto_page` WHERE ( uid=36 ) LIMIT 1   [ RunTime:0.0000s ]

[ 2017-04-12T21:09:49+08:00 ] ::1 /ule/Home/Help/PageHelp.html
INFO: [ app_init ] --START--
INFO: Run Behavior\BuildLiteBehavior [ RunTime:0.000000s ]
INFO: [ app_init ] --END-- [ RunTime:0.000000s ]
INFO: [ app_begin ] --START--
INFO: Run Behavior\ReadHtmlCacheBehavior [ RunTime:0.000000s ]
INFO: [ app_begin ] --END-- [ RunTime:0.000000s ]
SQL: SHOW COLUMNS FROM `sto_page` [ RunTime:0.0025s ]
SQL: SELECT * FROM `sto_page` WHERE ( uid=36 ) LIMIT 1   [ RunTime:0.0156s ]

[ 2017-04-12T21:10:24+08:00 ] ::1 /ule/Home/Help/index.html
INFO: [ app_init ] --START--
INFO: Run Behavior\BuildLiteBehavior [ RunTime:0.000000s ]
INFO: [ app_init ] --END-- [ RunTime:0.002500s ]
INFO: [ app_begin ] --START--
INFO: Run Behavior\ReadHtmlCacheBehavior [ RunTime:0.002500s ]
INFO: [ app_begin ] --END-- [ RunTime:0.002500s ]
NOTIC: [8] Constant WEB_SITE already defined D:\xampp\htdocs\ule\Application\Home\Controller\CommonController.class.php 第 18 行.
NOTIC: [8] Constant WEB_KEYWORD already defined D:\xampp\htdocs\ule\Application\Home\Controller\CommonController.class.php 第 19 行.
NOTIC: [8] Constant WEB_DESCRIPTION already defined D:\xampp\htdocs\ule\Application\Home\Controller\CommonController.class.php 第 20 行.
NOTIC: [2] Missing argument 3 for Home\Controller\IndexController::header(), called in D:\xampp\htdocs\ule\Application\Home\Controller\HelpController.class.php on line 11 and defined D:\xampp\htdocs\ule\Application\Home\Controller\IndexController.class.php 第 17 行.
NOTIC: [8] Undefined variable: lib D:\xampp\htdocs\ule\Application\Home\Controller\IndexController.class.php 第 21 行.
INFO: [ view_parse ] --START--
INFO: Run Behavior\ParseTemplateBehavior [ RunTime:0.027501s ]
INFO: [ view_parse ] --END-- [ RunTime:0.027501s ]
INFO: [ view_filter ] --START--
INFO: Run Behavior\WriteHtmlCacheBehavior [ RunTime:0.000000s ]
INFO: [ view_filter ] --END-- [ RunTime:0.000000s ]
SQL: SHOW COLUMNS FROM `sto_class` [ RunTime:0.0250s ]
SQL: SELECT * FROM `sto_class` WHERE `pid` = 35 ORDER BY sort asc  [ RunTime:0.0025s ]
INFO: [ view_parse ] --START--
INFO: Run Behavior\ParseTemplateBehavior [ RunTime:0.005000s ]
INFO: [ view_parse ] --END-- [ RunTime:-1.062516s ]
INFO: [ view_filter ] --START--
INFO: Run Behavior\WriteHtmlCacheBehavior [ RunTime:0.000000s ]
INFO: [ view_filter ] --END-- [ RunTime:-1.065016s ]
SQL: SELECT * FROM `sto_class` WHERE `pid` = 0 LIMIT 5   [ RunTime:0.0025s ]
SQL: SELECT * FROM `sto_class` WHERE ( pid=35 ) LIMIT 5   [ RunTime:0.0025s ]
INFO: [ view_parse ] --START--
INFO: Run Behavior\ParseTemplateBehavior [ RunTime:0.002500s ]
INFO: [ view_parse ] --END-- [ RunTime:-1.075016s ]
INFO: [ view_filter ] --START--
INFO: Run Behavior\WriteHtmlCacheBehavior [ RunTime:0.000000s ]
INFO: [ view_filter ] --END-- [ RunTime:-1.077516s ]
INFO: [ app_end ] --START--
INFO: Run Behavior\ShowPageTraceBehavior [ RunTime:0.002500s ]
INFO: [ app_end ] --END-- [ RunTime:0.002500s ]

[ 2017-04-12T21:10:27+08:00 ] ::1 /ule/Home/Help/PageHelp.html
INFO: [ app_init ] --START--
INFO: Run Behavior\BuildLiteBehavior [ RunTime:0.000000s ]
INFO: [ app_init ] --END-- [ RunTime:0.000000s ]
INFO: [ app_begin ] --START--
INFO: Run Behavior\ReadHtmlCacheBehavior [ RunTime:0.000000s ]
INFO: [ app_begin ] --END-- [ RunTime:0.000000s ]
SQL: SHOW COLUMNS FROM `sto_page` [ RunTime:0.0156s ]
SQL: SELECT * FROM `sto_page` WHERE ( uid=37 ) LIMIT 1   [ RunTime:0.0000s ]

[ 2017-04-12T21:10:28+08:00 ] ::1 /ule/Home/Help/PageHelp.html
INFO: [ app_init ] --START--
INFO: Run Behavior\BuildLiteBehavior [ RunTime:0.000000s ]
INFO: [ app_init ] --END-- [ RunTime:0.000000s ]
INFO: [ app_begin ] --START--
INFO: Run Behavior\ReadHtmlCacheBehavior [ RunTime:0.002500s ]
INFO: [ app_begin ] --END-- [ RunTime:0.002500s ]
SQL: SHOW COLUMNS FROM `sto_page` [ RunTime:0.0000s ]
SQL: SELECT * FROM `sto_page` WHERE ( uid=38 ) LIMIT 1   [ RunTime:0.0000s ]

[ 2017-04-12T21:10:29+08:00 ] ::1 /ule/Home/Help/PageHelp.html
INFO: [ app_init ] --START--
INFO: Run Behavior\BuildLiteBehavior [ RunTime:0.000000s ]
INFO: [ app_init ] --END-- [ RunTime:0.002500s ]
INFO: [ app_begin ] --START--
INFO: Run Behavior\ReadHtmlCacheBehavior [ RunTime:0.002500s ]
INFO: [ app_begin ] --END-- [ RunTime:0.002500s ]
SQL: SHOW COLUMNS FROM `sto_page` [ RunTime:0.0200s ]
SQL: SELECT * FROM `sto_page` WHERE ( uid=37 ) LIMIT 1   [ RunTime:0.0000s ]

[ 2017-04-12T21:10:31+08:00 ] ::1 /ule/Home/Help/PageHelp.html
INFO: [ app_init ] --START--
INFO: Run Behavior\BuildLiteBehavior [ RunTime:0.000000s ]
INFO: [ app_init ] --END-- [ RunTime:0.000000s ]
INFO: [ app_begin ] --START--
INFO: Run Behavior\ReadHtmlCacheBehavior [ RunTime:0.000000s ]
INFO: [ app_begin ] --END-- [ RunTime:0.000000s ]
SQL: SHOW COLUMNS FROM `sto_page` [ RunTime:0.0175s ]
SQL: SELECT * FROM `sto_page` WHERE ( uid=36 ) LIMIT 1   [ RunTime:0.0000s ]

[ 2017-04-12T21:10:41+08:00 ] ::1 /ule/Home/Help/index.html
INFO: [ app_init ] --START--
INFO: Run Behavior\BuildLiteBehavior [ RunTime:0.000000s ]
INFO: [ app_init ] --END-- [ RunTime:0.000000s ]
INFO: [ app_begin ] --START--
INFO: Run Behavior\ReadHtmlCacheBehavior [ RunTime:0.002500s ]
INFO: [ app_begin ] --END-- [ RunTime:0.002500s ]
NOTIC: [8] Constant WEB_SITE already defined D:\xampp\htdocs\ule\Application\Home\Controller\CommonController.class.php 第 18 行.
NOTIC: [8] Constant WEB_KEYWORD already defined D:\xampp\htdocs\ule\Application\Home\Controller\CommonController.class.php 第 19 行.
NOTIC: [8] Constant WEB_DESCRIPTION already defined D:\xampp\htdocs\ule\Application\Home\Controller\CommonController.class.php 第 20 行.
NOTIC: [2] Missing argument 3 for Home\Controller\IndexController::header(), called in D:\xampp\htdocs\ule\Application\Home\Controller\HelpController.class.php on line 11 and defined D:\xampp\htdocs\ule\Application\Home\Controller\IndexController.class.php 第 17 行.
NOTIC: [8] Undefined variable: lib D:\xampp\htdocs\ule\Application\Home\Controller\IndexController.class.php 第 21 行.
INFO: [ view_parse ] --START--
INFO: Run Behavior\ParseTemplateBehavior [ RunTime:0.037500s ]
INFO: [ view_parse ] --END-- [ RunTime:0.037500s ]
INFO: [ view_filter ] --START--
INFO: Run Behavior\WriteHtmlCacheBehavior [ RunTime:0.000000s ]
INFO: [ view_filter ] --END-- [ RunTime:0.000000s ]
SQL: SHOW COLUMNS FROM `sto_class` [ RunTime:0.0225s ]
SQL: SELECT * FROM `sto_class` WHERE `pid` = 35 ORDER BY sort asc  [ RunTime:0.0000s ]
INFO: [ view_parse ] --START--
INFO: Run Behavior\ParseTemplateBehavior [ RunTime:0.005000s ]
INFO: [ view_parse ] --END-- [ RunTime:-1.070017s ]
INFO: [ view_filter ] --START--
INFO: Run Behavior\WriteHtmlCacheBehavior [ RunTime:0.000000s ]
INFO: [ view_filter ] --END-- [ RunTime:-1.075017s ]
SQL: SELECT * FROM `sto_class` WHERE `pid` = 0 LIMIT 5   [ RunTime:0.0025s ]
SQL: SELECT * FROM `sto_class` WHERE ( pid=35 ) LIMIT 5   [ RunTime:0.0025s ]
INFO: [ view_parse ] --START--
INFO: Run Behavior\ParseTemplateBehavior [ RunTime:0.005000s ]
INFO: [ view_parse ] --END-- [ RunTime:-1.082517s ]
INFO: [ view_filter ] --START--
INFO: Run Behavior\WriteHtmlCacheBehavior [ RunTime:0.000000s ]
INFO: [ view_filter ] --END-- [ RunTime:-1.087517s ]
INFO: [ app_end ] --START--
INFO: Run Behavior\ShowPageTraceBehavior [ RunTime:0.002500s ]
INFO: [ app_end ] --END-- [ RunTime:0.002500s ]

[ 2017-04-12T21:10:44+08:00 ] ::1 /ule/Home/Help/PageHelp.html
INFO: [ app_init ] --START--
INFO: Run Behavior\BuildLiteBehavior [ RunTime:0.000000s ]
INFO: [ app_init ] --END-- [ RunTime:0.000000s ]
INFO: [ app_begin ] --START--
INFO: Run Behavior\ReadHtmlCacheBehavior [ RunTime:0.000000s ]
INFO: [ app_begin ] --END-- [ RunTime:0.000000s ]
SQL: SHOW COLUMNS FROM `sto_page` [ RunTime:0.0156s ]
SQL: SELECT * FROM `sto_page` WHERE ( uid=36 ) LIMIT 1   [ RunTime:0.0000s ]

[ 2017-04-12T21:10:45+08:00 ] ::1 /ule/Home/Help/PageHelp.html
INFO: [ app_init ] --START--
INFO: Run Behavior\BuildLiteBehavior [ RunTime:0.000000s ]
INFO: [ app_init ] --END-- [ RunTime:0.000000s ]
INFO: [ app_begin ] --START--
INFO: Run Behavior\ReadHtmlCacheBehavior [ RunTime:0.000000s ]
INFO: [ app_begin ] --END-- [ RunTime:0.000000s ]
SQL: SHOW COLUMNS FROM `sto_page` [ RunTime:0.0200s ]
SQL: SELECT * FROM `sto_page` WHERE ( uid=37 ) LIMIT 1   [ RunTime:0.0000s ]

[ 2017-04-12T21:10:46+08:00 ] ::1 /ule/Home/Help/PageHelp.html
INFO: [ app_init ] --START--
INFO: Run Behavior\BuildLiteBehavior [ RunTime:0.000000s ]
INFO: [ app_init ] --END-- [ RunTime:0.000000s ]
INFO: [ app_begin ] --START--
INFO: Run Behavior\ReadHtmlCacheBehavior [ RunTime:0.000000s ]
INFO: [ app_begin ] --END-- [ RunTime:0.000000s ]
SQL: SHOW COLUMNS FROM `sto_page` [ RunTime:0.0156s ]
SQL: SELECT * FROM `sto_page` WHERE ( uid=38 ) LIMIT 1   [ RunTime:0.0000s ]

[ 2017-04-12T21:10:47+08:00 ] ::1 /ule/Home/Help/PageHelp.html
INFO: [ app_init ] --START--
INFO: Run Behavior\BuildLiteBehavior [ RunTime:0.000000s ]
INFO: [ app_init ] --END-- [ RunTime:0.000000s ]
INFO: [ app_begin ] --START--
INFO: Run Behavior\ReadHtmlCacheBehavior [ RunTime:0.000000s ]
INFO: [ app_begin ] --END-- [ RunTime:0.000000s ]
SQL: SHOW COLUMNS FROM `sto_page` [ RunTime:0.0156s ]
SQL: SELECT * FROM `sto_page` WHERE ( uid=39 ) LIMIT 1   [ RunTime:0.0000s ]

[ 2017-04-12T21:10:48+08:00 ] ::1 /ule/Home/Help/PageHelp.html
INFO: [ app_init ] --START--
INFO: Run Behavior\BuildLiteBehavior [ RunTime:0.000000s ]
INFO: [ app_init ] --END-- [ RunTime:0.000000s ]
INFO: [ app_begin ] --START--
INFO: Run Behavior\ReadHtmlCacheBehavior [ RunTime:0.002500s ]
INFO: [ app_begin ] --END-- [ RunTime:0.002500s ]
SQL: SHOW COLUMNS FROM `sto_page` [ RunTime:0.0156s ]
SQL: SELECT * FROM `sto_page` WHERE ( uid=40 ) LIMIT 1   [ RunTime:0.0000s ]

[ 2017-04-12T21:10:49+08:00 ] ::1 /ule/Home/Help/PageHelp.html
INFO: [ app_init ] --START--
INFO: Run Behavior\BuildLiteBehavior [ RunTime:0.000000s ]
INFO: [ app_init ] --END-- [ RunTime:0.000000s ]
INFO: [ app_begin ] --START--
INFO: Run Behavior\ReadHtmlCacheBehavior [ RunTime:0.015600s ]
INFO: [ app_begin ] --END-- [ RunTime:0.015600s ]
SQL: SHOW COLUMNS FROM `sto_page` [ RunTime:0.0156s ]
SQL: SELECT * FROM `sto_page` WHERE ( uid=43 ) LIMIT 1   [ RunTime:0.0000s ]

[ 2017-04-12T21:19:07+08:00 ] ::1 /ule/Home/Help
INFO: [ app_init ] --START--
INFO: Run Behavior\BuildLiteBehavior [ RunTime:0.000000s ]
INFO: [ app_init ] --END-- [ RunTime:0.002500s ]
INFO: [ app_begin ] --START--
INFO: Run Behavior\ReadHtmlCacheBehavior [ RunTime:0.002500s ]
INFO: [ app_begin ] --END-- [ RunTime:0.002500s ]
NOTIC: [8] Constant WEB_SITE already defined D:\xampp\htdocs\ule\Application\Home\Controller\CommonController.class.php 第 18 行.
NOTIC: [8] Constant WEB_KEYWORD already defined D:\xampp\htdocs\ule\Application\Home\Controller\CommonController.class.php 第 19 行.
NOTIC: [8] Constant WEB_DESCRIPTION already defined D:\xampp\htdocs\ule\Application\Home\Controller\CommonController.class.php 第 20 行.
NOTIC: [2] Missing argument 3 for Home\Controller\IndexController::header(), called in D:\xampp\htdocs\ule\Application\Home\Controller\HelpController.class.php on line 11 and defined D:\xampp\htdocs\ule\Application\Home\Controller\IndexController.class.php 第 17 行.
NOTIC: [8] Undefined variable: lib D:\xampp\htdocs\ule\Application\Home\Controller\IndexController.class.php 第 21 行.
INFO: [ view_parse ] --START--
INFO: Run Behavior\ParseTemplateBehavior [ RunTime:0.027501s ]
INFO: [ view_parse ] --END-- [ RunTime:0.027501s ]
INFO: [ view_filter ] --START--
INFO: Run Behavior\WriteHtmlCacheBehavior [ RunTime:0.002500s ]
INFO: [ view_filter ] --END-- [ RunTime:0.002500s ]
SQL: SHOW COLUMNS FROM `sto_class` [ RunTime:0.0225s ]
SQL: SELECT * FROM `sto_class` WHERE `pid` = 35 ORDER BY sort asc  [ RunTime:0.0000s ]
INFO: [ view_parse ] --START--
INFO: Run Behavior\ParseTemplateBehavior [ RunTime:0.002500s ]
INFO: [ view_parse ] --END-- [ RunTime:-1.055016s ]
INFO: [ view_filter ] --START--
INFO: Run Behavior\WriteHtmlCacheBehavior [ RunTime:0.000000s ]
INFO: [ view_filter ] --END-- [ RunTime:-1.055016s ]
SQL: SELECT * FROM `sto_class` WHERE `pid` = 0 LIMIT 5   [ RunTime:0.0000s ]
SQL: SELECT * FROM `sto_class` WHERE ( pid=35 ) LIMIT 5   [ RunTime:0.0025s ]
INFO: [ view_parse ] --START--
INFO: Run Behavior\ParseTemplateBehavior [ RunTime:0.002500s ]
INFO: [ view_parse ] --END-- [ RunTime:-1.067516s ]
INFO: [ view_filter ] --START--
INFO: Run Behavior\WriteHtmlCacheBehavior [ RunTime:0.000000s ]
INFO: [ view_filter ] --END-- [ RunTime:-1.067516s ]
INFO: [ app_end ] --START--
INFO: Run Behavior\ShowPageTraceBehavior [ RunTime:0.002500s ]
INFO: [ app_end ] --END-- [ RunTime:0.002500s ]

[ 2017-04-12T21:19:10+08:00 ] ::1 /ule/Home/Help/PageHelp.html
INFO: [ app_init ] --START--
INFO: Run Behavior\BuildLiteBehavior [ RunTime:0.000000s ]
INFO: [ app_init ] --END-- [ RunTime:0.000000s ]
INFO: [ app_begin ] --START--
INFO: Run Behavior\ReadHtmlCacheBehavior [ RunTime:0.000000s ]
INFO: [ app_begin ] --END-- [ RunTime:0.000000s ]
SQL: SHOW COLUMNS FROM `sto_page` [ RunTime:0.0156s ]
SQL: SELECT * FROM `sto_page` WHERE ( uid=36 ) LIMIT 1   [ RunTime:0.0000s ]

[ 2017-04-12T21:19:13+08:00 ] ::1 /ule/Home/Help/PageHelp.html
INFO: [ app_init ] --START--
INFO: Run Behavior\BuildLiteBehavior [ RunTime:0.000000s ]
INFO: [ app_init ] --END-- [ RunTime:0.000000s ]
INFO: [ app_begin ] --START--
INFO: Run Behavior\ReadHtmlCacheBehavior [ RunTime:0.000000s ]
INFO: [ app_begin ] --END-- [ RunTime:0.000000s ]
SQL: SHOW COLUMNS FROM `sto_page` [ RunTime:0.0156s ]
SQL: SELECT * FROM `sto_page` WHERE ( uid=36 ) LIMIT 1   [ RunTime:0.0000s ]

[ 2017-04-12T21:19:17+08:00 ] ::1 /ule/Home/Help
INFO: [ app_init ] --START--
INFO: Run Behavior\BuildLiteBehavior [ RunTime:0.000000s ]
INFO: [ app_init ] --END-- [ RunTime:0.002500s ]
INFO: [ app_begin ] --START--
INFO: Run Behavior\ReadHtmlCacheBehavior [ RunTime:0.002500s ]
INFO: [ app_begin ] --END-- [ RunTime:0.002500s ]
NOTIC: [8] Constant WEB_SITE already defined D:\xampp\htdocs\ule\Application\Home\Controller\CommonController.class.php 第 18 行.
NOTIC: [8] Constant WEB_KEYWORD already defined D:\xampp\htdocs\ule\Application\Home\Controller\CommonController.class.php 第 19 行.
NOTIC: [8] Constant WEB_DESCRIPTION already defined D:\xampp\htdocs\ule\Application\Home\Controller\CommonController.class.php 第 20 行.
NOTIC: [2] Missing argument 3 for Home\Controller\IndexController::header(), called in D:\xampp\htdocs\ule\Application\Home\Controller\HelpController.class.php on line 11 and defined D:\xampp\htdocs\ule\Application\Home\Controller\IndexController.class.php 第 17 行.
NOTIC: [8] Undefined variable: lib D:\xampp\htdocs\ule\Application\Home\Controller\IndexController.class.php 第 21 行.
INFO: [ view_parse ] --START--
INFO: Run Behavior\ParseTemplateBehavior [ RunTime:0.040001s ]
INFO: [ view_parse ] --END-- [ RunTime:0.042501s ]
INFO: [ view_filter ] --START--
INFO: Run Behavior\WriteHtmlCacheBehavior [ RunTime:0.000000s ]
INFO: [ view_filter ] --END-- [ RunTime:0.000000s ]
SQL: SHOW COLUMNS FROM `sto_class` [ RunTime:0.0250s ]
SQL: SELECT * FROM `sto_class` WHERE `pid` = 35 ORDER BY sort asc  [ RunTime:0.0025s ]
INFO: [ view_parse ] --START--
INFO: Run Behavior\ParseTemplateBehavior [ RunTime:0.005000s ]
INFO: [ view_parse ] --END-- [ RunTime:-1.097517s ]
INFO: [ view_filter ] --START--
INFO: Run Behavior\WriteHtmlCacheBehavior [ RunTime:0.000000s ]
INFO: [ view_filter ] --END-- [ RunTime:-1.102517s ]
SQL: SELECT * FROM `sto_class` WHERE `pid` = 0 LIMIT 5   [ RunTime:0.0000s ]
SQL: SELECT * FROM `sto_class` WHERE ( pid=35 ) LIMIT 5   [ RunTime:0.0025s ]
INFO: [ view_parse ] --START--
INFO: Run Behavior\ParseTemplateBehavior [ RunTime:0.002500s ]
INFO: [ view_parse ] --END-- [ RunTime:-1.110017s ]
INFO: [ view_filter ] --START--
INFO: Run Behavior\WriteHtmlCacheBehavior [ RunTime:0.000000s ]
INFO: [ view_filter ] --END-- [ RunTime:-1.112517s ]
INFO: [ app_end ] --START--
INFO: Run Behavior\ShowPageTraceBehavior [ RunTime:0.002500s ]
INFO: [ app_end ] --END-- [ RunTime:0.002500s ]

[ 2017-04-12T21:19:20+08:00 ] ::1 /ule/Home/Help/PageHelp.html
INFO: [ app_init ] --START--
INFO: Run Behavior\BuildLiteBehavior [ RunTime:0.000000s ]
INFO: [ app_init ] --END-- [ RunTime:0.000000s ]
INFO: [ app_begin ] --START--
INFO: Run Behavior\ReadHtmlCacheBehavior [ RunTime:0.000000s ]
INFO: [ app_begin ] --END-- [ RunTime:0.000000s ]
SQL: SHOW COLUMNS FROM `sto_page` [ RunTime:0.0156s ]
SQL: SELECT * FROM `sto_page` WHERE ( uid=36 ) LIMIT 1   [ RunTime:0.0000s ]

[ 2017-04-12T21:19:24+08:00 ] ::1 /ule/Home/Help
INFO: [ app_init ] --START--
INFO: Run Behavior\BuildLiteBehavior [ RunTime:0.000000s ]
INFO: [ app_init ] --END-- [ RunTime:0.000000s ]
INFO: [ app_begin ] --START--
INFO: Run Behavior\ReadHtmlCacheBehavior [ RunTime:0.002500s ]
INFO: [ app_begin ] --END-- [ RunTime:0.002500s ]
NOTIC: [8] Constant WEB_SITE already defined D:\xampp\htdocs\ule\Application\Home\Controller\CommonController.class.php 第 18 行.
NOTIC: [8] Constant WEB_KEYWORD already defined D:\xampp\htdocs\ule\Application\Home\Controller\CommonController.class.php 第 19 行.
NOTIC: [8] Constant WEB_DESCRIPTION already defined D:\xampp\htdocs\ule\Application\Home\Controller\CommonController.class.php 第 20 行.
NOTIC: [2] Missing argument 3 for Home\Controller\IndexController::header(), called in D:\xampp\htdocs\ule\Application\Home\Controller\HelpController.class.php on line 11 and defined D:\xampp\htdocs\ule\Application\Home\Controller\IndexController.class.php 第 17 行.
NOTIC: [8] Undefined variable: lib D:\xampp\htdocs\ule\Application\Home\Controller\IndexController.class.php 第 21 行.
INFO: [ view_parse ] --START--
INFO: Run Behavior\ParseTemplateBehavior [ RunTime:0.040000s ]
INFO: [ view_parse ] --END-- [ RunTime:0.040000s ]
INFO: [ view_filter ] --START--
INFO: Run Behavior\WriteHtmlCacheBehavior [ RunTime:0.002500s ]
INFO: [ view_filter ] --END-- [ RunTime:0.002500s ]
SQL: SHOW COLUMNS FROM `sto_class` [ RunTime:0.0225s ]
SQL: SELECT * FROM `sto_class` WHERE `pid` = 35 ORDER BY sort asc  [ RunTime:0.0000s ]
INFO: [ view_parse ] --START--
INFO: Run Behavior\ParseTemplateBehavior [ RunTime:0.002500s ]
INFO: [ view_parse ] --END-- [ RunTime:-1.070017s ]
INFO: [ view_filter ] --START--
INFO: Run Behavior\WriteHtmlCacheBehavior [ RunTime:0.000000s ]
INFO: [ view_filter ] --END-- [ RunTime:-1.070017s ]
SQL: SELECT * FROM `sto_class` WHERE `pid` = 0 LIMIT 5   [ RunTime:0.0000s ]
SQL: SELECT * FROM `sto_class` WHERE ( pid=35 ) LIMIT 5   [ RunTime:0.0000s ]
INFO: [ view_parse ] --START--
INFO: Run Behavior\ParseTemplateBehavior [ RunTime:0.005000s ]
INFO: [ view_parse ] --END-- [ RunTime:-1.080017s ]
INFO: [ view_filter ] --START--
INFO: Run Behavior\WriteHtmlCacheBehavior [ RunTime:0.000000s ]
INFO: [ view_filter ] --END-- [ RunTime:-1.082517s ]
INFO: [ app_end ] --START--
INFO: Run Behavior\ShowPageTraceBehavior [ RunTime:0.002500s ]
INFO: [ app_end ] --END-- [ RunTime:0.002500s ]

[ 2017-04-12T21:19:26+08:00 ] ::1 /ule/Home/Help/PageHelp.html
INFO: [ app_init ] --START--
INFO: Run Behavior\BuildLiteBehavior [ RunTime:0.000000s ]
INFO: [ app_init ] --END-- [ RunTime:0.000000s ]
INFO: [ app_begin ] --START--
INFO: Run Behavior\ReadHtmlCacheBehavior [ RunTime:0.000000s ]
INFO: [ app_begin ] --END-- [ RunTime:0.000000s ]
SQL: SHOW COLUMNS FROM `sto_page` [ RunTime:0.0156s ]
SQL: SELECT * FROM `sto_page` WHERE ( uid=36 ) LIMIT 1   [ RunTime:0.0000s ]

[ 2017-04-12T21:19:28+08:00 ] ::1 /ule/Home/Help/PageHelp.html
INFO: [ app_init ] --START--
INFO: Run Behavior\BuildLiteBehavior [ RunTime:0.000000s ]
INFO: [ app_init ] --END-- [ RunTime:0.000000s ]
INFO: [ app_begin ] --START--
INFO: Run Behavior\ReadHtmlCacheBehavior [ RunTime:0.015600s ]
INFO: [ app_begin ] --END-- [ RunTime:0.015600s ]
SQL: SHOW COLUMNS FROM `sto_page` [ RunTime:0.0156s ]
SQL: SELECT * FROM `sto_page` WHERE ( uid=37 ) LIMIT 1   [ RunTime:0.0000s ]

[ 2017-04-12T21:22:14+08:00 ] ::1 /ule/Home/Help/PageHelp.html
INFO: [ app_init ] --START--
INFO: Run Behavior\BuildLiteBehavior [ RunTime:0.000000s ]
INFO: [ app_init ] --END-- [ RunTime:0.002500s ]
INFO: [ app_begin ] --START--
INFO: Run Behavior\ReadHtmlCacheBehavior [ RunTime:0.002500s ]
INFO: [ app_begin ] --END-- [ RunTime:0.002500s ]
SQL: SHOW COLUMNS FROM `sto_page` [ RunTime:0.0156s ]
SQL: SELECT * FROM `sto_page` WHERE ( uid=37 ) LIMIT 1   [ RunTime:0.0000s ]

[ 2017-04-12T21:22:15+08:00 ] ::1 /ule/Home/Help/PageHelp.html
INFO: [ app_init ] --START--
INFO: Run Behavior\BuildLiteBehavior [ RunTime:0.000000s ]
INFO: [ app_init ] --END-- [ RunTime:0.000000s ]
INFO: [ app_begin ] --START--
INFO: Run Behavior\ReadHtmlCacheBehavior [ RunTime:0.002500s ]
INFO: [ app_begin ] --END-- [ RunTime:0.002500s ]
SQL: SHOW COLUMNS FROM `sto_page` [ RunTime:0.0156s ]
SQL: SELECT * FROM `sto_page` WHERE ( uid=40 ) LIMIT 1   [ RunTime:0.0000s ]

[ 2017-04-12T21:22:40+08:00 ] ::1 /ule/Home/Help/PageHelp.html
INFO: [ app_init ] --START--
INFO: Run Behavior\BuildLiteBehavior [ RunTime:0.000000s ]
INFO: [ app_init ] --END-- [ RunTime:0.000000s ]
INFO: [ app_begin ] --START--
INFO: Run Behavior\ReadHtmlCacheBehavior [ RunTime:0.002500s ]
INFO: [ app_begin ] --END-- [ RunTime:0.002500s ]
SQL: SHOW COLUMNS FROM `sto_page` [ RunTime:0.0156s ]
SQL: SELECT * FROM `sto_page` WHERE ( uid=40 ) LIMIT 1   [ RunTime:0.0000s ]

[ 2017-04-12T21:22:44+08:00 ] ::1 /ule/Home/Help
INFO: [ app_init ] --START--
INFO: Run Behavior\BuildLiteBehavior [ RunTime:0.000000s ]
INFO: [ app_init ] --END-- [ RunTime:0.000000s ]
INFO: [ app_begin ] --START--
INFO: Run Behavior\ReadHtmlCacheBehavior [ RunTime:0.002500s ]
INFO: [ app_begin ] --END-- [ RunTime:0.002500s ]
NOTIC: [8] Constant WEB_SITE already defined D:\xampp\htdocs\ule\Application\Home\Controller\CommonController.class.php 第 18 行.
NOTIC: [8] Constant WEB_KEYWORD already defined D:\xampp\htdocs\ule\Application\Home\Controller\CommonController.class.php 第 19 行.
NOTIC: [8] Constant WEB_DESCRIPTION already defined D:\xampp\htdocs\ule\Application\Home\Controller\CommonController.class.php 第 20 行.
NOTIC: [2] Missing argument 3 for Home\Controller\IndexController::header(), called in D:\xampp\htdocs\ule\Application\Home\Controller\HelpController.class.php on line 11 and defined D:\xampp\htdocs\ule\Application\Home\Controller\IndexController.class.php 第 17 行.
NOTIC: [8] Undefined variable: lib D:\xampp\htdocs\ule\Application\Home\Controller\IndexController.class.php 第 21 行.
INFO: [ view_parse ] --START--
INFO: Run Behavior\ParseTemplateBehavior [ RunTime:0.032500s ]
INFO: [ view_parse ] --END-- [ RunTime:0.032500s ]
INFO: [ view_filter ] --START--
INFO: Run Behavior\WriteHtmlCacheBehavior [ RunTime:0.002500s ]
INFO: [ view_filter ] --END-- [ RunTime:0.002500s ]
SQL: SHOW COLUMNS FROM `sto_class` [ RunTime:0.0225s ]
SQL: SELECT * FROM `sto_class` WHERE `pid` = 35 ORDER BY sort asc  [ RunTime:0.0025s ]
INFO: [ view_parse ] --START--
INFO: Run Behavior\ParseTemplateBehavior [ RunTime:0.005000s ]
INFO: [ view_parse ] --END-- [ RunTime:-1.065017s ]
INFO: [ view_filter ] --START--
INFO: Run Behavior\WriteHtmlCacheBehavior [ RunTime:0.000000s ]
INFO: [ view_filter ] --END-- [ RunTime:-1.067517s ]
SQL: SELECT * FROM `sto_class` WHERE `pid` = 0 LIMIT 5   [ RunTime:0.0025s ]
SQL: SELECT * FROM `sto_class` WHERE ( pid=35 ) LIMIT 5   [ RunTime:0.0025s ]
INFO: [ view_parse ] --START--
INFO: Run Behavior\ParseTemplateBehavior [ RunTime:0.002500s ]
INFO: [ view_parse ] --END-- [ RunTime:-1.077517s ]
INFO: [ view_filter ] --START--
INFO: Run Behavior\WriteHtmlCacheBehavior [ RunTime:0.000000s ]
INFO: [ view_filter ] --END-- [ RunTime:-1.080017s ]
INFO: [ app_end ] --START--
INFO: Run Behavior\ShowPageTraceBehavior [ RunTime:0.002500s ]
INFO: [ app_end ] --END-- [ RunTime:0.002500s ]

[ 2017-04-12T21:22:48+08:00 ] ::1 /ule/Home/Help/PageHelp.html
INFO: [ app_init ] --START--
INFO: Run Behavior\BuildLiteBehavior [ RunTime:0.000000s ]
INFO: [ app_init ] --END-- [ RunTime:0.000000s ]
INFO: [ app_begin ] --START--
INFO: Run Behavior\ReadHtmlCacheBehavior [ RunTime:0.002500s ]
INFO: [ app_begin ] --END-- [ RunTime:0.002500s ]
SQL: SHOW COLUMNS FROM `sto_page` [ RunTime:0.0156s ]
SQL: SELECT * FROM `sto_page` WHERE ( uid=40 ) LIMIT 1   [ RunTime:0.0000s ]

[ 2017-04-12T21:22:52+08:00 ] ::1 /ule/Home/Help
INFO: [ app_init ] --START--
INFO: Run Behavior\BuildLiteBehavior [ RunTime:0.000000s ]
INFO: [ app_init ] --END-- [ RunTime:0.000000s ]
INFO: [ app_begin ] --START--
INFO: Run Behavior\ReadHtmlCacheBehavior [ RunTime:0.002500s ]
INFO: [ app_begin ] --END-- [ RunTime:0.002500s ]
NOTIC: [8] Constant WEB_SITE already defined D:\xampp\htdocs\ule\Application\Home\Controller\CommonController.class.php 第 18 行.
NOTIC: [8] Constant WEB_KEYWORD already defined D:\xampp\htdocs\ule\Application\Home\Controller\CommonController.class.php 第 19 行.
NOTIC: [8] Constant WEB_DESCRIPTION already defined D:\xampp\htdocs\ule\Application\Home\Controller\CommonController.class.php 第 20 行.
NOTIC: [2] Missing argument 3 for Home\Controller\IndexController::header(), called in D:\xampp\htdocs\ule\Application\Home\Controller\HelpController.class.php on line 11 and defined D:\xampp\htdocs\ule\Application\Home\Controller\IndexController.class.php 第 17 行.
NOTIC: [8] Undefined variable: lib D:\xampp\htdocs\ule\Application\Home\Controller\IndexController.class.php 第 21 行.
INFO: [ view_parse ] --START--
INFO: Run Behavior\ParseTemplateBehavior [ RunTime:0.027500s ]
INFO: [ view_parse ] --END-- [ RunTime:0.027500s ]
INFO: [ view_filter ] --START--
INFO: Run Behavior\WriteHtmlCacheBehavior [ RunTime:0.000000s ]
INFO: [ view_filter ] --END-- [ RunTime:0.000000s ]
SQL: SHOW COLUMNS FROM `sto_class` [ RunTime:0.0250s ]
SQL: SELECT * FROM `sto_class` WHERE `pid` = 35 ORDER BY sort asc  [ RunTime:0.0025s ]
INFO: [ view_parse ] --START--
INFO: Run Behavior\ParseTemplateBehavior [ RunTime:0.002500s ]
INFO: [ view_parse ] --END-- [ RunTime:-1.055017s ]
INFO: [ view_filter ] --START--
INFO: Run Behavior\WriteHtmlCacheBehavior [ RunTime:0.000000s ]
INFO: [ view_filter ] --END-- [ RunTime:-1.060017s ]
SQL: SELECT * FROM `sto_class` WHERE `pid` = 0 LIMIT 5   [ RunTime:0.0000s ]
SQL: SELECT * FROM `sto_class` WHERE ( pid=35 ) LIMIT 5   [ RunTime:0.0000s ]
INFO: [ view_parse ] --START--
INFO: Run Behavior\ParseTemplateBehavior [ RunTime:0.005000s ]
INFO: [ view_parse ] --END-- [ RunTime:-1.067517s ]
INFO: [ view_filter ] --START--
INFO: Run Behavior\WriteHtmlCacheBehavior [ RunTime:0.000000s ]
INFO: [ view_filter ] --END-- [ RunTime:-1.072517s ]
INFO: [ app_end ] --START--
INFO: Run Behavior\ShowPageTraceBehavior [ RunTime:0.002500s ]
INFO: [ app_end ] --END-- [ RunTime:0.002500s ]

[ 2017-04-12T21:22:56+08:00 ] ::1 /ule/Home/Help/PageHelp.html
INFO: [ app_init ] --START--
INFO: Run Behavior\BuildLiteBehavior [ RunTime:0.000000s ]
INFO: [ app_init ] --END-- [ RunTime:0.002500s ]
INFO: [ app_begin ] --START--
INFO: Run Behavior\ReadHtmlCacheBehavior [ RunTime:0.000000s ]
INFO: [ app_begin ] --END-- [ RunTime:0.000000s ]
SQL: SHOW COLUMNS FROM `sto_page` [ RunTime:0.0156s ]
SQL: SELECT * FROM `sto_page` WHERE ( uid=43 ) LIMIT 1   [ RunTime:0.0000s ]

[ 2017-04-12T21:22:59+08:00 ] ::1 /ule/Home/Help/PageHelp.html
INFO: [ app_init ] --START--
INFO: Run Behavior\BuildLiteBehavior [ RunTime:0.000000s ]
INFO: [ app_init ] --END-- [ RunTime:0.000000s ]
INFO: [ app_begin ] --START--
INFO: Run Behavior\ReadHtmlCacheBehavior [ RunTime:0.015600s ]
INFO: [ app_begin ] --END-- [ RunTime:0.015600s ]
SQL: SHOW COLUMNS FROM `sto_page` [ RunTime:0.0156s ]
SQL: SELECT * FROM `sto_page` WHERE ( uid=40 ) LIMIT 1   [ RunTime:0.0000s ]

[ 2017-04-12T21:23:27+08:00 ] ::1 /ule/Home/Help
INFO: [ app_init ] --START--
INFO: Run Behavior\BuildLiteBehavior [ RunTime:0.000000s ]
INFO: [ app_init ] --END-- [ RunTime:0.000000s ]
INFO: [ app_begin ] --START--
INFO: Run Behavior\ReadHtmlCacheBehavior [ RunTime:0.000000s ]
INFO: [ app_begin ] --END-- [ RunTime:0.000000s ]
NOTIC: [8] Constant WEB_SITE already defined D:\xampp\htdocs\ule\Application\Home\Controller\CommonController.class.php 第 18 行.
NOTIC: [8] Constant WEB_KEYWORD already defined D:\xampp\htdocs\ule\Application\Home\Controller\CommonController.class.php 第 19 行.
NOTIC: [8] Constant WEB_DESCRIPTION already defined D:\xampp\htdocs\ule\Application\Home\Controller\CommonController.class.php 第 20 行.
NOTIC: [2] Missing argument 3 for Home\Controller\IndexController::header(), called in D:\xampp\htdocs\ule\Application\Home\Controller\HelpController.class.php on line 11 and defined D:\xampp\htdocs\ule\Application\Home\Controller\IndexController.class.php 第 17 行.
NOTIC: [8] Undefined variable: lib D:\xampp\htdocs\ule\Application\Home\Controller\IndexController.class.php 第 21 行.
INFO: [ view_parse ] --START--
INFO: Run Behavior\ParseTemplateBehavior [ RunTime:0.035001s ]
INFO: [ view_parse ] --END-- [ RunTime:0.037501s ]
INFO: [ view_filter ] --START--
INFO: Run Behavior\WriteHtmlCacheBehavior [ RunTime:0.002500s ]
INFO: [ view_filter ] --END-- [ RunTime:0.002500s ]
SQL: SHOW COLUMNS FROM `sto_class` [ RunTime:0.0225s ]
SQL: SELECT * FROM `sto_class` WHERE `pid` = 35 ORDER BY sort asc  [ RunTime:0.0025s ]
INFO: [ view_parse ] --START--
INFO: Run Behavior\ParseTemplateBehavior [ RunTime:0.170003s ]
INFO: [ view_parse ] --END-- [ RunTime:-1.087516s ]
INFO: [ view_filter ] --START--
INFO: Run Behavior\WriteHtmlCacheBehavior [ RunTime:0.000000s ]
INFO: [ view_filter ] --END-- [ RunTime:-1.255019s ]
SQL: SELECT * FROM `sto_class` WHERE `pid` = 0 LIMIT 5   [ RunTime:0.0000s ]
SQL: SELECT * FROM `sto_class` WHERE ( pid=35 ) LIMIT 5   [ RunTime:0.0000s ]
INFO: [ view_parse ] --START--
INFO: Run Behavior\ParseTemplateBehavior [ RunTime:0.002500s ]
INFO: [ view_parse ] --END-- [ RunTime:-1.267519s ]
INFO: [ view_filter ] --START--
INFO: Run Behavior\WriteHtmlCacheBehavior [ RunTime:0.000000s ]
INFO: [ view_filter ] --END-- [ RunTime:-1.267519s ]
INFO: [ app_end ] --START--
INFO: Run Behavior\ShowPageTraceBehavior [ RunTime:0.005000s ]
INFO: [ app_end ] --END-- [ RunTime:0.005000s ]

[ 2017-04-12T21:23:29+08:00 ] ::1 /ule/Home/Help/PageHelp.html
INFO: [ app_init ] --START--
INFO: Run Behavior\BuildLiteBehavior [ RunTime:0.000000s ]
INFO: [ app_init ] --END-- [ RunTime:0.002500s ]
INFO: [ app_begin ] --START--
INFO: Run Behavior\ReadHtmlCacheBehavior [ RunTime:0.002500s ]
INFO: [ app_begin ] --END-- [ RunTime:0.002500s ]
SQL: SHOW COLUMNS FROM `sto_page` [ RunTime:0.0156s ]
SQL: SELECT * FROM `sto_page` WHERE ( uid=43 ) LIMIT 1   [ RunTime:0.0000s ]

[ 2017-04-12T21:23:32+08:00 ] ::1 /ule/Home/Help/PageHelp.html
INFO: [ app_init ] --START--
INFO: Run Behavior\BuildLiteBehavior [ RunTime:0.000000s ]
INFO: [ app_init ] --END-- [ RunTime:0.002500s ]
INFO: [ app_begin ] --START--
INFO: Run Behavior\ReadHtmlCacheBehavior [ RunTime:0.002500s ]
INFO: [ app_begin ] --END-- [ RunTime:0.002500s ]
SQL: SHOW COLUMNS FROM `sto_page` [ RunTime:0.0156s ]
SQL: SELECT * FROM `sto_page` WHERE ( uid=40 ) LIMIT 1   [ RunTime:0.0000s ]

[ 2017-04-12T21:23:41+08:00 ] ::1 /ule/Home/Help/PageHelp.html
INFO: [ app_init ] --START--
INFO: Run Behavior\BuildLiteBehavior [ RunTime:0.000000s ]
INFO: [ app_init ] --END-- [ RunTime:0.002500s ]
INFO: [ app_begin ] --START--
INFO: Run Behavior\ReadHtmlCacheBehavior [ RunTime:0.000000s ]
INFO: [ app_begin ] --END-- [ RunTime:0.000000s ]
SQL: SHOW COLUMNS FROM `sto_page` [ RunTime:0.0175s ]
SQL: SELECT * FROM `sto_page` WHERE ( uid=38 ) LIMIT 1   [ RunTime:0.0025s ]

[ 2017-04-12T21:35:11+08:00 ] ::1 /ule/Home/Help
INFO: [ app_init ] --START--
INFO: Run Behavior\BuildLiteBehavior [ RunTime:0.000000s ]
INFO: [ app_init ] --END-- [ RunTime:0.000000s ]
INFO: [ app_begin ] --START--
INFO: Run Behavior\ReadHtmlCacheBehavior [ RunTime:0.000000s ]
INFO: [ app_begin ] --END-- [ RunTime:0.002500s ]
NOTIC: [8] Constant WEB_SITE already defined D:\xampp\htdocs\ule\Application\Home\Controller\CommonController.class.php 第 18 行.
NOTIC: [8] Constant WEB_KEYWORD already defined D:\xampp\htdocs\ule\Application\Home\Controller\CommonController.class.php 第 19 行.
NOTIC: [8] Constant WEB_DESCRIPTION already defined D:\xampp\htdocs\ule\Application\Home\Controller\CommonController.class.php 第 20 行.
NOTIC: [2] Missing argument 3 for Home\Controller\IndexController::header(), called in D:\xampp\htdocs\ule\Application\Home\Controller\HelpController.class.php on line 11 and defined D:\xampp\htdocs\ule\Application\Home\Controller\IndexController.class.php 第 17 行.
NOTIC: [8] Undefined variable: lib D:\xampp\htdocs\ule\Application\Home\Controller\IndexController.class.php 第 21 行.
INFO: [ view_parse ] --START--
INFO: Run Behavior\ParseTemplateBehavior [ RunTime:0.030000s ]
INFO: [ view_parse ] --END-- [ RunTime:0.030000s ]
INFO: [ view_filter ] --START--
INFO: Run Behavior\WriteHtmlCacheBehavior [ RunTime:0.000000s ]
INFO: [ view_filter ] --END-- [ RunTime:0.002500s ]
SQL: SHOW COLUMNS FROM `sto_class` [ RunTime:0.0225s ]
SQL: SELECT * FROM `sto_class` WHERE `pid` = 35 ORDER BY sort asc  [ RunTime:0.0000s ]
INFO: [ view_parse ] --START--
INFO: Run Behavior\ParseTemplateBehavior [ RunTime:0.002500s ]
INFO: [ view_parse ] --END-- [ RunTime:-1.067517s ]
INFO: [ view_filter ] --START--
INFO: Run Behavior\WriteHtmlCacheBehavior [ RunTime:0.000000s ]
INFO: [ view_filter ] --END-- [ RunTime:-1.070017s ]
SQL: SELECT * FROM `sto_class` WHERE `pid` = 0 LIMIT 5   [ RunTime:0.0025s ]
SQL: SELECT * FROM `sto_class` WHERE ( pid=35 ) LIMIT 5   [ RunTime:0.0000s ]
INFO: [ view_parse ] --START--
INFO: Run Behavior\ParseTemplateBehavior [ RunTime:0.002500s ]
INFO: [ view_parse ] --END-- [ RunTime:-1.080017s ]
INFO: [ view_filter ] --START--
INFO: Run Behavior\WriteHtmlCacheBehavior [ RunTime:0.000000s ]
INFO: [ view_filter ] --END-- [ RunTime:-1.080017s ]
INFO: [ app_end ] --START--
INFO: Run Behavior\ShowPageTraceBehavior [ RunTime:0.002500s ]
INFO: [ app_end ] --END-- [ RunTime:0.002500s ]

[ 2017-04-12T21:35:14+08:00 ] ::1 /ule/Home/Help/PageHelp.html
INFO: [ app_init ] --START--
INFO: Run Behavior\BuildLiteBehavior [ RunTime:0.000000s ]
INFO: [ app_init ] --END-- [ RunTime:0.000000s ]
INFO: [ app_begin ] --START--
INFO: Run Behavior\ReadHtmlCacheBehavior [ RunTime:0.015600s ]
INFO: [ app_begin ] --END-- [ RunTime:0.015600s ]
SQL: SHOW COLUMNS FROM `sto_page` [ RunTime:0.0156s ]
SQL: SELECT * FROM `sto_page` WHERE ( uid=36 ) LIMIT 1   [ RunTime:0.0000s ]

[ 2017-04-12T21:35:17+08:00 ] ::1 /ule/Home/Help/PageHelp.html
INFO: [ app_init ] --START--
INFO: Run Behavior\BuildLiteBehavior [ RunTime:0.000000s ]
INFO: [ app_init ] --END-- [ RunTime:0.000000s ]
INFO: [ app_begin ] --START--
INFO: Run Behavior\ReadHtmlCacheBehavior [ RunTime:0.015600s ]
INFO: [ app_begin ] --END-- [ RunTime:0.015600s ]
SQL: SHOW COLUMNS FROM `sto_page` [ RunTime:0.0156s ]
SQL: SELECT * FROM `sto_page` WHERE ( uid=37 ) LIMIT 1   [ RunTime:0.0000s ]

[ 2017-04-12T21:35:19+08:00 ] ::1 /ule/Home/Help/PageHelp.html
INFO: [ app_init ] --START--
INFO: Run Behavior\BuildLiteBehavior [ RunTime:0.000000s ]
INFO: [ app_init ] --END-- [ RunTime:0.000000s ]
INFO: [ app_begin ] --START--
INFO: Run Behavior\ReadHtmlCacheBehavior [ RunTime:0.015600s ]
INFO: [ app_begin ] --END-- [ RunTime:0.015600s ]
SQL: SHOW COLUMNS FROM `sto_page` [ RunTime:0.0156s ]
SQL: SELECT * FROM `sto_page` WHERE ( uid=38 ) LIMIT 1   [ RunTime:0.0000s ]

[ 2017-04-12T21:35:20+08:00 ] ::1 /ule/Home/Help/PageHelp.html
INFO: [ app_init ] --START--
INFO: Run Behavior\BuildLiteBehavior [ RunTime:0.000000s ]
INFO: [ app_init ] --END-- [ RunTime:0.000000s ]
INFO: [ app_begin ] --START--
INFO: Run Behavior\ReadHtmlCacheBehavior [ RunTime:0.002500s ]
INFO: [ app_begin ] --END-- [ RunTime:0.002500s ]
SQL: SHOW COLUMNS FROM `sto_page` [ RunTime:0.0156s ]
SQL: SELECT * FROM `sto_page` WHERE ( uid=39 ) LIMIT 1   [ RunTime:0.0000s ]

[ 2017-04-12T21:35:22+08:00 ] ::1 /ule/Home/Help/PageHelp.html
INFO: [ app_init ] --START--
INFO: Run Behavior\BuildLiteBehavior [ RunTime:0.000000s ]
INFO: [ app_init ] --END-- [ RunTime:0.000000s ]
INFO: [ app_begin ] --START--
INFO: Run Behavior\ReadHtmlCacheBehavior [ RunTime:0.000000s ]
INFO: [ app_begin ] --END-- [ RunTime:0.000000s ]
SQL: SHOW COLUMNS FROM `sto_page` [ RunTime:0.0156s ]
SQL: SELECT * FROM `sto_page` WHERE ( uid=40 ) LIMIT 1   [ RunTime:0.0000s ]

[ 2017-04-12T21:35:25+08:00 ] ::1 /ule/Home/Help/PageHelp.html
INFO: [ app_init ] --START--
INFO: Run Behavior\BuildLiteBehavior [ RunTime:0.000000s ]
INFO: [ app_init ] --END-- [ RunTime:0.000000s ]
INFO: [ app_begin ] --START--
INFO: Run Behavior\ReadHtmlCacheBehavior [ RunTime:0.000000s ]
INFO: [ app_begin ] --END-- [ RunTime:0.000000s ]
SQL: SHOW COLUMNS FROM `sto_page` [ RunTime:0.0156s ]
SQL: SELECT * FROM `sto_page` WHERE ( uid=43 ) LIMIT 1   [ RunTime:0.0000s ]

[ 2017-04-12T21:35:27+08:00 ] ::1 /ule/Home/Help/PageHelp.html
INFO: [ app_init ] --START--
INFO: Run Behavior\BuildLiteBehavior [ RunTime:0.000000s ]
INFO: [ app_init ] --END-- [ RunTime:0.000000s ]
INFO: [ app_begin ] --START--
INFO: Run Behavior\ReadHtmlCacheBehavior [ RunTime:0.000000s ]
INFO: [ app_begin ] --END-- [ RunTime:0.000000s ]
SQL: SHOW COLUMNS FROM `sto_page` [ RunTime:0.0156s ]
SQL: SELECT * FROM `sto_page` WHERE ( uid=36 ) LIMIT 1   [ RunTime:0.0000s ]

[ 2017-04-12T21:35:35+08:00 ] ::1 /ule/Home/Help/PageHelp.html
INFO: [ app_init ] --START--
INFO: Run Behavior\BuildLiteBehavior [ RunTime:0.000000s ]
INFO: [ app_init ] --END-- [ RunTime:0.000000s ]
INFO: [ app_begin ] --START--
INFO: Run Behavior\ReadHtmlCacheBehavior [ RunTime:0.000000s ]
INFO: [ app_begin ] --END-- [ RunTime:0.000000s ]
SQL: SHOW COLUMNS FROM `sto_page` [ RunTime:0.0156s ]
SQL: SELECT * FROM `sto_page` WHERE ( uid=37 ) LIMIT 1   [ RunTime:0.0000s ]

[ 2017-04-12T21:36:33+08:00 ] ::1 /ule/Home/Help/PageHelp.html
INFO: [ app_init ] --START--
INFO: Run Behavior\BuildLiteBehavior [ RunTime:0.000000s ]
INFO: [ app_init ] --END-- [ RunTime:0.002500s ]
INFO: [ app_begin ] --START--
INFO: Run Behavior\ReadHtmlCacheBehavior [ RunTime:0.002500s ]
INFO: [ app_begin ] --END-- [ RunTime:0.002500s ]
SQL: SHOW COLUMNS FROM `sto_page` [ RunTime:0.0156s ]
SQL: SELECT * FROM `sto_page` WHERE ( uid=36 ) LIMIT 1   [ RunTime:0.0000s ]

[ 2017-04-12T21:39:10+08:00 ] ::1 /ule/Home/Help
INFO: [ app_init ] --START--
INFO: Run Behavior\BuildLiteBehavior [ RunTime:0.000000s ]
INFO: [ app_init ] --END-- [ RunTime:0.002500s ]
INFO: [ app_begin ] --START--
INFO: Run Behavior\ReadHtmlCacheBehavior [ RunTime:0.002500s ]
INFO: [ app_begin ] --END-- [ RunTime:0.002500s ]
NOTIC: [8] Constant WEB_SITE already defined D:\xampp\htdocs\ule\Application\Home\Controller\CommonController.class.php 第 18 行.
NOTIC: [8] Constant WEB_KEYWORD already defined D:\xampp\htdocs\ule\Application\Home\Controller\CommonController.class.php 第 19 行.
NOTIC: [8] Constant WEB_DESCRIPTION already defined D:\xampp\htdocs\ule\Application\Home\Controller\CommonController.class.php 第 20 行.
NOTIC: [2] Missing argument 3 for Home\Controller\IndexController::header(), called in D:\xampp\htdocs\ule\Application\Home\Controller\HelpController.class.php on line 11 and defined D:\xampp\htdocs\ule\Application\Home\Controller\IndexController.class.php 第 17 行.
NOTIC: [8] Undefined variable: lib D:\xampp\htdocs\ule\Application\Home\Controller\IndexController.class.php 第 21 行.
INFO: [ view_parse ] --START--
INFO: Run Behavior\ParseTemplateBehavior [ RunTime:0.032501s ]
INFO: [ view_parse ] --END-- [ RunTime:0.032501s ]
INFO: [ view_filter ] --START--
INFO: Run Behavior\WriteHtmlCacheBehavior [ RunTime:0.000000s ]
INFO: [ view_filter ] --END-- [ RunTime:0.000000s ]
SQL: SHOW COLUMNS FROM `sto_class` [ RunTime:0.0250s ]
SQL: SELECT * FROM `sto_class` WHERE `pid` = 35 ORDER BY sort asc  [ RunTime:0.0025s ]
INFO: [ view_parse ] --START--
INFO: Run Behavior\ParseTemplateBehavior [ RunTime:0.165003s ]
INFO: [ view_parse ] --END-- [ RunTime:-1.070016s ]
INFO: [ view_filter ] --START--
INFO: Run Behavior\WriteHtmlCacheBehavior [ RunTime:0.002500s ]
INFO: [ view_filter ] --END-- [ RunTime:-1.235019s ]
SQL: SELECT * FROM `sto_class` WHERE `pid` = 0 LIMIT 5   [ RunTime:0.0025s ]
SQL: SELECT * FROM `sto_class` WHERE ( pid=35 ) LIMIT 5   [ RunTime:0.0025s ]
INFO: [ view_parse ] --START--
INFO: Run Behavior\ParseTemplateBehavior [ RunTime:0.002500s ]
INFO: [ view_parse ] --END-- [ RunTime:-1.245019s ]
INFO: [ view_filter ] --START--
INFO: Run Behavior\WriteHtmlCacheBehavior [ RunTime:0.000000s ]
INFO: [ view_filter ] --END-- [ RunTime:-1.250019s ]
INFO: [ app_end ] --START--
INFO: Run Behavior\ShowPageTraceBehavior [ RunTime:0.002500s ]
INFO: [ app_end ] --END-- [ RunTime:0.002500s ]

[ 2017-04-12T21:39:12+08:00 ] ::1 /ule/Home/Help/PageHelp.html
INFO: [ app_init ] --START--
INFO: Run Behavior\BuildLiteBehavior [ RunTime:0.000000s ]
INFO: [ app_init ] --END-- [ RunTime:0.002500s ]
INFO: [ app_begin ] --START--
INFO: Run Behavior\ReadHtmlCacheBehavior [ RunTime:0.005000s ]
INFO: [ app_begin ] --END-- [ RunTime:0.007500s ]
SQL: SHOW COLUMNS FROM `sto_page` [ RunTime:0.0156s ]
SQL: SELECT * FROM `sto_page` WHERE ( uid=36 ) LIMIT 1   [ RunTime:0.0000s ]

[ 2017-04-12T21:39:15+08:00 ] ::1 /ule/Home/Help/PageHelp.html
INFO: [ app_init ] --START--
INFO: Run Behavior\BuildLiteBehavior [ RunTime:0.000000s ]
INFO: [ app_init ] --END-- [ RunTime:0.000000s ]
INFO: [ app_begin ] --START--
INFO: Run Behavior\ReadHtmlCacheBehavior [ RunTime:0.000000s ]
INFO: [ app_begin ] --END-- [ RunTime:0.000000s ]
SQL: SHOW COLUMNS FROM `sto_page` [ RunTime:0.0156s ]
SQL: SELECT * FROM `sto_page` WHERE ( uid=37 ) LIMIT 1   [ RunTime:0.0000s ]

[ 2017-04-12T21:39:17+08:00 ] ::1 /ule/Home/Help/PageHelp.html
INFO: [ app_init ] --START--
INFO: Run Behavior\BuildLiteBehavior [ RunTime:0.000000s ]
INFO: [ app_init ] --END-- [ RunTime:0.002500s ]
INFO: [ app_begin ] --START--
INFO: Run Behavior\ReadHtmlCacheBehavior [ RunTime:0.000000s ]
INFO: [ app_begin ] --END-- [ RunTime:0.000000s ]
SQL: SHOW COLUMNS FROM `sto_page` [ RunTime:0.0156s ]
SQL: SELECT * FROM `sto_page` WHERE ( uid=39 ) LIMIT 1   [ RunTime:0.0000s ]

[ 2017-04-12T21:39:18+08:00 ] ::1 /ule/Home/Help/PageHelp.html
INFO: [ app_init ] --START--
INFO: Run Behavior\BuildLiteBehavior [ RunTime:0.000000s ]
INFO: [ app_init ] --END-- [ RunTime:0.002500s ]
INFO: [ app_begin ] --START--
INFO: Run Behavior\ReadHtmlCacheBehavior [ RunTime:0.002500s ]
INFO: [ app_begin ] --END-- [ RunTime:0.002500s ]
SQL: SHOW COLUMNS FROM `sto_page` [ RunTime:0.0250s ]
SQL: SELECT * FROM `sto_page` WHERE ( uid=38 ) LIMIT 1   [ RunTime:0.0025s ]

[ 2017-04-12T21:39:19+08:00 ] ::1 /ule/Home/Help/PageHelp.html
INFO: [ app_init ] --START--
INFO: Run Behavior\BuildLiteBehavior [ RunTime:0.000000s ]
INFO: [ app_init ] --END-- [ RunTime:0.000000s ]
INFO: [ app_begin ] --START--
INFO: Run Behavior\ReadHtmlCacheBehavior [ RunTime:0.002500s ]
INFO: [ app_begin ] --END-- [ RunTime:0.002500s ]
SQL: SHOW COLUMNS FROM `sto_page` [ RunTime:0.0225s ]
SQL: SELECT * FROM `sto_page` WHERE ( uid=38 ) LIMIT 1   [ RunTime:0.0025s ]

[ 2017-04-12T21:39:29+08:00 ] ::1 /ule/Home/Help/PageHelp.html
INFO: [ app_init ] --START--
INFO: Run Behavior\BuildLiteBehavior [ RunTime:0.000000s ]
INFO: [ app_init ] --END-- [ RunTime:0.000000s ]
INFO: [ app_begin ] --START--
INFO: Run Behavior\ReadHtmlCacheBehavior [ RunTime:0.000000s ]
INFO: [ app_begin ] --END-- [ RunTime:0.000000s ]
SQL: SHOW COLUMNS FROM `sto_page` [ RunTime:0.0156s ]
SQL: SELECT * FROM `sto_page` WHERE ( uid=38 ) LIMIT 1   [ RunTime:0.0000s ]

[ 2017-04-12T21:39:30+08:00 ] ::1 /ule/Home/Help/PageHelp.html
INFO: [ app_init ] --START--
INFO: Run Behavior\BuildLiteBehavior [ RunTime:0.000000s ]
INFO: [ app_init ] --END-- [ RunTime:0.000000s ]
INFO: [ app_begin ] --START--
INFO: Run Behavior\ReadHtmlCacheBehavior [ RunTime:0.000000s ]
INFO: [ app_begin ] --END-- [ RunTime:0.000000s ]
SQL: SHOW COLUMNS FROM `sto_page` [ RunTime:0.0200s ]
SQL: SELECT * FROM `sto_page` WHERE ( uid=37 ) LIMIT 1   [ RunTime:0.0025s ]

[ 2017-04-12T21:39:33+08:00 ] ::1 /ule/Home/Help/PageHelp.html
INFO: [ app_init ] --START--
INFO: Run Behavior\BuildLiteBehavior [ RunTime:0.000000s ]
INFO: [ app_init ] --END-- [ RunTime:0.002500s ]
INFO: [ app_begin ] --START--
INFO: Run Behavior\ReadHtmlCacheBehavior [ RunTime:0.000000s ]
INFO: [ app_begin ] --END-- [ RunTime:0.000000s ]
SQL: SHOW COLUMNS FROM `sto_page` [ RunTime:0.0225s ]
SQL: SELECT * FROM `sto_page` WHERE ( uid=39 ) LIMIT 1   [ RunTime:0.0000s ]

[ 2017-04-12T21:39:35+08:00 ] ::1 /ule/Home/Help/PageHelp.html
INFO: [ app_init ] --START--
INFO: Run Behavior\BuildLiteBehavior [ RunTime:0.000000s ]
INFO: [ app_init ] --END-- [ RunTime:0.000000s ]
INFO: [ app_begin ] --START--
INFO: Run Behavior\ReadHtmlCacheBehavior [ RunTime:0.002501s ]
INFO: [ app_begin ] --END-- [ RunTime:0.002501s ]
SQL: SHOW COLUMNS FROM `sto_page` [ RunTime:0.0156s ]
SQL: SELECT * FROM `sto_page` WHERE ( uid=40 ) LIMIT 1   [ RunTime:0.0000s ]

[ 2017-04-12T21:39:37+08:00 ] ::1 /ule/Home/Help/PageHelp.html
INFO: [ app_init ] --START--
INFO: Run Behavior\BuildLiteBehavior [ RunTime:0.000000s ]
INFO: [ app_init ] --END-- [ RunTime:0.000000s ]
INFO: [ app_begin ] --START--
INFO: Run Behavior\ReadHtmlCacheBehavior [ RunTime:0.002500s ]
INFO: [ app_begin ] --END-- [ RunTime:0.002500s ]
SQL: SHOW COLUMNS FROM `sto_page` [ RunTime:0.0156s ]
SQL: SELECT * FROM `sto_page` WHERE ( uid=43 ) LIMIT 1   [ RunTime:0.0000s ]

[ 2017-04-12T21:39:45+08:00 ] ::1 /ule/Home/Help/PageHelp.html
INFO: [ app_init ] --START--
INFO: Run Behavior\BuildLiteBehavior [ RunTime:0.000000s ]
INFO: [ app_init ] --END-- [ RunTime:0.000000s ]
INFO: [ app_begin ] --START--
INFO: Run Behavior\ReadHtmlCacheBehavior [ RunTime:0.000000s ]
INFO: [ app_begin ] --END-- [ RunTime:0.000000s ]
SQL: SHOW COLUMNS FROM `sto_page` [ RunTime:0.0156s ]
SQL: SELECT * FROM `sto_page` WHERE ( uid=40 ) LIMIT 1   [ RunTime:0.0000s ]

[ 2017-04-12T21:39:46+08:00 ] ::1 /ule/Home/Help/PageHelp.html
INFO: [ app_init ] --START--
INFO: Run Behavior\BuildLiteBehavior [ RunTime:0.000000s ]
INFO: [ app_init ] --END-- [ RunTime:0.000000s ]
INFO: [ app_begin ] --START--
INFO: Run Behavior\ReadHtmlCacheBehavior [ RunTime:0.000000s ]
INFO: [ app_begin ] --END-- [ RunTime:0.000000s ]
SQL: SHOW COLUMNS FROM `sto_page` [ RunTime:0.0156s ]
SQL: SELECT * FROM `sto_page` WHERE ( uid=39 ) LIMIT 1   [ RunTime:0.0000s ]

[ 2017-04-12T21:39:47+08:00 ] ::1 /ule/Home/Help/PageHelp.html
INFO: [ app_init ] --START--
INFO: Run Behavior\BuildLiteBehavior [ RunTime:0.000000s ]
INFO: [ app_init ] --END-- [ RunTime:0.000000s ]
INFO: [ app_begin ] --START--
INFO: Run Behavior\ReadHtmlCacheBehavior [ RunTime:0.000000s ]
INFO: [ app_begin ] --END-- [ RunTime:0.000000s ]
SQL: SHOW COLUMNS FROM `sto_page` [ RunTime:0.0156s ]
SQL: SELECT * FROM `sto_page` WHERE ( uid=37 ) LIMIT 1   [ RunTime:0.0000s ]

[ 2017-04-12T21:39:48+08:00 ] ::1 /ule/Home/Help/PageHelp.html
INFO: [ app_init ] --START--
INFO: Run Behavior\BuildLiteBehavior [ RunTime:0.000000s ]
INFO: [ app_init ] --END-- [ RunTime:0.000000s ]
INFO: [ app_begin ] --START--
INFO: Run Behavior\ReadHtmlCacheBehavior [ RunTime:0.002500s ]
INFO: [ app_begin ] --END-- [ RunTime:0.002500s ]
SQL: SHOW COLUMNS FROM `sto_page` [ RunTime:0.0156s ]
SQL: SELECT * FROM `sto_page` WHERE ( uid=36 ) LIMIT 1   [ RunTime:0.0000s ]

[ 2017-04-12T21:39:51+08:00 ] ::1 /ule/Home/Login/index.html
INFO: [ app_init ] --START--
INFO: Run Behavior\BuildLiteBehavior [ RunTime:0.000000s ]
INFO: [ app_init ] --END-- [ RunTime:0.002500s ]
INFO: [ app_begin ] --START--
INFO: Run Behavior\ReadHtmlCacheBehavior [ RunTime:0.002500s ]
INFO: [ app_begin ] --END-- [ RunTime:0.002500s ]
INFO: [ view_parse ] --START--
INFO: Run Behavior\ParseTemplateBehavior [ RunTime:0.037500s ]
INFO: [ view_parse ] --END-- [ RunTime:0.040000s ]
INFO: [ view_filter ] --START--
INFO: Run Behavior\WriteHtmlCacheBehavior [ RunTime:0.000000s ]
INFO: [ view_filter ] --END-- [ RunTime:0.000000s ]
INFO: [ app_end ] --START--
INFO: Run Behavior\ShowPageTraceBehavior [ RunTime:0.002500s ]
INFO: [ app_end ] --END-- [ RunTime:0.002500s ]

[ 2017-04-12T21:39:55+08:00 ] ::1 /ule/Home/Help/PageHelp.html
INFO: [ app_init ] --START--
INFO: Run Behavior\BuildLiteBehavior [ RunTime:0.000000s ]
INFO: [ app_init ] --END-- [ RunTime:0.002500s ]
INFO: [ app_begin ] --START--
INFO: Run Behavior\ReadHtmlCacheBehavior [ RunTime:0.002500s ]
INFO: [ app_begin ] --END-- [ RunTime:0.002500s ]
SQL: SHOW COLUMNS FROM `sto_page` [ RunTime:0.0225s ]
SQL: SELECT * FROM `sto_page` WHERE ( uid=36 ) LIMIT 1   [ RunTime:0.0000s ]

[ 2017-04-12T21:39:55+08:00 ] ::1 /ule/Home/Login/reg.html
INFO: [ app_init ] --START--
INFO: Run Behavior\BuildLiteBehavior [ RunTime:0.000000s ]
INFO: [ app_init ] --END-- [ RunTime:0.005000s ]
INFO: [ app_begin ] --START--
INFO: Run Behavior\ReadHtmlCacheBehavior [ RunTime:0.002500s ]
INFO: [ app_begin ] --END-- [ RunTime:0.002500s ]
INFO: [ view_parse ] --START--
INFO: Run Behavior\ParseTemplateBehavior [ RunTime:0.047501s ]
INFO: [ view_parse ] --END-- [ RunTime:0.047501s ]
INFO: [ view_filter ] --START--
INFO: Run Behavior\WriteHtmlCacheBehavior [ RunTime:0.002500s ]
INFO: [ view_filter ] --END-- [ RunTime:0.002500s ]
INFO: [ app_end ] --START--
INFO: Run Behavior\ShowPageTraceBehavior [ RunTime:0.002500s ]
INFO: [ app_end ] --END-- [ RunTime:0.002500s ]

[ 2017-04-12T21:39:58+08:00 ] ::1 /ule/Home/Help/PageHelp.html
INFO: [ app_init ] --START--
INFO: Run Behavior\BuildLiteBehavior [ RunTime:0.000000s ]
INFO: [ app_init ] --END-- [ RunTime:0.000000s ]
INFO: [ app_begin ] --START--
INFO: Run Behavior\ReadHtmlCacheBehavior [ RunTime:0.002500s ]
INFO: [ app_begin ] --END-- [ RunTime:0.002500s ]
SQL: SHOW COLUMNS FROM `sto_page` [ RunTime:0.0225s ]
SQL: SELECT * FROM `sto_page` WHERE ( uid=36 ) LIMIT 1   [ RunTime:0.0000s ]

[ 2017-04-12T21:39:59+08:00 ] ::1 /ule/Home/Help/index.html
INFO: [ app_init ] --START--
INFO: Run Behavior\BuildLiteBehavior [ RunTime:0.000000s ]
INFO: [ app_init ] --END-- [ RunTime:0.002500s ]
INFO: [ app_begin ] --START--
INFO: Run Behavior\ReadHtmlCacheBehavior [ RunTime:0.002500s ]
INFO: [ app_begin ] --END-- [ RunTime:0.002500s ]
NOTIC: [8] Constant WEB_SITE already defined D:\xampp\htdocs\ule\Application\Home\Controller\CommonController.class.php 第 18 行.
NOTIC: [8] Constant WEB_KEYWORD already defined D:\xampp\htdocs\ule\Application\Home\Controller\CommonController.class.php 第 19 行.
NOTIC: [8] Constant WEB_DESCRIPTION already defined D:\xampp\htdocs\ule\Application\Home\Controller\CommonController.class.php 第 20 行.
NOTIC: [2] Missing argument 3 for Home\Controller\IndexController::header(), called in D:\xampp\htdocs\ule\Application\Home\Controller\HelpController.class.php on line 11 and defined D:\xampp\htdocs\ule\Application\Home\Controller\IndexController.class.php 第 17 行.
NOTIC: [8] Undefined variable: lib D:\xampp\htdocs\ule\Application\Home\Controller\IndexController.class.php 第 21 行.
INFO: [ view_parse ] --START--
INFO: Run Behavior\ParseTemplateBehavior [ RunTime:0.032501s ]
INFO: [ view_parse ] --END-- [ RunTime:0.032501s ]
INFO: [ view_filter ] --START--
INFO: Run Behavior\WriteHtmlCacheBehavior [ RunTime:0.000000s ]
INFO: [ view_filter ] --END-- [ RunTime:0.002500s ]
SQL: SHOW COLUMNS FROM `sto_class` [ RunTime:0.0250s ]
SQL: SELECT * FROM `sto_class` WHERE `pid` = 35 ORDER BY sort asc  [ RunTime:0.0025s ]
INFO: [ view_parse ] --START--
INFO: Run Behavior\ParseTemplateBehavior [ RunTime:0.005000s ]
INFO: [ view_parse ] --END-- [ RunTime:-1.087516s ]
INFO: [ view_filter ] --START--
INFO: Run Behavior\WriteHtmlCacheBehavior [ RunTime:0.000000s ]
INFO: [ view_filter ] --END-- [ RunTime:-1.090016s ]
SQL: SELECT * FROM `sto_class` WHERE `pid` = 0 LIMIT 5   [ RunTime:0.0000s ]
SQL: SELECT * FROM `sto_class` WHERE ( pid=35 ) LIMIT 5   [ RunTime:0.0000s ]
INFO: [ view_parse ] --START--
INFO: Run Behavior\ParseTemplateBehavior [ RunTime:0.002500s ]
INFO: [ view_parse ] --END-- [ RunTime:-1.100017s ]
INFO: [ view_filter ] --START--
INFO: Run Behavior\WriteHtmlCacheBehavior [ RunTime:0.000000s ]
INFO: [ view_filter ] --END-- [ RunTime:-1.100017s ]
INFO: [ app_end ] --START--
INFO: Run Behavior\ShowPageTraceBehavior [ RunTime:0.002500s ]
INFO: [ app_end ] --END-- [ RunTime:0.002500s ]

[ 2017-04-12T21:40:01+08:00 ] ::1 /ule/Home/Help/PageHelp.html
INFO: [ app_init ] --START--
INFO: Run Behavior\BuildLiteBehavior [ RunTime:0.000000s ]
INFO: [ app_init ] --END-- [ RunTime:0.000000s ]
INFO: [ app_begin ] --START--
INFO: Run Behavior\ReadHtmlCacheBehavior [ RunTime:0.002500s ]
INFO: [ app_begin ] --END-- [ RunTime:0.002500s ]
SQL: SHOW COLUMNS FROM `sto_page` [ RunTime:0.0156s ]
SQL: SELECT * FROM `sto_page` WHERE ( uid=36 ) LIMIT 1   [ RunTime:0.0000s ]

[ 2017-04-12T21:53:07+08:00 ] ::1 /ule/Home/Help/index.html
INFO: [ app_init ] --START--
INFO: Run Behavior\BuildLiteBehavior [ RunTime:0.000000s ]
INFO: [ app_init ] --END-- [ RunTime:0.003000s ]
INFO: [ app_begin ] --START--
INFO: Run Behavior\ReadHtmlCacheBehavior [ RunTime:0.003000s ]
INFO: [ app_begin ] --END-- [ RunTime:0.003000s ]
NOTIC: [8] Constant WEB_SITE already defined D:\xampp\htdocs\ule\Application\Home\Controller\CommonController.class.php 第 18 行.
NOTIC: [8] Constant WEB_KEYWORD already defined D:\xampp\htdocs\ule\Application\Home\Controller\CommonController.class.php 第 19 行.
NOTIC: [8] Constant WEB_DESCRIPTION already defined D:\xampp\htdocs\ule\Application\Home\Controller\CommonController.class.php 第 20 行.
NOTIC: [2] Missing argument 3 for Home\Controller\IndexController::header(), called in D:\xampp\htdocs\ule\Application\Home\Controller\HelpController.class.php on line 11 and defined D:\xampp\htdocs\ule\Application\Home\Controller\IndexController.class.php 第 17 行.
NOTIC: [8] Undefined variable: lib D:\xampp\htdocs\ule\Application\Home\Controller\IndexController.class.php 第 21 行.
INFO: [ view_parse ] --START--
INFO: Run Behavior\ParseTemplateBehavior [ RunTime:0.050003s ]
INFO: [ view_parse ] --END-- [ RunTime:0.050003s ]
INFO: [ view_filter ] --START--
INFO: Run Behavior\WriteHtmlCacheBehavior [ RunTime:0.003000s ]
INFO: [ view_filter ] --END-- [ RunTime:0.003000s ]
ERR: SQLSTATE[42S02]: Base table or view not found: 1146 Table 'ule.sto_class' doesn't exist

[ 2017-04-12T21:53:56+08:00 ] ::1 /ule/Home/Help/index.html
INFO: [ app_init ] --START--
INFO: Run Behavior\BuildLiteBehavior [ RunTime:0.000000s ]
INFO: [ app_init ] --END-- [ RunTime:0.003000s ]
INFO: [ app_begin ] --START--
INFO: Run Behavior\ReadHtmlCacheBehavior [ RunTime:0.003000s ]
INFO: [ app_begin ] --END-- [ RunTime:0.003000s ]
NOTIC: [8] Constant WEB_SITE already defined D:\xampp\htdocs\ule\Application\Home\Controller\CommonController.class.php 第 18 行.
NOTIC: [8] Constant WEB_KEYWORD already defined D:\xampp\htdocs\ule\Application\Home\Controller\CommonController.class.php 第 19 行.
NOTIC: [8] Constant WEB_DESCRIPTION already defined D:\xampp\htdocs\ule\Application\Home\Controller\CommonController.class.php 第 20 行.
NOTIC: [2] Missing argument 3 for Home\Controller\IndexController::header(), called in D:\xampp\htdocs\ule\Application\Home\Controller\HelpController.class.php on line 11 and defined D:\xampp\htdocs\ule\Application\Home\Controller\IndexController.class.php 第 17 行.
NOTIC: [8] Undefined variable: lib D:\xampp\htdocs\ule\Application\Home\Controller\IndexController.class.php 第 21 行.
INFO: [ view_parse ] --START--
INFO: Run Behavior\ParseTemplateBehavior [ RunTime:0.050003s ]
INFO: [ view_parse ] --END-- [ RunTime:0.050003s ]
INFO: [ view_filter ] --START--
INFO: Run Behavior\WriteHtmlCacheBehavior [ RunTime:0.002000s ]
INFO: [ view_filter ] --END-- [ RunTime:0.003000s ]
SQL: SHOW COLUMNS FROM `ule_class` [ RunTime:0.0260s ]
SQL: SELECT * FROM `ule_class` WHERE `pid` = 35 ORDER BY sort asc  [ RunTime:0.0020s ]
INFO: [ view_parse ] --START--
INFO: Run Behavior\ParseTemplateBehavior [ RunTime:0.005001s ]
INFO: [ view_parse ] --END-- [ RunTime:-1.090062s ]
INFO: [ view_filter ] --START--
INFO: Run Behavior\WriteHtmlCacheBehavior [ RunTime:0.000000s ]
INFO: [ view_filter ] --END-- [ RunTime:-1.092063s ]
SQL: SELECT * FROM `ule_class` WHERE `pid` = 0 LIMIT 5   [ RunTime:0.0010s ]
SQL: SELECT * FROM `ule_class` WHERE ( pid=35 ) LIMIT 5   [ RunTime:0.0010s ]
INFO: [ view_parse ] --START--
INFO: Run Behavior\ParseTemplateBehavior [ RunTime:0.004000s ]
INFO: [ view_parse ] --END-- [ RunTime:-1.103063s ]
INFO: [ view_filter ] --START--
INFO: Run Behavior\WriteHtmlCacheBehavior [ RunTime:0.000000s ]
INFO: [ view_filter ] --END-- [ RunTime:-1.104063s ]
INFO: [ app_end ] --START--
INFO: Run Behavior\ShowPageTraceBehavior [ RunTime:0.003000s ]
INFO: [ app_end ] --END-- [ RunTime:0.003000s ]

[ 2017-04-12T21:53:58+08:00 ] ::1 /ule/Home/Help/PageHelp.html
INFO: [ app_init ] --START--
INFO: Run Behavior\BuildLiteBehavior [ RunTime:0.000000s ]
INFO: [ app_init ] --END-- [ RunTime:0.002000s ]
INFO: [ app_begin ] --START--
INFO: Run Behavior\ReadHtmlCacheBehavior [ RunTime:0.002001s ]
INFO: [ app_begin ] --END-- [ RunTime:0.003001s ]
SQL: SHOW COLUMNS FROM `ule_page` [ RunTime:0.0240s ]
SQL: SELECT * FROM `ule_page` WHERE ( uid=36 ) LIMIT 1   [ RunTime:0.0020s ]

[ 2017-04-12T21:54:00+08:00 ] ::1 /ule/Home/Help/PageHelp.html
INFO: [ app_init ] --START--
INFO: Run Behavior\BuildLiteBehavior [ RunTime:0.000000s ]
INFO: [ app_init ] --END-- [ RunTime:0.001000s ]
INFO: [ app_begin ] --START--
INFO: Run Behavior\ReadHtmlCacheBehavior [ RunTime:0.001000s ]
INFO: [ app_begin ] --END-- [ RunTime:0.002000s ]
SQL: SHOW COLUMNS FROM `ule_page` [ RunTime:0.0250s ]
SQL: SELECT * FROM `ule_page` WHERE ( uid=37 ) LIMIT 1   [ RunTime:0.0020s ]

[ 2017-04-12T21:54:02+08:00 ] ::1 /ule/Home/Help/PageHelp.html
INFO: [ app_init ] --START--
INFO: Run Behavior\BuildLiteBehavior [ RunTime:0.000000s ]
INFO: [ app_init ] --END-- [ RunTime:0.002001s ]
INFO: [ app_begin ] --START--
INFO: Run Behavior\ReadHtmlCacheBehavior [ RunTime:0.002000s ]
INFO: [ app_begin ] --END-- [ RunTime:0.003000s ]
SQL: SHOW COLUMNS FROM `ule_page` [ RunTime:0.0260s ]
SQL: SELECT * FROM `ule_page` WHERE ( uid=39 ) LIMIT 1   [ RunTime:0.0010s ]

[ 2017-04-12T21:58:48+08:00 ] ::1 /ule/Home/Help/PageHelp.html
INFO: [ app_init ] --START--
INFO: Run Behavior\BuildLiteBehavior [ RunTime:0.000000s ]
INFO: [ app_init ] --END-- [ RunTime:0.002000s ]
INFO: [ app_begin ] --START--
INFO: Run Behavior\ReadHtmlCacheBehavior [ RunTime:0.003000s ]
INFO: [ app_begin ] --END-- [ RunTime:0.003000s ]
SQL: SHOW COLUMNS FROM `ule_page` [ RunTime:0.0250s ]
SQL: SELECT * FROM `ule_page` WHERE ( uid=36 ) LIMIT 1   [ RunTime:0.0010s ]

[ 2017-04-12T21:58:51+08:00 ] ::1 /ule/Home/Help/index.html
INFO: [ app_init ] --START--
INFO: Run Behavior\BuildLiteBehavior [ RunTime:0.000000s ]
INFO: [ app_init ] --END-- [ RunTime:0.002000s ]
INFO: [ app_begin ] --START--
INFO: Run Behavior\ReadHtmlCacheBehavior [ RunTime:0.002000s ]
INFO: [ app_begin ] --END-- [ RunTime:0.003000s ]
NOTIC: [8] Constant WEB_SITE already defined D:\xampp\htdocs\ule\Application\Home\Controller\CommonController.class.php 第 18 行.
NOTIC: [8] Constant WEB_KEYWORD already defined D:\xampp\htdocs\ule\Application\Home\Controller\CommonController.class.php 第 19 行.
NOTIC: [8] Constant WEB_DESCRIPTION already defined D:\xampp\htdocs\ule\Application\Home\Controller\CommonController.class.php 第 20 行.
NOTIC: [2] Missing argument 3 for Home\Controller\IndexController::header(), called in D:\xampp\htdocs\ule\Application\Home\Controller\HelpController.class.php on line 11 and defined D:\xampp\htdocs\ule\Application\Home\Controller\IndexController.class.php 第 17 行.
NOTIC: [8] Undefined variable: lib D:\xampp\htdocs\ule\Application\Home\Controller\IndexController.class.php 第 21 行.
INFO: [ view_parse ] --START--
INFO: Run Behavior\ParseTemplateBehavior [ RunTime:0.051003s ]
INFO: [ view_parse ] --END-- [ RunTime:0.051003s ]
INFO: [ view_filter ] --START--
INFO: Run Behavior\WriteHtmlCacheBehavior [ RunTime:0.001000s ]
INFO: [ view_filter ] --END-- [ RunTime:0.002000s ]
SQL: SHOW COLUMNS FROM `ule_class` [ RunTime:0.0240s ]
SQL: SELECT * FROM `ule_class` WHERE `pid` = 35 ORDER BY sort asc  [ RunTime:0.0010s ]
INFO: [ view_parse ] --START--
INFO: Run Behavior\ParseTemplateBehavior [ RunTime:0.004001s ]
INFO: [ view_parse ] --END-- [ RunTime:-1.073061s ]
INFO: [ view_filter ] --START--
INFO: Run Behavior\WriteHtmlCacheBehavior [ RunTime:0.000000s ]
INFO: [ view_filter ] --END-- [ RunTime:-1.075062s ]
SQL: SELECT * FROM `ule_class` WHERE `pid` = 0 LIMIT 5   [ RunTime:0.0010s ]
SQL: SELECT * FROM `ule_class` WHERE ( pid=35 ) LIMIT 5   [ RunTime:0.0010s ]
INFO: [ view_parse ] --START--
INFO: Run Behavior\ParseTemplateBehavior [ RunTime:0.004000s ]
INFO: [ view_parse ] --END-- [ RunTime:-1.086062s ]
INFO: [ view_filter ] --START--
INFO: Run Behavior\WriteHtmlCacheBehavior [ RunTime:0.000000s ]
INFO: [ view_filter ] --END-- [ RunTime:-1.088062s ]
INFO: [ app_end ] --START--
INFO: Run Behavior\ShowPageTraceBehavior [ RunTime:0.002000s ]
INFO: [ app_end ] --END-- [ RunTime:0.002000s ]

[ 2017-04-12T21:58:52+08:00 ] ::1 /ule/Home/Help/PageHelp.html
INFO: [ app_init ] --START--
INFO: Run Behavior\BuildLiteBehavior [ RunTime:0.000000s ]
INFO: [ app_init ] --END-- [ RunTime:0.002000s ]
INFO: [ app_begin ] --START--
INFO: Run Behavior\ReadHtmlCacheBehavior [ RunTime:0.002000s ]
INFO: [ app_begin ] --END-- [ RunTime:0.002000s ]
SQL: SHOW COLUMNS FROM `ule_page` [ RunTime:0.0220s ]
SQL: SELECT * FROM `ule_page` WHERE ( uid=36 ) LIMIT 1   [ RunTime:0.0010s ]

