[ 2017-04-06T21:33:17+08:00 ] ::1 /ule/Public/home/lib/swiper/swiper-3.4.0.jquery.min.css
INFO: [ app_init ] --START--
INFO: Run Behavior\BuildLiteBehavior [ RunTime:0.000000s ]
INFO: [ app_init ] --END-- [ RunTime:0.001000s ]
ERR: 无法加载模块:Public

[ 2017-04-06T21:35:08+08:00 ] ::1 /ule/Public/home/lib/swiper/swiper-3.4.0.jquery.min.css
INFO: [ app_init ] --START--
INFO: Run Behavior\BuildLiteBehavior [ RunTime:0.000000s ]
INFO: [ app_init ] --END-- [ RunTime:0.002000s ]
ERR: 无法加载模块:Public

[ 2017-04-06T21:35:31+08:00 ] ::1 /ule/Public/home/lib/swiper/swiper-3.4.0.jquery.min.css
INFO: [ app_init ] --START--
INFO: Run Behavior\BuildLiteBehavior [ RunTime:0.000000s ]
INFO: [ app_init ] --END-- [ RunTime:0.001000s ]
ERR: 无法加载模块:Public

[ 2017-04-06T21:47:43+08:00 ] ::1 /ule/Public/home/img/reg_login.jpg
INFO: [ app_init ] --START--
INFO: Run Behavior\BuildLiteBehavior [ RunTime:0.000000s ]
INFO: [ app_init ] --END-- [ RunTime:0.001000s ]
ERR: 无法加载模块:Public

[ 2017-04-06T21:48:11+08:00 ] ::1 /ule/Public/home/img/reg_login.jpg
INFO: [ app_init ] --START--
INFO: Run Behavior\BuildLiteBehavior [ RunTime:0.000000s ]
INFO: [ app_init ] --END-- [ RunTime:0.001000s ]
ERR: 无法加载模块:Public

