[ 2017-04-20T22:58:47+08:00 ] ::1 /ule/admin
INFO: [ app_init ] --START--
INFO: Run Behavior\BuildLiteBehavior [ RunTime:0.000000s ]
INFO: [ app_init ] --END-- [ RunTime:0.001001s ]
INFO: [ app_begin ] --START--
INFO: Run Behavior\ReadHtmlCacheBehavior [ RunTime:0.001000s ]
INFO: [ app_begin ] --END-- [ RunTime:0.002000s ]
INFO: [ view_parse ] --START--
NOTIC: [8] Undefined index: wuliu D:\xampp\htdocs\ule\Application\Runtime\Cache\5003fa0c88815279fa2c6a00bd6ce378ddabc8e1.file.left_menu.html.php 第 131 行.
NOTIC: [8] Trying to get property of non-object D:\xampp\htdocs\ule\Application\Runtime\Cache\5003fa0c88815279fa2c6a00bd6ce378ddabc8e1.file.left_menu.html.php 第 131 行.
INFO: Run Behavior\ParseTemplateBehavior [ RunTime:0.040002s ]
INFO: [ view_parse ] --END-- [ RunTime:0.041002s ]
INFO: [ view_filter ] --START--
INFO: Run Behavior\WriteHtmlCacheBehavior [ RunTime:0.002000s ]
INFO: [ view_filter ] --END-- [ RunTime:0.002000s ]
INFO: [ app_end ] --START--
INFO: Run Behavior\ShowPageTraceBehavior [ RunTime:0.003000s ]
INFO: [ app_end ] --END-- [ RunTime:0.004000s ]

[ 2017-04-20T22:58:48+08:00 ] ::1 /ule/Admin/Index/welcome.html
INFO: [ app_init ] --START--
INFO: Run Behavior\BuildLiteBehavior [ RunTime:0.000000s ]
INFO: [ app_init ] --END-- [ RunTime:0.001000s ]
INFO: [ app_begin ] --START--
INFO: Run Behavior\ReadHtmlCacheBehavior [ RunTime:0.002000s ]
INFO: [ app_begin ] --END-- [ RunTime:0.002000s ]
INFO: [ view_parse ] --START--
INFO: Run Behavior\ParseTemplateBehavior [ RunTime:0.042002s ]
INFO: [ view_parse ] --END-- [ RunTime:0.042002s ]
INFO: [ view_filter ] --START--
INFO: Run Behavior\WriteHtmlCacheBehavior [ RunTime:0.002001s ]
INFO: [ view_filter ] --END-- [ RunTime:0.002001s ]
INFO: [ app_end ] --START--
INFO: Run Behavior\ShowPageTraceBehavior [ RunTime:0.002000s ]
INFO: [ app_end ] --END-- [ RunTime:0.002000s ]

[ 2017-04-20T22:58:53+08:00 ] ::1 /ule/Admin/News/index.html
INFO: [ app_init ] --START--
INFO: Run Behavior\BuildLiteBehavior [ RunTime:0.000000s ]
INFO: [ app_init ] --END-- [ RunTime:0.002000s ]
INFO: [ app_begin ] --START--
INFO: Run Behavior\ReadHtmlCacheBehavior [ RunTime:0.002000s ]
INFO: [ app_begin ] --END-- [ RunTime:0.002000s ]
SQL: SHOW COLUMNS FROM `ule_class` [ RunTime:0.0230s ]
SQL: SELECT * FROM `ule_class`  [ RunTime:0.0010s ]
SQL: SHOW COLUMNS FROM `ule_news` [ RunTime:0.0230s ]
SQL: SELECT COUNT(id) AS tp_count FROM `ule_news` LIMIT 1   [ RunTime:0.0010s ]
SQL: SHOW COLUMNS FROM `ule_news` [ RunTime:0.0240s ]
SQL: SELECT n.*,c.class_name,f.name FROM ule_news n,ule_class c,ule_from f WHERE ( n.uid=c.id AND n.fromid=f.id ) ORDER BY n.sort asc LIMIT 0,20   [ RunTime:0.0210s ]
INFO: [ view_parse ] --START--
INFO: Run Behavior\ParseTemplateBehavior [ RunTime:0.059003s ]
INFO: [ view_parse ] --END-- [ RunTime:0.059003s ]
INFO: [ view_filter ] --START--
INFO: Run Behavior\WriteHtmlCacheBehavior [ RunTime:0.002000s ]
INFO: [ view_filter ] --END-- [ RunTime:0.003000s ]
INFO: [ app_end ] --START--
INFO: Run Behavior\ShowPageTraceBehavior [ RunTime:0.003000s ]
INFO: [ app_end ] --END-- [ RunTime:0.003000s ]

[ 2017-04-20T22:58:53+08:00 ] ::1 /ule/Admin/News/page_wel.html
INFO: [ app_init ] --START--
INFO: Run Behavior\BuildLiteBehavior [ RunTime:0.000000s ]
INFO: [ app_init ] --END-- [ RunTime:0.001000s ]
INFO: [ app_begin ] --START--
INFO: Run Behavior\ReadHtmlCacheBehavior [ RunTime:0.002000s ]
INFO: [ app_begin ] --END-- [ RunTime:0.002000s ]
INFO: [ view_parse ] --START--
INFO: Run Behavior\ParseTemplateBehavior [ RunTime:0.034002s ]
INFO: [ view_parse ] --END-- [ RunTime:0.034002s ]
INFO: [ view_filter ] --START--
INFO: Run Behavior\WriteHtmlCacheBehavior [ RunTime:0.001000s ]
INFO: [ view_filter ] --END-- [ RunTime:0.002000s ]
INFO: [ app_end ] --START--
INFO: Run Behavior\ShowPageTraceBehavior [ RunTime:0.002000s ]
INFO: [ app_end ] --END-- [ RunTime:0.002000s ]

[ 2017-04-20T22:58:57+08:00 ] ::1 /ule/Admin/News/index.html
INFO: [ app_init ] --START--
INFO: Run Behavior\BuildLiteBehavior [ RunTime:0.000000s ]
INFO: [ app_init ] --END-- [ RunTime:0.002001s ]
INFO: [ app_begin ] --START--
INFO: Run Behavior\ReadHtmlCacheBehavior [ RunTime:0.003000s ]
INFO: [ app_begin ] --END-- [ RunTime:0.003000s ]
SQL: SHOW COLUMNS FROM `ule_class` [ RunTime:0.0220s ]
SQL: SELECT * FROM `ule_class`  [ RunTime:0.0020s ]
SQL: SHOW COLUMNS FROM `ule_news` [ RunTime:0.0240s ]
SQL: SELECT COUNT(id) AS tp_count FROM `ule_news` LIMIT 1   [ RunTime:0.0010s ]
SQL: SHOW COLUMNS FROM `ule_news` [ RunTime:0.0230s ]
SQL: SELECT n.*,c.class_name,f.name FROM ule_news n,ule_class c,ule_from f WHERE ( n.uid=c.id AND n.fromid=f.id ) ORDER BY n.sort asc LIMIT 0,20   [ RunTime:0.0220s ]
INFO: [ view_parse ] --START--
INFO: Run Behavior\ParseTemplateBehavior [ RunTime:0.057004s ]
INFO: [ view_parse ] --END-- [ RunTime:0.057004s ]
INFO: [ view_filter ] --START--
INFO: Run Behavior\WriteHtmlCacheBehavior [ RunTime:0.005000s ]
INFO: [ view_filter ] --END-- [ RunTime:0.005000s ]
INFO: [ app_end ] --START--
INFO: Run Behavior\ShowPageTraceBehavior [ RunTime:0.003000s ]
INFO: [ app_end ] --END-- [ RunTime:0.003000s ]

[ 2017-04-20T22:58:59+08:00 ] ::1 /ule/Admin/Net/index.html
INFO: [ app_init ] --START--
INFO: Run Behavior\BuildLiteBehavior [ RunTime:0.000000s ]
INFO: [ app_init ] --END-- [ RunTime:0.006001s ]
INFO: [ app_begin ] --START--
INFO: Run Behavior\ReadHtmlCacheBehavior [ RunTime:0.003000s ]
INFO: [ app_begin ] --END-- [ RunTime:0.003000s ]
SQL: SHOW COLUMNS FROM `ule_net` [ RunTime:0.0280s ]
SQL: SELECT COUNT(id) AS tp_count FROM `ule_net` LIMIT 1   [ RunTime:0.0000s ]
SQL: SHOW COLUMNS FROM `ule_net` [ RunTime:0.0190s ]
SQL: SELECT n.*,a.user FROM ule_net n,ule_admin a WHERE ( n.add_user=a.id ) ORDER BY n.sort asc LIMIT 0,20   [ RunTime:0.0020s ]
INFO: [ view_parse ] --START--
INFO: Run Behavior\ParseTemplateBehavior [ RunTime:0.044002s ]
INFO: [ view_parse ] --END-- [ RunTime:0.044002s ]
INFO: [ view_filter ] --START--
INFO: Run Behavior\WriteHtmlCacheBehavior [ RunTime:0.002000s ]
INFO: [ view_filter ] --END-- [ RunTime:0.002000s ]
INFO: [ app_end ] --START--
INFO: Run Behavior\ShowPageTraceBehavior [ RunTime:0.001000s ]
INFO: [ app_end ] --END-- [ RunTime:0.002000s ]

[ 2017-04-20T22:58:59+08:00 ] ::1 /ule/Admin/News/page_wel.html
INFO: [ app_init ] --START--
INFO: Run Behavior\BuildLiteBehavior [ RunTime:0.000000s ]
INFO: [ app_init ] --END-- [ RunTime:0.002000s ]
INFO: [ app_begin ] --START--
INFO: Run Behavior\ReadHtmlCacheBehavior [ RunTime:0.002000s ]
INFO: [ app_begin ] --END-- [ RunTime:0.002000s ]
INFO: [ view_parse ] --START--
INFO: Run Behavior\ParseTemplateBehavior [ RunTime:0.046002s ]
INFO: [ view_parse ] --END-- [ RunTime:0.047002s ]
INFO: [ view_filter ] --START--
INFO: Run Behavior\WriteHtmlCacheBehavior [ RunTime:0.001001s ]
INFO: [ view_filter ] --END-- [ RunTime:0.001001s ]
INFO: [ app_end ] --START--
INFO: Run Behavior\ShowPageTraceBehavior [ RunTime:0.002000s ]
INFO: [ app_end ] --END-- [ RunTime:0.002000s ]

[ 2017-04-20T22:59:20+08:00 ] ::1 /ule/Admin/Net/add.html
INFO: [ app_init ] --START--
INFO: Run Behavior\BuildLiteBehavior [ RunTime:0.000000s ]
INFO: [ app_init ] --END-- [ RunTime:0.002000s ]
INFO: [ app_begin ] --START--
INFO: Run Behavior\ReadHtmlCacheBehavior [ RunTime:0.002000s ]
INFO: [ app_begin ] --END-- [ RunTime:0.002000s ]
INFO: [ view_parse ] --START--
NOTIC: [8] Undefined index: rs D:\xampp\htdocs\ule\Application\Runtime\Cache\385f7dc6266f18cec7e3afdefceee4450db3d24f.file.add.html.php 第 39 行.
NOTIC: [8] Trying to get property of non-object D:\xampp\htdocs\ule\Application\Runtime\Cache\385f7dc6266f18cec7e3afdefceee4450db3d24f.file.add.html.php 第 39 行.
NOTIC: [8] Undefined index: rs D:\xampp\htdocs\ule\Application\Runtime\Cache\385f7dc6266f18cec7e3afdefceee4450db3d24f.file.add.html.php 第 49 行.
NOTIC: [8] Trying to get property of non-object D:\xampp\htdocs\ule\Application\Runtime\Cache\385f7dc6266f18cec7e3afdefceee4450db3d24f.file.add.html.php 第 49 行.
NOTIC: [8] Undefined index: rs D:\xampp\htdocs\ule\Application\Runtime\Cache\385f7dc6266f18cec7e3afdefceee4450db3d24f.file.add.html.php 第 57 行.
NOTIC: [8] Trying to get property of non-object D:\xampp\htdocs\ule\Application\Runtime\Cache\385f7dc6266f18cec7e3afdefceee4450db3d24f.file.add.html.php 第 57 行.
NOTIC: [8] Undefined index: rs D:\xampp\htdocs\ule\Application\Runtime\Cache\385f7dc6266f18cec7e3afdefceee4450db3d24f.file.add.html.php 第 67 行.
NOTIC: [8] Trying to get property of non-object D:\xampp\htdocs\ule\Application\Runtime\Cache\385f7dc6266f18cec7e3afdefceee4450db3d24f.file.add.html.php 第 67 行.
NOTIC: [8] Undefined index: rs D:\xampp\htdocs\ule\Application\Runtime\Cache\385f7dc6266f18cec7e3afdefceee4450db3d24f.file.add.html.php 第 76 行.
NOTIC: [8] Trying to get property of non-object D:\xampp\htdocs\ule\Application\Runtime\Cache\385f7dc6266f18cec7e3afdefceee4450db3d24f.file.add.html.php 第 76 行.
NOTIC: [8] Undefined index: rs D:\xampp\htdocs\ule\Application\Runtime\Cache\385f7dc6266f18cec7e3afdefceee4450db3d24f.file.add.html.php 第 85 行.
NOTIC: [8] Trying to get property of non-object D:\xampp\htdocs\ule\Application\Runtime\Cache\385f7dc6266f18cec7e3afdefceee4450db3d24f.file.add.html.php 第 85 行.
NOTIC: [8] Undefined index: rs D:\xampp\htdocs\ule\Application\Runtime\Cache\385f7dc6266f18cec7e3afdefceee4450db3d24f.file.add.html.php 第 94 行.
NOTIC: [8] Trying to get property of non-object D:\xampp\htdocs\ule\Application\Runtime\Cache\385f7dc6266f18cec7e3afdefceee4450db3d24f.file.add.html.php 第 94 行.
NOTIC: [8] Undefined index: rs D:\xampp\htdocs\ule\Application\Runtime\Cache\385f7dc6266f18cec7e3afdefceee4450db3d24f.file.add.html.php 第 103 行.
NOTIC: [8] Trying to get property of non-object D:\xampp\htdocs\ule\Application\Runtime\Cache\385f7dc6266f18cec7e3afdefceee4450db3d24f.file.add.html.php 第 103 行.
NOTIC: [8] Undefined index: rs D:\xampp\htdocs\ule\Application\Runtime\Cache\385f7dc6266f18cec7e3afdefceee4450db3d24f.file.add.html.php 第 111 行.
NOTIC: [8] Trying to get property of non-object D:\xampp\htdocs\ule\Application\Runtime\Cache\385f7dc6266f18cec7e3afdefceee4450db3d24f.file.add.html.php 第 111 行.
NOTIC: [8] Undefined index: rs D:\xampp\htdocs\ule\Application\Runtime\Cache\385f7dc6266f18cec7e3afdefceee4450db3d24f.file.add.html.php 第 120 行.
NOTIC: [8] Trying to get property of non-object D:\xampp\htdocs\ule\Application\Runtime\Cache\385f7dc6266f18cec7e3afdefceee4450db3d24f.file.add.html.php 第 120 行.
NOTIC: [8] Undefined index: rs D:\xampp\htdocs\ule\Application\Runtime\Cache\385f7dc6266f18cec7e3afdefceee4450db3d24f.file.add.html.php 第 130 行.
NOTIC: [8] Trying to get property of non-object D:\xampp\htdocs\ule\Application\Runtime\Cache\385f7dc6266f18cec7e3afdefceee4450db3d24f.file.add.html.php 第 130 行.
INFO: Run Behavior\ParseTemplateBehavior [ RunTime:0.034002s ]
INFO: [ view_parse ] --END-- [ RunTime:0.034002s ]
INFO: [ view_filter ] --START--
INFO: Run Behavior\WriteHtmlCacheBehavior [ RunTime:0.001001s ]
INFO: [ view_filter ] --END-- [ RunTime:0.001001s ]
INFO: [ app_end ] --START--
INFO: Run Behavior\ShowPageTraceBehavior [ RunTime:0.001000s ]
INFO: [ app_end ] --END-- [ RunTime:0.001000s ]

[ 2017-04-20T22:59:35+08:00 ] ::1 /ule/Admin/Net/add.html
INFO: [ app_init ] --START--
INFO: Run Behavior\BuildLiteBehavior [ RunTime:0.000000s ]
INFO: [ app_init ] --END-- [ RunTime:0.002000s ]
INFO: [ app_begin ] --START--
INFO: Run Behavior\ReadHtmlCacheBehavior [ RunTime:0.003000s ]
INFO: [ app_begin ] --END-- [ RunTime:0.004000s ]
SQL: SHOW TABLE STATUS LIKE 'ule_net' [ RunTime:0.0030s ]
NOTIC: [8] Undefined index: photo D:\xampp\htdocs\ule\Application\Admin\Controller\NetController.class.php 第 46 行.
SQL: SHOW COLUMNS FROM `ule_net` [ RunTime:0.0290s ]
SQL: INSERT INTO `ule_net` (`nation`,`company_cn`,`company_en`,`city_cn`,`city_en`,`address_cn`,`address_en`,`charge`,`manager`,`tel`,`net_info`,`is_show`,`sort`,`net_pic`,`add_user`,`add_time`) VALUES ('dsad','dsads','da','dsa','dsad','sad','sadsa','dsad','dsa','dsa','dsadsa','1','44','null','1','1492700375') [ RunTime:0.0010s ]
INFO: [ view_parse ] --START--
NOTIC: [2] filemtime() [<a href='function.filemtime'>function.filemtime</a>]: stat failed for ./Application/Runtime/Cache\3ceeb3d0ea72ff80e78594c9b6fe94ac38b451e1.file.sucess.html.php D:\xampp\htdocs\ule\ThinkPHP\Library\Vendor\Smarty\sysplugins\smarty_resource.php 第 683 行.
NOTIC: [2] unlink(./Application/Runtime/Cache\3ceeb3d0ea72ff80e78594c9b6fe94ac38b451e1.file.sucess.html.php) [<a href='function.unlink'>function.unlink</a>]: No such file or directory D:\xampp\htdocs\ule\ThinkPHP\Library\Vendor\Smarty\sysplugins\smarty_internal_write_file.php 第 49 行.
INFO: Run Behavior\ParseTemplateBehavior [ RunTime:0.145009s ]
INFO: [ view_parse ] --END-- [ RunTime:0.145009s ]
INFO: [ view_filter ] --START--
INFO: Run Behavior\WriteHtmlCacheBehavior [ RunTime:0.001000s ]
INFO: [ view_filter ] --END-- [ RunTime:0.001000s ]
INFO: [ app_end ] --START--
INFO: Run Behavior\ShowPageTraceBehavior [ RunTime:0.002000s ]
INFO: [ app_end ] --END-- [ RunTime:0.002000s ]

[ 2017-04-20T22:59:36+08:00 ] ::1 /ule/Admin/Net/add.html
INFO: [ app_init ] --START--
INFO: Run Behavior\BuildLiteBehavior [ RunTime:0.000000s ]
INFO: [ app_init ] --END-- [ RunTime:0.002000s ]
INFO: [ app_begin ] --START--
INFO: Run Behavior\ReadHtmlCacheBehavior [ RunTime:0.003000s ]
INFO: [ app_begin ] --END-- [ RunTime:0.003000s ]
INFO: [ view_parse ] --START--
NOTIC: [8] Undefined index: rs D:\xampp\htdocs\ule\Application\Runtime\Cache\385f7dc6266f18cec7e3afdefceee4450db3d24f.file.add.html.php 第 39 行.
NOTIC: [8] Trying to get property of non-object D:\xampp\htdocs\ule\Application\Runtime\Cache\385f7dc6266f18cec7e3afdefceee4450db3d24f.file.add.html.php 第 39 行.
NOTIC: [8] Undefined index: rs D:\xampp\htdocs\ule\Application\Runtime\Cache\385f7dc6266f18cec7e3afdefceee4450db3d24f.file.add.html.php 第 49 行.
NOTIC: [8] Trying to get property of non-object D:\xampp\htdocs\ule\Application\Runtime\Cache\385f7dc6266f18cec7e3afdefceee4450db3d24f.file.add.html.php 第 49 行.
NOTIC: [8] Undefined index: rs D:\xampp\htdocs\ule\Application\Runtime\Cache\385f7dc6266f18cec7e3afdefceee4450db3d24f.file.add.html.php 第 57 行.
NOTIC: [8] Trying to get property of non-object D:\xampp\htdocs\ule\Application\Runtime\Cache\385f7dc6266f18cec7e3afdefceee4450db3d24f.file.add.html.php 第 57 行.
NOTIC: [8] Undefined index: rs D:\xampp\htdocs\ule\Application\Runtime\Cache\385f7dc6266f18cec7e3afdefceee4450db3d24f.file.add.html.php 第 67 行.
NOTIC: [8] Trying to get property of non-object D:\xampp\htdocs\ule\Application\Runtime\Cache\385f7dc6266f18cec7e3afdefceee4450db3d24f.file.add.html.php 第 67 行.
NOTIC: [8] Undefined index: rs D:\xampp\htdocs\ule\Application\Runtime\Cache\385f7dc6266f18cec7e3afdefceee4450db3d24f.file.add.html.php 第 76 行.
NOTIC: [8] Trying to get property of non-object D:\xampp\htdocs\ule\Application\Runtime\Cache\385f7dc6266f18cec7e3afdefceee4450db3d24f.file.add.html.php 第 76 行.
NOTIC: [8] Undefined index: rs D:\xampp\htdocs\ule\Application\Runtime\Cache\385f7dc6266f18cec7e3afdefceee4450db3d24f.file.add.html.php 第 85 行.
NOTIC: [8] Trying to get property of non-object D:\xampp\htdocs\ule\Application\Runtime\Cache\385f7dc6266f18cec7e3afdefceee4450db3d24f.file.add.html.php 第 85 行.
NOTIC: [8] Undefined index: rs D:\xampp\htdocs\ule\Application\Runtime\Cache\385f7dc6266f18cec7e3afdefceee4450db3d24f.file.add.html.php 第 94 行.
NOTIC: [8] Trying to get property of non-object D:\xampp\htdocs\ule\Application\Runtime\Cache\385f7dc6266f18cec7e3afdefceee4450db3d24f.file.add.html.php 第 94 行.
NOTIC: [8] Undefined index: rs D:\xampp\htdocs\ule\Application\Runtime\Cache\385f7dc6266f18cec7e3afdefceee4450db3d24f.file.add.html.php 第 103 行.
NOTIC: [8] Trying to get property of non-object D:\xampp\htdocs\ule\Application\Runtime\Cache\385f7dc6266f18cec7e3afdefceee4450db3d24f.file.add.html.php 第 103 行.
NOTIC: [8] Undefined index: rs D:\xampp\htdocs\ule\Application\Runtime\Cache\385f7dc6266f18cec7e3afdefceee4450db3d24f.file.add.html.php 第 111 行.
NOTIC: [8] Trying to get property of non-object D:\xampp\htdocs\ule\Application\Runtime\Cache\385f7dc6266f18cec7e3afdefceee4450db3d24f.file.add.html.php 第 111 行.
NOTIC: [8] Undefined index: rs D:\xampp\htdocs\ule\Application\Runtime\Cache\385f7dc6266f18cec7e3afdefceee4450db3d24f.file.add.html.php 第 120 行.
NOTIC: [8] Trying to get property of non-object D:\xampp\htdocs\ule\Application\Runtime\Cache\385f7dc6266f18cec7e3afdefceee4450db3d24f.file.add.html.php 第 120 行.
NOTIC: [8] Undefined index: rs D:\xampp\htdocs\ule\Application\Runtime\Cache\385f7dc6266f18cec7e3afdefceee4450db3d24f.file.add.html.php 第 130 行.
NOTIC: [8] Trying to get property of non-object D:\xampp\htdocs\ule\Application\Runtime\Cache\385f7dc6266f18cec7e3afdefceee4450db3d24f.file.add.html.php 第 130 行.
INFO: Run Behavior\ParseTemplateBehavior [ RunTime:0.037002s ]
INFO: [ view_parse ] --END-- [ RunTime:0.037002s ]
INFO: [ view_filter ] --START--
INFO: Run Behavior\WriteHtmlCacheBehavior [ RunTime:0.002000s ]
INFO: [ view_filter ] --END-- [ RunTime:0.002000s ]
INFO: [ app_end ] --START--
INFO: Run Behavior\ShowPageTraceBehavior [ RunTime:0.002001s ]
INFO: [ app_end ] --END-- [ RunTime:0.002001s ]

