[ 2017-04-09T17:28:18+08:00 ] ::1 /ule/admin
INFO: [ app_init ] --START--
INFO: Run Behavior\BuildLiteBehavior [ RunTime:0.000000s ]
INFO: [ app_init ] --END-- [ RunTime:0.001000s ]
INFO: [ app_begin ] --START--
INFO: Run Behavior\ReadHtmlCacheBehavior [ RunTime:0.002000s ]
INFO: [ app_begin ] --END-- [ RunTime:0.002000s ]
INFO: [ view_parse ] --START--
NOTIC: [8] Undefined index: wuliu D:\xampp\htdocs\ule\Application\Runtime\Cache\5003fa0c88815279fa2c6a00bd6ce378ddabc8e1.file.left_menu.html.php 第 131 行.
NOTIC: [8] Trying to get property of non-object D:\xampp\htdocs\ule\Application\Runtime\Cache\5003fa0c88815279fa2c6a00bd6ce378ddabc8e1.file.left_menu.html.php 第 131 行.
INFO: Run Behavior\ParseTemplateBehavior [ RunTime:0.039002s ]
INFO: [ view_parse ] --END-- [ RunTime:0.039002s ]
INFO: [ view_filter ] --START--
INFO: Run Behavior\WriteHtmlCacheBehavior [ RunTime:0.002000s ]
INFO: [ view_filter ] --END-- [ RunTime:0.002000s ]
INFO: [ app_end ] --START--
INFO: Run Behavior\ShowPageTraceBehavior [ RunTime:0.002001s ]
INFO: [ app_end ] --END-- [ RunTime:0.002001s ]

[ 2017-04-09T17:28:18+08:00 ] ::1 /ule/Admin/Index/welcome.html
INFO: [ app_init ] --START--
INFO: Run Behavior\BuildLiteBehavior [ RunTime:0.000000s ]
INFO: [ app_init ] --END-- [ RunTime:0.001000s ]
INFO: [ app_begin ] --START--
INFO: Run Behavior\ReadHtmlCacheBehavior [ RunTime:0.001000s ]
INFO: [ app_begin ] --END-- [ RunTime:0.002000s ]
INFO: [ view_parse ] --START--
INFO: Run Behavior\ParseTemplateBehavior [ RunTime:0.031002s ]
INFO: [ view_parse ] --END-- [ RunTime:0.031002s ]
INFO: [ view_filter ] --START--
INFO: Run Behavior\WriteHtmlCacheBehavior [ RunTime:0.001000s ]
INFO: [ view_filter ] --END-- [ RunTime:0.001000s ]
INFO: [ app_end ] --START--
INFO: Run Behavior\ShowPageTraceBehavior [ RunTime:0.002000s ]
INFO: [ app_end ] --END-- [ RunTime:0.002000s ]

[ 2017-04-09T17:28:23+08:00 ] ::1 /ule/Admin/Member/index.html
INFO: [ app_init ] --START--
INFO: Run Behavior\BuildLiteBehavior [ RunTime:0.000000s ]
INFO: [ app_init ] --END-- [ RunTime:0.001000s ]
INFO: [ app_begin ] --START--
INFO: Run Behavior\ReadHtmlCacheBehavior [ RunTime:0.002000s ]
INFO: [ app_begin ] --END-- [ RunTime:0.002000s ]
SQL: SHOW COLUMNS FROM `sto_member` [ RunTime:0.0150s ]
SQL: SELECT COUNT(id) AS tp_count FROM `sto_member` LIMIT 1   [ RunTime:0.0000s ]
SQL: SELECT * FROM `sto_member` ORDER BY member_reg_day asc LIMIT 0,20   [ RunTime:0.0010s ]
INFO: [ view_parse ] --START--
NOTIC: [8] Undefined index: memer_email D:\xampp\htdocs\ule\Application\Runtime\Cache\d8b3dbd286a3b2545dbf4bef0db4c78e2dbf043c.file.index.html.php 第 70 行.
NOTIC: [8] Undefined index: memer_email D:\xampp\htdocs\ule\Application\Runtime\Cache\d8b3dbd286a3b2545dbf4bef0db4c78e2dbf043c.file.index.html.php 第 70 行.
NOTIC: [8] Undefined index: memer_email D:\xampp\htdocs\ule\Application\Runtime\Cache\d8b3dbd286a3b2545dbf4bef0db4c78e2dbf043c.file.index.html.php 第 70 行.
NOTIC: [8] Undefined index: memer_email D:\xampp\htdocs\ule\Application\Runtime\Cache\d8b3dbd286a3b2545dbf4bef0db4c78e2dbf043c.file.index.html.php 第 70 行.
INFO: Run Behavior\ParseTemplateBehavior [ RunTime:0.041003s ]
INFO: [ view_parse ] --END-- [ RunTime:0.042003s ]
INFO: [ view_filter ] --START--
INFO: Run Behavior\WriteHtmlCacheBehavior [ RunTime:0.001000s ]
INFO: [ view_filter ] --END-- [ RunTime:0.001000s ]
INFO: [ app_end ] --START--
INFO: Run Behavior\ShowPageTraceBehavior [ RunTime:0.003000s ]
INFO: [ app_end ] --END-- [ RunTime:0.003000s ]

[ 2017-04-09T17:28:39+08:00 ] ::1 /ule/Admin/Member/addMember.html
INFO: [ app_init ] --START--
INFO: Run Behavior\BuildLiteBehavior [ RunTime:0.000000s ]
INFO: [ app_init ] --END-- [ RunTime:0.001000s ]
INFO: [ app_begin ] --START--
INFO: Run Behavior\ReadHtmlCacheBehavior [ RunTime:0.002000s ]
INFO: [ app_begin ] --END-- [ RunTime:0.002000s ]
INFO: [ view_parse ] --START--
NOTIC: [8] Undefined index: rs D:\xampp\htdocs\ule\Application\Runtime\Cache\d0fe31dd12abb2d1c357a99e0c7c029542dda762.file.addMember.html.php 第 40 行.
NOTIC: [8] Trying to get property of non-object D:\xampp\htdocs\ule\Application\Runtime\Cache\d0fe31dd12abb2d1c357a99e0c7c029542dda762.file.addMember.html.php 第 40 行.
NOTIC: [8] Undefined index: rs D:\xampp\htdocs\ule\Application\Runtime\Cache\d0fe31dd12abb2d1c357a99e0c7c029542dda762.file.addMember.html.php 第 47 行.
NOTIC: [8] Trying to get property of non-object D:\xampp\htdocs\ule\Application\Runtime\Cache\d0fe31dd12abb2d1c357a99e0c7c029542dda762.file.addMember.html.php 第 47 行.
NOTIC: [8] Undefined index: rs D:\xampp\htdocs\ule\Application\Runtime\Cache\d0fe31dd12abb2d1c357a99e0c7c029542dda762.file.addMember.html.php 第 54 行.
NOTIC: [8] Trying to get property of non-object D:\xampp\htdocs\ule\Application\Runtime\Cache\d0fe31dd12abb2d1c357a99e0c7c029542dda762.file.addMember.html.php 第 54 行.
INFO: Run Behavior\ParseTemplateBehavior [ RunTime:0.036002s ]
INFO: [ view_parse ] --END-- [ RunTime:0.036002s ]
INFO: [ view_filter ] --START--
INFO: Run Behavior\WriteHtmlCacheBehavior [ RunTime:0.002001s ]
INFO: [ view_filter ] --END-- [ RunTime:0.002001s ]
INFO: [ app_end ] --START--
INFO: Run Behavior\ShowPageTraceBehavior [ RunTime:0.002000s ]
INFO: [ app_end ] --END-- [ RunTime:0.002000s ]

[ 2017-04-09T17:29:29+08:00 ] ::1 /ule/Admin/Member/index.html
INFO: [ app_init ] --START--
INFO: Run Behavior\BuildLiteBehavior [ RunTime:0.000000s ]
INFO: [ app_init ] --END-- [ RunTime:0.002000s ]
INFO: [ app_begin ] --START--
INFO: Run Behavior\ReadHtmlCacheBehavior [ RunTime:0.003000s ]
INFO: [ app_begin ] --END-- [ RunTime:0.003000s ]
SQL: SHOW COLUMNS FROM `sto_member` [ RunTime:0.0200s ]
SQL: SELECT COUNT(id) AS tp_count FROM `sto_member` LIMIT 1   [ RunTime:0.0010s ]
SQL: SELECT * FROM `sto_member` ORDER BY member_reg_day asc LIMIT 0,20   [ RunTime:0.0010s ]
INFO: [ view_parse ] --START--
NOTIC: [8] Undefined index: memer_email D:\xampp\htdocs\ule\Application\Runtime\Cache\d8b3dbd286a3b2545dbf4bef0db4c78e2dbf043c.file.index.html.php 第 70 行.
NOTIC: [8] Undefined index: memer_email D:\xampp\htdocs\ule\Application\Runtime\Cache\d8b3dbd286a3b2545dbf4bef0db4c78e2dbf043c.file.index.html.php 第 70 行.
NOTIC: [8] Undefined index: memer_email D:\xampp\htdocs\ule\Application\Runtime\Cache\d8b3dbd286a3b2545dbf4bef0db4c78e2dbf043c.file.index.html.php 第 70 行.
NOTIC: [8] Undefined index: memer_email D:\xampp\htdocs\ule\Application\Runtime\Cache\d8b3dbd286a3b2545dbf4bef0db4c78e2dbf043c.file.index.html.php 第 70 行.
INFO: Run Behavior\ParseTemplateBehavior [ RunTime:0.043003s ]
INFO: [ view_parse ] --END-- [ RunTime:0.043003s ]
INFO: [ view_filter ] --START--
INFO: Run Behavior\WriteHtmlCacheBehavior [ RunTime:0.001000s ]
INFO: [ view_filter ] --END-- [ RunTime:0.001000s ]
INFO: [ app_end ] --START--
INFO: Run Behavior\ShowPageTraceBehavior [ RunTime:0.002000s ]
INFO: [ app_end ] --END-- [ RunTime:0.002000s ]

[ 2017-04-09T17:30:20+08:00 ] ::1 /ule/Admin/Member/index.html
INFO: [ app_init ] --START--
INFO: Run Behavior\BuildLiteBehavior [ RunTime:0.000000s ]
INFO: [ app_init ] --END-- [ RunTime:0.001000s ]
INFO: [ app_begin ] --START--
INFO: Run Behavior\ReadHtmlCacheBehavior [ RunTime:0.002000s ]
INFO: [ app_begin ] --END-- [ RunTime:0.002000s ]
SQL: SHOW COLUMNS FROM `sto_member` [ RunTime:0.0220s ]
SQL: SELECT COUNT(id) AS tp_count FROM `sto_member` LIMIT 1   [ RunTime:0.0000s ]
SQL: SELECT * FROM `sto_member` ORDER BY member_reg_day asc LIMIT 0,20   [ RunTime:0.0020s ]
INFO: [ view_parse ] --START--
NOTIC: [8] Undefined index: member_phone D:\xampp\htdocs\ule\Application\Runtime\Cache\d8b3dbd286a3b2545dbf4bef0db4c78e2dbf043c.file.index.html.php 第 69 行.
NOTIC: [8] Undefined index: member_phone D:\xampp\htdocs\ule\Application\Runtime\Cache\d8b3dbd286a3b2545dbf4bef0db4c78e2dbf043c.file.index.html.php 第 69 行.
NOTIC: [8] Undefined index: member_phone D:\xampp\htdocs\ule\Application\Runtime\Cache\d8b3dbd286a3b2545dbf4bef0db4c78e2dbf043c.file.index.html.php 第 69 行.
NOTIC: [8] Undefined index: member_phone D:\xampp\htdocs\ule\Application\Runtime\Cache\d8b3dbd286a3b2545dbf4bef0db4c78e2dbf043c.file.index.html.php 第 69 行.
INFO: Run Behavior\ParseTemplateBehavior [ RunTime:0.248015s ]
INFO: [ view_parse ] --END-- [ RunTime:0.248015s ]
INFO: [ view_filter ] --START--
INFO: Run Behavior\WriteHtmlCacheBehavior [ RunTime:0.001000s ]
INFO: [ view_filter ] --END-- [ RunTime:0.001000s ]
INFO: [ app_end ] --START--
INFO: Run Behavior\ShowPageTraceBehavior [ RunTime:0.002000s ]
INFO: [ app_end ] --END-- [ RunTime:0.002000s ]

[ 2017-04-09T17:30:30+08:00 ] ::1 /ule/Admin/Member/addMember.html
INFO: [ app_init ] --START--
INFO: Run Behavior\BuildLiteBehavior [ RunTime:0.001000s ]
INFO: [ app_init ] --END-- [ RunTime:0.001000s ]
INFO: [ app_begin ] --START--
INFO: Run Behavior\ReadHtmlCacheBehavior [ RunTime:0.001000s ]
INFO: [ app_begin ] --END-- [ RunTime:0.002001s ]
INFO: [ view_parse ] --START--
NOTIC: [8] Undefined index: rs D:\xampp\htdocs\ule\Application\Runtime\Cache\d0fe31dd12abb2d1c357a99e0c7c029542dda762.file.addMember.html.php 第 40 行.
NOTIC: [8] Trying to get property of non-object D:\xampp\htdocs\ule\Application\Runtime\Cache\d0fe31dd12abb2d1c357a99e0c7c029542dda762.file.addMember.html.php 第 40 行.
NOTIC: [8] Undefined index: rs D:\xampp\htdocs\ule\Application\Runtime\Cache\d0fe31dd12abb2d1c357a99e0c7c029542dda762.file.addMember.html.php 第 47 行.
NOTIC: [8] Trying to get property of non-object D:\xampp\htdocs\ule\Application\Runtime\Cache\d0fe31dd12abb2d1c357a99e0c7c029542dda762.file.addMember.html.php 第 47 行.
NOTIC: [8] Undefined index: rs D:\xampp\htdocs\ule\Application\Runtime\Cache\d0fe31dd12abb2d1c357a99e0c7c029542dda762.file.addMember.html.php 第 54 行.
NOTIC: [8] Trying to get property of non-object D:\xampp\htdocs\ule\Application\Runtime\Cache\d0fe31dd12abb2d1c357a99e0c7c029542dda762.file.addMember.html.php 第 54 行.
INFO: Run Behavior\ParseTemplateBehavior [ RunTime:0.028002s ]
INFO: [ view_parse ] --END-- [ RunTime:0.028002s ]
INFO: [ view_filter ] --START--
INFO: Run Behavior\WriteHtmlCacheBehavior [ RunTime:0.001000s ]
INFO: [ view_filter ] --END-- [ RunTime:0.001000s ]
INFO: [ app_end ] --START--
INFO: Run Behavior\ShowPageTraceBehavior [ RunTime:0.002000s ]
INFO: [ app_end ] --END-- [ RunTime:0.002000s ]

[ 2017-04-09T17:32:26+08:00 ] ::1 /ule/Admin/Member/addMember.html
INFO: [ app_init ] --START--
INFO: Run Behavior\BuildLiteBehavior [ RunTime:0.000000s ]
INFO: [ app_init ] --END-- [ RunTime:0.002000s ]
INFO: [ app_begin ] --START--
INFO: Run Behavior\ReadHtmlCacheBehavior [ RunTime:0.002000s ]
INFO: [ app_begin ] --END-- [ RunTime:0.002000s ]
INFO: [ view_parse ] --START--
NOTIC: [8] Undefined index: rs D:\xampp\htdocs\ule\Application\Runtime\Cache\d0fe31dd12abb2d1c357a99e0c7c029542dda762.file.addMember.html.php 第 40 行.
NOTIC: [8] Trying to get property of non-object D:\xampp\htdocs\ule\Application\Runtime\Cache\d0fe31dd12abb2d1c357a99e0c7c029542dda762.file.addMember.html.php 第 40 行.
NOTIC: [8] Undefined index: rs D:\xampp\htdocs\ule\Application\Runtime\Cache\d0fe31dd12abb2d1c357a99e0c7c029542dda762.file.addMember.html.php 第 47 行.
NOTIC: [8] Trying to get property of non-object D:\xampp\htdocs\ule\Application\Runtime\Cache\d0fe31dd12abb2d1c357a99e0c7c029542dda762.file.addMember.html.php 第 47 行.
NOTIC: [8] Undefined index: rs D:\xampp\htdocs\ule\Application\Runtime\Cache\d0fe31dd12abb2d1c357a99e0c7c029542dda762.file.addMember.html.php 第 54 行.
NOTIC: [8] Trying to get property of non-object D:\xampp\htdocs\ule\Application\Runtime\Cache\d0fe31dd12abb2d1c357a99e0c7c029542dda762.file.addMember.html.php 第 54 行.
INFO: Run Behavior\ParseTemplateBehavior [ RunTime:0.159009s ]
INFO: [ view_parse ] --END-- [ RunTime:0.159009s ]
INFO: [ view_filter ] --START--
INFO: Run Behavior\WriteHtmlCacheBehavior [ RunTime:0.001000s ]
INFO: [ view_filter ] --END-- [ RunTime:0.001000s ]
INFO: [ app_end ] --START--
INFO: Run Behavior\ShowPageTraceBehavior [ RunTime:0.001000s ]
INFO: [ app_end ] --END-- [ RunTime:0.001000s ]

[ 2017-04-09T17:32:43+08:00 ] ::1 /ule/Admin/Member/addMember.html
INFO: [ app_init ] --START--
INFO: Run Behavior\BuildLiteBehavior [ RunTime:0.000000s ]
INFO: [ app_init ] --END-- [ RunTime:0.002000s ]
INFO: [ app_begin ] --START--
INFO: Run Behavior\ReadHtmlCacheBehavior [ RunTime:0.002000s ]
INFO: [ app_begin ] --END-- [ RunTime:0.003000s ]
SQL: SHOW COLUMNS FROM `sto_member` [ RunTime:0.0220s ]
SQL: SELECT * FROM `sto_member` WHERE `member_email` = '456@qq.com' LIMIT 1   [ RunTime:0.0020s ]
SQL: INSERT INTO `sto_member` (`member_email`,`member_pass`,`member_reg_day`,`member_from`,`member_code`) VALUES ('456@qq.com','3f97d055dab070c1fdd55cece16fb172','1491730363','1','d($!E U9') [ RunTime:0.0010s ]

[ 2017-04-09T17:32:46+08:00 ] ::1 /ule/Admin/Member/index.html
INFO: [ app_init ] --START--
INFO: Run Behavior\BuildLiteBehavior [ RunTime:0.000000s ]
INFO: [ app_init ] --END-- [ RunTime:0.001000s ]
INFO: [ app_begin ] --START--
INFO: Run Behavior\ReadHtmlCacheBehavior [ RunTime:0.002000s ]
INFO: [ app_begin ] --END-- [ RunTime:0.003000s ]
SQL: SHOW COLUMNS FROM `sto_member` [ RunTime:0.0250s ]
SQL: SELECT COUNT(id) AS tp_count FROM `sto_member` LIMIT 1   [ RunTime:0.0010s ]
SQL: SELECT * FROM `sto_member` ORDER BY member_reg_day asc LIMIT 0,20   [ RunTime:0.0010s ]
INFO: [ view_parse ] --START--
NOTIC: [8] Undefined index: member_phone D:\xampp\htdocs\ule\Application\Runtime\Cache\d8b3dbd286a3b2545dbf4bef0db4c78e2dbf043c.file.index.html.php 第 69 行.
NOTIC: [8] Undefined index: member_phone D:\xampp\htdocs\ule\Application\Runtime\Cache\d8b3dbd286a3b2545dbf4bef0db4c78e2dbf043c.file.index.html.php 第 69 行.
NOTIC: [8] Undefined index: member_phone D:\xampp\htdocs\ule\Application\Runtime\Cache\d8b3dbd286a3b2545dbf4bef0db4c78e2dbf043c.file.index.html.php 第 69 行.
NOTIC: [8] Undefined index: member_phone D:\xampp\htdocs\ule\Application\Runtime\Cache\d8b3dbd286a3b2545dbf4bef0db4c78e2dbf043c.file.index.html.php 第 69 行.
NOTIC: [8] Undefined index: member_phone D:\xampp\htdocs\ule\Application\Runtime\Cache\d8b3dbd286a3b2545dbf4bef0db4c78e2dbf043c.file.index.html.php 第 69 行.
INFO: Run Behavior\ParseTemplateBehavior [ RunTime:0.043002s ]
INFO: [ view_parse ] --END-- [ RunTime:0.043002s ]
INFO: [ view_filter ] --START--
INFO: Run Behavior\WriteHtmlCacheBehavior [ RunTime:0.001000s ]
INFO: [ view_filter ] --END-- [ RunTime:0.001000s ]
INFO: [ app_end ] --START--
INFO: Run Behavior\ShowPageTraceBehavior [ RunTime:0.002000s ]
INFO: [ app_end ] --END-- [ RunTime:0.002000s ]

