[ 2017-03-30T14:11:44+08:00 ] 127.0.0.1 /ule/Admin/Common/upload.html
INFO: [ app_begin ] --START--
INFO: Run Behavior\ReadHtmlCacheBehavior [ RunTime:0.001385s ]
INFO: [ app_begin ] --END-- [ RunTime:0.002532s ]

[ 2017-03-30T14:45:21+08:00 ] 127.0.0.1 /ule/Admin/Common/upload.html
INFO: [ app_begin ] --START--
INFO: Run Behavior\ReadHtmlCacheBehavior [ RunTime:0.000676s ]
INFO: [ app_begin ] --END-- [ RunTime:0.001247s ]
NOTIC: [2] call_user_func() expects parameter 1 to be a valid callback, no array or string given F:\wamp\www\ule\ThinkPHP\Library\Think\Upload.class.php 第 170 行.
NOTIC: [2] call_user_func() expects parameter 1 to be a valid callback, no array or string given F:\wamp\www\ule\ThinkPHP\Library\Think\Upload.class.php 第 170 行.
NOTIC: [2] call_user_func() expects parameter 1 to be a valid callback, no array or string given F:\wamp\www\ule\ThinkPHP\Library\Think\Upload.class.php 第 170 行.

[ 2017-03-30T14:51:51+08:00 ] 127.0.0.1 /ule/Admin/Index/index.html
INFO: [ app_init ] --START--
INFO: Run Behavior\BuildLiteBehavior [ RunTime:0.000038s ]
INFO: [ app_init ] --END-- [ RunTime:0.000858s ]
INFO: [ app_begin ] --START--
INFO: Run Behavior\ReadHtmlCacheBehavior [ RunTime:0.001069s ]
INFO: [ app_begin ] --END-- [ RunTime:0.001246s ]
INFO: [ view_parse ] --START--
NOTIC: [8] Undefined index: wuliu F:\wamp\www\ule\Application\Runtime\Cache\5003fa0c88815279fa2c6a00bd6ce378ddabc8e1.file.left_menu.html.php 第 131 行.
NOTIC: [8] Trying to get property of non-object F:\wamp\www\ule\Application\Runtime\Cache\5003fa0c88815279fa2c6a00bd6ce378ddabc8e1.file.left_menu.html.php 第 131 行.
INFO: Run Behavior\ParseTemplateBehavior [ RunTime:0.012438s ]
INFO: [ view_parse ] --END-- [ RunTime:0.012559s ]
INFO: [ view_filter ] --START--
INFO: Run Behavior\WriteHtmlCacheBehavior [ RunTime:0.000350s ]
INFO: [ view_filter ] --END-- [ RunTime:0.000421s ]
INFO: [ app_end ] --START--
INFO: Run Behavior\ShowPageTraceBehavior [ RunTime:0.000483s ]
INFO: [ app_end ] --END-- [ RunTime:0.000567s ]

[ 2017-03-30T14:51:51+08:00 ] 127.0.0.1 /ule/Admin/Index/welcome.html
INFO: [ app_init ] --START--
INFO: Run Behavior\BuildLiteBehavior [ RunTime:0.000021s ]
INFO: [ app_init ] --END-- [ RunTime:0.000544s ]
INFO: [ app_begin ] --START--
INFO: Run Behavior\ReadHtmlCacheBehavior [ RunTime:0.000720s ]
INFO: [ app_begin ] --END-- [ RunTime:0.000870s ]
INFO: [ view_parse ] --START--
INFO: Run Behavior\ParseTemplateBehavior [ RunTime:0.009386s ]
INFO: [ view_parse ] --END-- [ RunTime:0.009503s ]
INFO: [ view_filter ] --START--
INFO: Run Behavior\WriteHtmlCacheBehavior [ RunTime:0.000292s ]
INFO: [ view_filter ] --END-- [ RunTime:0.000367s ]
INFO: [ app_end ] --START--
INFO: Run Behavior\ShowPageTraceBehavior [ RunTime:0.000485s ]
INFO: [ app_end ] --END-- [ RunTime:0.000557s ]

[ 2017-03-30T14:51:53+08:00 ] 127.0.0.1 /ule/Admin/Class/index.html
INFO: [ app_init ] --START--
INFO: Run Behavior\BuildLiteBehavior [ RunTime:0.000039s ]
INFO: [ app_init ] --END-- [ RunTime:0.000819s ]
INFO: [ app_begin ] --START--
INFO: Run Behavior\ReadHtmlCacheBehavior [ RunTime:0.001192s ]
INFO: [ app_begin ] --END-- [ RunTime:0.001383s ]
SQL: SHOW COLUMNS FROM `sto_class` [ RunTime:0.0063s ]
SQL: SELECT * FROM `sto_class` ORDER BY sort asc  [ RunTime:0.0005s ]
SQL: SELECT COUNT(id) AS tp_count FROM `sto_class` LIMIT 1   [ RunTime:0.0003s ]
INFO: [ view_parse ] --START--
NOTIC: [8] Undefined index: page F:\wamp\www\ule\Application\Runtime\Cache\da84345d7b3401894e8c195345526e9084e1f23f.file.index.html.php 第 112 行.
NOTIC: [8] Trying to get property of non-object F:\wamp\www\ule\Application\Runtime\Cache\da84345d7b3401894e8c195345526e9084e1f23f.file.index.html.php 第 112 行.
INFO: Run Behavior\ParseTemplateBehavior [ RunTime:0.011329s ]
INFO: [ view_parse ] --END-- [ RunTime:0.011411s ]
INFO: [ view_filter ] --START--
INFO: Run Behavior\WriteHtmlCacheBehavior [ RunTime:0.000300s ]
INFO: [ view_filter ] --END-- [ RunTime:0.000370s ]
INFO: [ app_end ] --START--
INFO: Run Behavior\ShowPageTraceBehavior [ RunTime:0.000506s ]
INFO: [ app_end ] --END-- [ RunTime:0.000576s ]

[ 2017-03-30T14:51:55+08:00 ] 127.0.0.1 /ule/Admin/News/index.html
INFO: [ app_init ] --START--
INFO: Run Behavior\BuildLiteBehavior [ RunTime:0.000023s ]
INFO: [ app_init ] --END-- [ RunTime:0.000554s ]
INFO: [ app_begin ] --START--
INFO: Run Behavior\ReadHtmlCacheBehavior [ RunTime:0.000612s ]
INFO: [ app_begin ] --END-- [ RunTime:0.000741s ]
SQL: SHOW COLUMNS FROM `sto_class` [ RunTime:0.0061s ]
SQL: SELECT * FROM `sto_class`  [ RunTime:0.0004s ]
NOTIC: [8] Undefined index: icon F:\wamp\www\ule\Application\Admin\Common\function.php 第 38 行.
NOTIC: [8] Undefined index: icon F:\wamp\www\ule\Application\Admin\Common\function.php 第 38 行.
NOTIC: [8] Undefined index: icon F:\wamp\www\ule\Application\Admin\Common\function.php 第 38 行.
NOTIC: [8] Undefined index: icon F:\wamp\www\ule\Application\Admin\Common\function.php 第 38 行.
SQL: SHOW COLUMNS FROM `sto_news` [ RunTime:0.0057s ]
SQL: SELECT COUNT(id) AS tp_count FROM `sto_news` LIMIT 1   [ RunTime:0.0004s ]
SQL: SHOW COLUMNS FROM `sto_news` [ RunTime:0.0061s ]
SQL: SELECT n.*,c.class_name,f.name FROM sto_news n,sto_class c,sto_from f WHERE ( n.uid=c.id AND n.fromid=f.id ) ORDER BY n.sort asc LIMIT 0,20   [ RunTime:0.0044s ]
INFO: [ view_parse ] --START--
INFO: Run Behavior\ParseTemplateBehavior [ RunTime:0.012606s ]
INFO: [ view_parse ] --END-- [ RunTime:0.012722s ]
INFO: [ view_filter ] --START--
INFO: Run Behavior\WriteHtmlCacheBehavior [ RunTime:0.000368s ]
INFO: [ view_filter ] --END-- [ RunTime:0.000462s ]
INFO: [ app_end ] --START--
INFO: Run Behavior\ShowPageTraceBehavior [ RunTime:0.000645s ]
INFO: [ app_end ] --END-- [ RunTime:0.000738s ]

[ 2017-03-30T14:51:55+08:00 ] 127.0.0.1 /ule/Admin/News/page_wel.html
INFO: [ app_init ] --START--
INFO: Run Behavior\BuildLiteBehavior [ RunTime:0.000018s ]
INFO: [ app_init ] --END-- [ RunTime:0.000444s ]
INFO: [ app_begin ] --START--
INFO: Run Behavior\ReadHtmlCacheBehavior [ RunTime:0.000622s ]
INFO: [ app_begin ] --END-- [ RunTime:0.000709s ]
INFO: [ view_parse ] --START--
INFO: Run Behavior\ParseTemplateBehavior [ RunTime:0.010300s ]
INFO: [ view_parse ] --END-- [ RunTime:0.010501s ]
INFO: [ view_filter ] --START--
INFO: Run Behavior\WriteHtmlCacheBehavior [ RunTime:0.000311s ]
INFO: [ view_filter ] --END-- [ RunTime:0.000419s ]
INFO: [ app_end ] --START--
INFO: Run Behavior\ShowPageTraceBehavior [ RunTime:0.000676s ]
INFO: [ app_end ] --END-- [ RunTime:0.000795s ]

[ 2017-03-30T14:51:57+08:00 ] 127.0.0.1 /ule/Admin/News/pagelist/id/6.html
INFO: [ app_init ] --START--
INFO: Run Behavior\BuildLiteBehavior [ RunTime:0.000057s ]
INFO: [ app_init ] --END-- [ RunTime:0.001154s ]
INFO: [ app_begin ] --START--
INFO: Run Behavior\ReadHtmlCacheBehavior [ RunTime:0.001185s ]
INFO: [ app_begin ] --END-- [ RunTime:0.001384s ]
SQL: SHOW COLUMNS FROM `sto_news` [ RunTime:0.0080s ]
SQL: SELECT COUNT(id) AS tp_count FROM `sto_news` WHERE `uid` = 6 LIMIT 1   [ RunTime:0.0004s ]
SQL: SHOW COLUMNS FROM `sto_news` [ RunTime:0.0065s ]
SQL: SELECT n.*,c.class_name,f.name FROM sto_news n,sto_class c,sto_from f WHERE ( n.uid=6 AND n.uid=c.id AND n.fromid=f.id ) ORDER BY n.sort desc LIMIT 0,20   [ RunTime:0.0038s ]
INFO: [ view_parse ] --START--
NOTIC: [8] Undefined index: rs F:\wamp\www\ule\Application\Runtime\Cache\73d74ff814aabdaaddbfeda92ef9fac256908f81.file.pagelist.html.php 第 45 行.
NOTIC: [8] Trying to get property of non-object F:\wamp\www\ule\Application\Runtime\Cache\73d74ff814aabdaaddbfeda92ef9fac256908f81.file.pagelist.html.php 第 45 行.
NOTIC: [8] Undefined index: rs F:\wamp\www\ule\Application\Runtime\Cache\73d74ff814aabdaaddbfeda92ef9fac256908f81.file.pagelist.html.php 第 46 行.
NOTIC: [8] Trying to get property of non-object F:\wamp\www\ule\Application\Runtime\Cache\73d74ff814aabdaaddbfeda92ef9fac256908f81.file.pagelist.html.php 第 46 行.
INFO: Run Behavior\ParseTemplateBehavior [ RunTime:0.014568s ]
INFO: [ view_parse ] --END-- [ RunTime:0.014660s ]
INFO: [ view_filter ] --START--
INFO: Run Behavior\WriteHtmlCacheBehavior [ RunTime:0.000213s ]
INFO: [ view_filter ] --END-- [ RunTime:0.000277s ]
INFO: [ app_end ] --START--
INFO: Run Behavior\ShowPageTraceBehavior [ RunTime:0.000528s ]
INFO: [ app_end ] --END-- [ RunTime:0.000596s ]

[ 2017-03-30T14:51:58+08:00 ] 127.0.0.1 /ule/Admin/News/add.html?id=6
INFO: [ app_init ] --START--
INFO: Run Behavior\BuildLiteBehavior [ RunTime:0.000028s ]
INFO: [ app_init ] --END-- [ RunTime:0.000597s ]
INFO: [ app_begin ] --START--
INFO: Run Behavior\ReadHtmlCacheBehavior [ RunTime:0.000917s ]
INFO: [ app_begin ] --END-- [ RunTime:0.001082s ]
SQL: SHOW COLUMNS FROM `sto_from` [ RunTime:0.0071s ]
SQL: SELECT * FROM `sto_from`  [ RunTime:0.0004s ]
SQL: SHOW COLUMNS FROM `sto_class` [ RunTime:0.0062s ]
SQL: SELECT * FROM `sto_class` WHERE ( class_type=0 )  [ RunTime:0.0006s ]
SQL: SELECT * FROM `sto_class` WHERE `pid` = 4 LIMIT 1   [ RunTime:0.0005s ]
SQL: SELECT * FROM `sto_class` WHERE `pid` = 6 LIMIT 1   [ RunTime:0.0004s ]
SQL: SELECT * FROM `sto_class` WHERE `pid` = 24 LIMIT 1   [ RunTime:0.0005s ]
SQL: SELECT * FROM `sto_class` WHERE `pid` = 9 LIMIT 1   [ RunTime:0.0004s ]
SQL: SELECT * FROM `sto_class` WHERE `pid` = 15 LIMIT 1   [ RunTime:0.0003s ]
SQL: SELECT * FROM `sto_class` WHERE `pid` = 19 LIMIT 1   [ RunTime:0.0003s ]
SQL: SELECT * FROM `sto_class` WHERE `pid` = 20 LIMIT 1   [ RunTime:0.0003s ]
SQL: SELECT * FROM `sto_class` WHERE `pid` = 21 LIMIT 1   [ RunTime:0.0003s ]
SQL: SELECT * FROM `sto_class` WHERE `pid` = 22 LIMIT 1   [ RunTime:0.0003s ]
INFO: [ view_parse ] --START--
NOTIC: [8] Undefined index: is_child F:\wamp\www\ule\Application\Runtime\Cache\0b4989f67560e8ffd0c3d479174e11ac5927d006.file.add.html.php 第 53 行.
NOTIC: [8] Undefined index: is_child F:\wamp\www\ule\Application\Runtime\Cache\0b4989f67560e8ffd0c3d479174e11ac5927d006.file.add.html.php 第 53 行.
NOTIC: [8] Undefined index: is_child F:\wamp\www\ule\Application\Runtime\Cache\0b4989f67560e8ffd0c3d479174e11ac5927d006.file.add.html.php 第 53 行.
NOTIC: [8] Undefined index: is_child F:\wamp\www\ule\Application\Runtime\Cache\0b4989f67560e8ffd0c3d479174e11ac5927d006.file.add.html.php 第 53 行.
NOTIC: [8] Undefined index: is_child F:\wamp\www\ule\Application\Runtime\Cache\0b4989f67560e8ffd0c3d479174e11ac5927d006.file.add.html.php 第 53 行.
NOTIC: [8] Undefined index: rs F:\wamp\www\ule\Application\Runtime\Cache\0b4989f67560e8ffd0c3d479174e11ac5927d006.file.add.html.php 第 79 行.
NOTIC: [8] Trying to get property of non-object F:\wamp\www\ule\Application\Runtime\Cache\0b4989f67560e8ffd0c3d479174e11ac5927d006.file.add.html.php 第 79 行.
NOTIC: [8] Undefined index: rs F:\wamp\www\ule\Application\Runtime\Cache\0b4989f67560e8ffd0c3d479174e11ac5927d006.file.add.html.php 第 109 行.
NOTIC: [8] Trying to get property of non-object F:\wamp\www\ule\Application\Runtime\Cache\0b4989f67560e8ffd0c3d479174e11ac5927d006.file.add.html.php 第 109 行.
NOTIC: [8] Undefined index: rs F:\wamp\www\ule\Application\Runtime\Cache\0b4989f67560e8ffd0c3d479174e11ac5927d006.file.add.html.php 第 118 行.
NOTIC: [8] Trying to get property of non-object F:\wamp\www\ule\Application\Runtime\Cache\0b4989f67560e8ffd0c3d479174e11ac5927d006.file.add.html.php 第 118 行.
NOTIC: [8] Undefined index: rs F:\wamp\www\ule\Application\Runtime\Cache\0b4989f67560e8ffd0c3d479174e11ac5927d006.file.add.html.php 第 128 行.
NOTIC: [8] Trying to get property of non-object F:\wamp\www\ule\Application\Runtime\Cache\0b4989f67560e8ffd0c3d479174e11ac5927d006.file.add.html.php 第 128 行.
INFO: Run Behavior\ParseTemplateBehavior [ RunTime:0.009571s ]
INFO: [ view_parse ] --END-- [ RunTime:0.009651s ]
INFO: [ view_filter ] --START--
INFO: Run Behavior\WriteHtmlCacheBehavior [ RunTime:0.000351s ]
INFO: [ view_filter ] --END-- [ RunTime:0.000462s ]
INFO: [ app_end ] --START--
INFO: Run Behavior\ShowPageTraceBehavior [ RunTime:0.000476s ]
INFO: [ app_end ] --END-- [ RunTime:0.000545s ]

[ 2017-03-30T14:51:59+08:00 ] 127.0.0.1 /ule/Admin/Common/upload.html
INFO: [ app_init ] --START--
INFO: Run Behavior\BuildLiteBehavior [ RunTime:0.000034s ]
INFO: [ app_init ] --END-- [ RunTime:0.000703s ]
INFO: [ app_begin ] --START--
INFO: Run Behavior\ReadHtmlCacheBehavior [ RunTime:0.001068s ]
INFO: [ app_begin ] --END-- [ RunTime:0.001273s ]
INFO: [ view_parse ] --START--
INFO: Run Behavior\ParseTemplateBehavior [ RunTime:0.010185s ]
INFO: [ view_parse ] --END-- [ RunTime:0.010279s ]
INFO: [ view_filter ] --START--
INFO: Run Behavior\WriteHtmlCacheBehavior [ RunTime:0.000376s ]
INFO: [ view_filter ] --END-- [ RunTime:0.000441s ]
INFO: [ app_end ] --START--
INFO: Run Behavior\ShowPageTraceBehavior [ RunTime:0.000742s ]
INFO: [ app_end ] --END-- [ RunTime:0.000821s ]

[ 2017-03-30T14:52:10+08:00 ] 127.0.0.1 /ule/Admin/Common/upload.html
INFO: [ app_init ] --START--
INFO: Run Behavior\BuildLiteBehavior [ RunTime:0.000074s ]
INFO: [ app_init ] --END-- [ RunTime:0.001535s ]
INFO: [ app_begin ] --START--
INFO: Run Behavior\ReadHtmlCacheBehavior [ RunTime:0.001041s ]
INFO: [ app_begin ] --END-- [ RunTime:0.001197s ]

[ 2017-03-30T14:52:11+08:00 ] 127.0.0.1 /ule/Admin/Common/upload.html
INFO: [ app_init ] --START--
INFO: Run Behavior\BuildLiteBehavior [ RunTime:0.000033s ]
INFO: [ app_init ] --END-- [ RunTime:0.000766s ]
INFO: [ app_begin ] --START--
INFO: Run Behavior\ReadHtmlCacheBehavior [ RunTime:0.001019s ]
INFO: [ app_begin ] --END-- [ RunTime:0.001153s ]

[ 2017-03-30T15:02:04+08:00 ] 127.0.0.1 /ule/Admin/Common/upload.html
INFO: [ app_init ] --START--
INFO: Run Behavior\BuildLiteBehavior [ RunTime:0.000026s ]
INFO: [ app_init ] --END-- [ RunTime:0.000641s ]
INFO: [ app_begin ] --START--
INFO: Run Behavior\ReadHtmlCacheBehavior [ RunTime:0.000696s ]
INFO: [ app_begin ] --END-- [ RunTime:0.000818s ]
INFO: [ view_parse ] --START--
INFO: Run Behavior\ParseTemplateBehavior [ RunTime:0.012358s ]
INFO: [ view_parse ] --END-- [ RunTime:0.012474s ]
INFO: [ view_filter ] --START--
INFO: Run Behavior\WriteHtmlCacheBehavior [ RunTime:0.000404s ]
INFO: [ view_filter ] --END-- [ RunTime:0.000471s ]
INFO: [ app_end ] --START--
INFO: Run Behavior\ShowPageTraceBehavior [ RunTime:0.000522s ]
INFO: [ app_end ] --END-- [ RunTime:0.000592s ]

[ 2017-03-30T15:02:06+08:00 ] 127.0.0.1 /ule/Admin/Common/upload.html
INFO: [ app_init ] --START--
INFO: Run Behavior\BuildLiteBehavior [ RunTime:0.000027s ]
INFO: [ app_init ] --END-- [ RunTime:0.000589s ]
INFO: [ app_begin ] --START--
INFO: Run Behavior\ReadHtmlCacheBehavior [ RunTime:0.000634s ]
INFO: [ app_begin ] --END-- [ RunTime:0.000750s ]

[ 2017-03-30T15:02:11+08:00 ] 127.0.0.1 /ule/Admin/Common/upload.html
INFO: [ app_init ] --START--
INFO: Run Behavior\BuildLiteBehavior [ RunTime:0.000026s ]
INFO: [ app_init ] --END-- [ RunTime:0.000654s ]
INFO: [ app_begin ] --START--
INFO: Run Behavior\ReadHtmlCacheBehavior [ RunTime:0.000712s ]
INFO: [ app_begin ] --END-- [ RunTime:0.000817s ]
NOTIC: [2] call_user_func() expects parameter 1 to be a valid callback, no array or string given F:\wamp\www\ule\ThinkPHP\Library\Think\Upload.class.php 第 170 行.

[ 2017-03-30T15:05:40+08:00 ] 127.0.0.1 /ule/Admin/Common/upload.html
INFO: [ app_init ] --START--
INFO: Run Behavior\BuildLiteBehavior [ RunTime:0.000025s ]
INFO: [ app_init ] --END-- [ RunTime:0.000548s ]
INFO: [ app_begin ] --START--
INFO: Run Behavior\ReadHtmlCacheBehavior [ RunTime:0.000618s ]
INFO: [ app_begin ] --END-- [ RunTime:0.000725s ]
INFO: [ view_parse ] --START--
INFO: Run Behavior\ParseTemplateBehavior [ RunTime:0.011448s ]
INFO: [ view_parse ] --END-- [ RunTime:0.011580s ]
INFO: [ view_filter ] --START--
INFO: Run Behavior\WriteHtmlCacheBehavior [ RunTime:0.000434s ]
INFO: [ view_filter ] --END-- [ RunTime:0.000532s ]
INFO: [ app_end ] --START--
INFO: Run Behavior\ShowPageTraceBehavior [ RunTime:0.000681s ]
INFO: [ app_end ] --END-- [ RunTime:0.000772s ]

[ 2017-03-30T15:05:43+08:00 ] 127.0.0.1 /ule/Admin/Common/upload.html
INFO: [ app_init ] --START--
INFO: Run Behavior\BuildLiteBehavior [ RunTime:0.000031s ]
INFO: [ app_init ] --END-- [ RunTime:0.000692s ]
INFO: [ app_begin ] --START--
INFO: Run Behavior\ReadHtmlCacheBehavior [ RunTime:0.000845s ]
INFO: [ app_begin ] --END-- [ RunTime:0.000982s ]
NOTIC: [2] call_user_func() expects parameter 1 to be a valid callback, no array or string given F:\wamp\www\ule\ThinkPHP\Library\Think\Upload.class.php 第 170 行.
ERR: 不存在的图像文件

[ 2017-03-30T15:05:47+08:00 ] 127.0.0.1 /ule/Admin/Common/upload.html
INFO: [ app_init ] --START--
INFO: Run Behavior\BuildLiteBehavior [ RunTime:0.000057s ]
INFO: [ app_init ] --END-- [ RunTime:0.001232s ]
INFO: [ app_begin ] --START--
INFO: Run Behavior\ReadHtmlCacheBehavior [ RunTime:0.002093s ]
INFO: [ app_begin ] --END-- [ RunTime:0.002391s ]
NOTIC: [2] call_user_func() expects parameter 1 to be a valid callback, no array or string given F:\wamp\www\ule\ThinkPHP\Library\Think\Upload.class.php 第 170 行.
ERR: 不存在的图像文件

[ 2017-03-30T15:05:52+08:00 ] 127.0.0.1 /ule/Admin/Common/upload.html
INFO: [ app_init ] --START--
INFO: Run Behavior\BuildLiteBehavior [ RunTime:0.000058s ]
INFO: [ app_init ] --END-- [ RunTime:0.001430s ]
INFO: [ app_begin ] --START--
INFO: Run Behavior\ReadHtmlCacheBehavior [ RunTime:0.001099s ]
INFO: [ app_begin ] --END-- [ RunTime:0.001270s ]
NOTIC: [2] call_user_func() expects parameter 1 to be a valid callback, no array or string given F:\wamp\www\ule\ThinkPHP\Library\Think\Upload.class.php 第 170 行.
ERR: 不存在的图像文件

[ 2017-03-30T15:05:57+08:00 ] 127.0.0.1 /ule/Admin/Common/upload.html
INFO: [ app_init ] --START--
INFO: Run Behavior\BuildLiteBehavior [ RunTime:0.000057s ]
INFO: [ app_init ] --END-- [ RunTime:0.001257s ]
INFO: [ app_begin ] --START--
INFO: Run Behavior\ReadHtmlCacheBehavior [ RunTime:0.001819s ]
INFO: [ app_begin ] --END-- [ RunTime:0.002069s ]
NOTIC: [2] call_user_func() expects parameter 1 to be a valid callback, no array or string given F:\wamp\www\ule\ThinkPHP\Library\Think\Upload.class.php 第 170 行.
ERR: 不存在的图像文件

[ 2017-03-30T15:07:13+08:00 ] 127.0.0.1 /ule/Admin/Common/upload.html
INFO: [ app_init ] --START--
INFO: Run Behavior\BuildLiteBehavior [ RunTime:0.000058s ]
INFO: [ app_init ] --END-- [ RunTime:0.001301s ]
INFO: [ app_begin ] --START--
INFO: Run Behavior\ReadHtmlCacheBehavior [ RunTime:0.001739s ]
INFO: [ app_begin ] --END-- [ RunTime:0.001972s ]
NOTIC: [2] call_user_func() expects parameter 1 to be a valid callback, no array or string given F:\wamp\www\ule\ThinkPHP\Library\Think\Upload.class.php 第 170 行.
NOTIC: [2] call_user_func() expects parameter 1 to be a valid callback, no array or string given F:\wamp\www\ule\ThinkPHP\Library\Think\Upload.class.php 第 170 行.
ERR: 不存在的图像文件

[ 2017-03-30T15:07:26+08:00 ] 127.0.0.1 /ule/Admin/Common/upload.html
INFO: [ app_init ] --START--
INFO: Run Behavior\BuildLiteBehavior [ RunTime:0.000042s ]
INFO: [ app_init ] --END-- [ RunTime:0.001016s ]
INFO: [ app_begin ] --START--
INFO: Run Behavior\ReadHtmlCacheBehavior [ RunTime:0.001168s ]
INFO: [ app_begin ] --END-- [ RunTime:0.001344s ]
NOTIC: [2] call_user_func() expects parameter 1 to be a valid callback, no array or string given F:\wamp\www\ule\ThinkPHP\Library\Think\Upload.class.php 第 170 行.
NOTIC: [2] call_user_func() expects parameter 1 to be a valid callback, no array or string given F:\wamp\www\ule\ThinkPHP\Library\Think\Upload.class.php 第 170 行.
ERR: 不存在的图像文件

[ 2017-03-30T15:08:19+08:00 ] 127.0.0.1 /ule/Admin/News/pagelist/id/6.html
INFO: [ app_init ] --START--
INFO: Run Behavior\BuildLiteBehavior [ RunTime:0.000027s ]
INFO: [ app_init ] --END-- [ RunTime:0.000665s ]
INFO: [ app_begin ] --START--
INFO: Run Behavior\ReadHtmlCacheBehavior [ RunTime:0.000794s ]
INFO: [ app_begin ] --END-- [ RunTime:0.000912s ]
SQL: SHOW COLUMNS FROM `sto_news` [ RunTime:0.0073s ]
SQL: SELECT COUNT(id) AS tp_count FROM `sto_news` WHERE `uid` = 6 LIMIT 1   [ RunTime:0.0005s ]
SQL: SHOW COLUMNS FROM `sto_news` [ RunTime:0.0063s ]
SQL: SELECT n.*,c.class_name,f.name FROM sto_news n,sto_class c,sto_from f WHERE ( n.uid=6 AND n.uid=c.id AND n.fromid=f.id ) ORDER BY n.sort desc LIMIT 0,20   [ RunTime:0.0051s ]
INFO: [ view_parse ] --START--
NOTIC: [8] Undefined index: rs F:\wamp\www\ule\Application\Runtime\Cache\73d74ff814aabdaaddbfeda92ef9fac256908f81.file.pagelist.html.php 第 45 行.
NOTIC: [8] Trying to get property of non-object F:\wamp\www\ule\Application\Runtime\Cache\73d74ff814aabdaaddbfeda92ef9fac256908f81.file.pagelist.html.php 第 45 行.
NOTIC: [8] Undefined index: rs F:\wamp\www\ule\Application\Runtime\Cache\73d74ff814aabdaaddbfeda92ef9fac256908f81.file.pagelist.html.php 第 46 行.
NOTIC: [8] Trying to get property of non-object F:\wamp\www\ule\Application\Runtime\Cache\73d74ff814aabdaaddbfeda92ef9fac256908f81.file.pagelist.html.php 第 46 行.
INFO: Run Behavior\ParseTemplateBehavior [ RunTime:0.017743s ]
INFO: [ view_parse ] --END-- [ RunTime:0.017859s ]
INFO: [ view_filter ] --START--
INFO: Run Behavior\WriteHtmlCacheBehavior [ RunTime:0.000614s ]
INFO: [ view_filter ] --END-- [ RunTime:0.000719s ]
INFO: [ app_end ] --START--
INFO: Run Behavior\ShowPageTraceBehavior [ RunTime:0.000847s ]
INFO: [ app_end ] --END-- [ RunTime:0.000951s ]

[ 2017-03-30T15:08:21+08:00 ] 127.0.0.1 /ule/Admin/News/add.html?id=6
INFO: [ app_init ] --START--
INFO: Run Behavior\BuildLiteBehavior [ RunTime:0.000029s ]
INFO: [ app_init ] --END-- [ RunTime:0.000605s ]
INFO: [ app_begin ] --START--
INFO: Run Behavior\ReadHtmlCacheBehavior [ RunTime:0.000712s ]
INFO: [ app_begin ] --END-- [ RunTime:0.000838s ]
SQL: SHOW COLUMNS FROM `sto_from` [ RunTime:0.0055s ]
SQL: SELECT * FROM `sto_from`  [ RunTime:0.0005s ]
SQL: SHOW COLUMNS FROM `sto_class` [ RunTime:0.0056s ]
SQL: SELECT * FROM `sto_class` WHERE ( class_type=0 )  [ RunTime:0.0005s ]
SQL: SELECT * FROM `sto_class` WHERE `pid` = 4 LIMIT 1   [ RunTime:0.0004s ]
SQL: SELECT * FROM `sto_class` WHERE `pid` = 6 LIMIT 1   [ RunTime:0.0006s ]
SQL: SELECT * FROM `sto_class` WHERE `pid` = 24 LIMIT 1   [ RunTime:0.0004s ]
SQL: SELECT * FROM `sto_class` WHERE `pid` = 9 LIMIT 1   [ RunTime:0.0004s ]
SQL: SELECT * FROM `sto_class` WHERE `pid` = 15 LIMIT 1   [ RunTime:0.0005s ]
SQL: SELECT * FROM `sto_class` WHERE `pid` = 19 LIMIT 1   [ RunTime:0.0005s ]
SQL: SELECT * FROM `sto_class` WHERE `pid` = 20 LIMIT 1   [ RunTime:0.0006s ]
SQL: SELECT * FROM `sto_class` WHERE `pid` = 21 LIMIT 1   [ RunTime:0.0007s ]
SQL: SELECT * FROM `sto_class` WHERE `pid` = 22 LIMIT 1   [ RunTime:0.0004s ]
INFO: [ view_parse ] --START--
NOTIC: [8] Undefined index: is_child F:\wamp\www\ule\Application\Runtime\Cache\0b4989f67560e8ffd0c3d479174e11ac5927d006.file.add.html.php 第 53 行.
NOTIC: [8] Undefined index: is_child F:\wamp\www\ule\Application\Runtime\Cache\0b4989f67560e8ffd0c3d479174e11ac5927d006.file.add.html.php 第 53 行.
NOTIC: [8] Undefined index: is_child F:\wamp\www\ule\Application\Runtime\Cache\0b4989f67560e8ffd0c3d479174e11ac5927d006.file.add.html.php 第 53 行.
NOTIC: [8] Undefined index: is_child F:\wamp\www\ule\Application\Runtime\Cache\0b4989f67560e8ffd0c3d479174e11ac5927d006.file.add.html.php 第 53 行.
NOTIC: [8] Undefined index: is_child F:\wamp\www\ule\Application\Runtime\Cache\0b4989f67560e8ffd0c3d479174e11ac5927d006.file.add.html.php 第 53 行.
NOTIC: [8] Undefined index: rs F:\wamp\www\ule\Application\Runtime\Cache\0b4989f67560e8ffd0c3d479174e11ac5927d006.file.add.html.php 第 79 行.
NOTIC: [8] Trying to get property of non-object F:\wamp\www\ule\Application\Runtime\Cache\0b4989f67560e8ffd0c3d479174e11ac5927d006.file.add.html.php 第 79 行.
NOTIC: [8] Undefined index: rs F:\wamp\www\ule\Application\Runtime\Cache\0b4989f67560e8ffd0c3d479174e11ac5927d006.file.add.html.php 第 109 行.
NOTIC: [8] Trying to get property of non-object F:\wamp\www\ule\Application\Runtime\Cache\0b4989f67560e8ffd0c3d479174e11ac5927d006.file.add.html.php 第 109 行.
NOTIC: [8] Undefined index: rs F:\wamp\www\ule\Application\Runtime\Cache\0b4989f67560e8ffd0c3d479174e11ac5927d006.file.add.html.php 第 118 行.
NOTIC: [8] Trying to get property of non-object F:\wamp\www\ule\Application\Runtime\Cache\0b4989f67560e8ffd0c3d479174e11ac5927d006.file.add.html.php 第 118 行.
NOTIC: [8] Undefined index: rs F:\wamp\www\ule\Application\Runtime\Cache\0b4989f67560e8ffd0c3d479174e11ac5927d006.file.add.html.php 第 128 行.
NOTIC: [8] Trying to get property of non-object F:\wamp\www\ule\Application\Runtime\Cache\0b4989f67560e8ffd0c3d479174e11ac5927d006.file.add.html.php 第 128 行.
INFO: Run Behavior\ParseTemplateBehavior [ RunTime:0.012393s ]
INFO: [ view_parse ] --END-- [ RunTime:0.012520s ]
INFO: [ view_filter ] --START--
INFO: Run Behavior\WriteHtmlCacheBehavior [ RunTime:0.000599s ]
INFO: [ view_filter ] --END-- [ RunTime:0.000707s ]
INFO: [ app_end ] --START--
INFO: Run Behavior\ShowPageTraceBehavior [ RunTime:0.000939s ]
INFO: [ app_end ] --END-- [ RunTime:0.001078s ]

[ 2017-03-30T15:08:23+08:00 ] 127.0.0.1 /ule/Admin/Common/upload.html
INFO: [ app_init ] --START--
INFO: Run Behavior\BuildLiteBehavior [ RunTime:0.000028s ]
INFO: [ app_init ] --END-- [ RunTime:0.000556s ]
INFO: [ app_begin ] --START--
INFO: Run Behavior\ReadHtmlCacheBehavior [ RunTime:0.000705s ]
INFO: [ app_begin ] --END-- [ RunTime:0.000836s ]
INFO: [ view_parse ] --START--
INFO: Run Behavior\ParseTemplateBehavior [ RunTime:0.012944s ]
INFO: [ view_parse ] --END-- [ RunTime:0.013059s ]
INFO: [ view_filter ] --START--
INFO: Run Behavior\WriteHtmlCacheBehavior [ RunTime:0.000367s ]
INFO: [ view_filter ] --END-- [ RunTime:0.000443s ]
INFO: [ app_end ] --START--
INFO: Run Behavior\ShowPageTraceBehavior [ RunTime:0.000611s ]
INFO: [ app_end ] --END-- [ RunTime:0.000737s ]

[ 2017-03-30T15:08:26+08:00 ] 127.0.0.1 /ule/Admin/Common/upload.html
INFO: [ app_init ] --START--
INFO: Run Behavior\BuildLiteBehavior [ RunTime:0.000027s ]
INFO: [ app_init ] --END-- [ RunTime:0.000746s ]
INFO: [ app_begin ] --START--
INFO: Run Behavior\ReadHtmlCacheBehavior [ RunTime:0.000892s ]
INFO: [ app_begin ] --END-- [ RunTime:0.001031s ]
NOTIC: [2] call_user_func() expects parameter 1 to be a valid callback, no array or string given F:\wamp\www\ule\ThinkPHP\Library\Think\Upload.class.php 第 170 行.

[ 2017-03-30T15:12:02+08:00 ] 127.0.0.1 /ule/Admin/Common/upload.html
INFO: [ app_init ] --START--
INFO: Run Behavior\BuildLiteBehavior [ RunTime:0.000039s ]
INFO: [ app_init ] --END-- [ RunTime:0.000855s ]
INFO: [ app_begin ] --START--
INFO: Run Behavior\ReadHtmlCacheBehavior [ RunTime:0.001046s ]
INFO: [ app_begin ] --END-- [ RunTime:0.001210s ]
NOTIC: [2] call_user_func() expects parameter 1 to be a valid callback, no array or string given F:\wamp\www\ule\ThinkPHP\Library\Think\Upload.class.php 第 170 行.

[ 2017-03-30T15:13:20+08:00 ] 127.0.0.1 /ule/Admin/Common/upload.html
INFO: [ app_init ] --START--
INFO: Run Behavior\BuildLiteBehavior [ RunTime:0.000053s ]
INFO: [ app_init ] --END-- [ RunTime:0.001301s ]
INFO: [ app_begin ] --START--
INFO: Run Behavior\ReadHtmlCacheBehavior [ RunTime:0.001546s ]
INFO: [ app_begin ] --END-- [ RunTime:0.001780s ]
NOTIC: [2] call_user_func() expects parameter 1 to be a valid callback, no array or string given F:\wamp\www\ule\ThinkPHP\Library\Think\Upload.class.php 第 170 行.

[ 2017-03-30T15:13:31+08:00 ] 127.0.0.1 /ule/Admin/Common/upload.html
INFO: [ app_init ] --START--
INFO: Run Behavior\BuildLiteBehavior [ RunTime:0.000030s ]
INFO: [ app_init ] --END-- [ RunTime:0.000727s ]
INFO: [ app_begin ] --START--
INFO: Run Behavior\ReadHtmlCacheBehavior [ RunTime:0.000737s ]
INFO: [ app_begin ] --END-- [ RunTime:0.000852s ]
NOTIC: [2] call_user_func() expects parameter 1 to be a valid callback, no array or string given F:\wamp\www\ule\ThinkPHP\Library\Think\Upload.class.php 第 170 行.

[ 2017-03-30T15:15:04+08:00 ] 127.0.0.1 /ule/Admin/Common/upload.html
INFO: [ app_init ] --START--
INFO: Run Behavior\BuildLiteBehavior [ RunTime:0.000032s ]
INFO: [ app_init ] --END-- [ RunTime:0.000684s ]
INFO: [ app_begin ] --START--
INFO: Run Behavior\ReadHtmlCacheBehavior [ RunTime:0.000903s ]
INFO: [ app_begin ] --END-- [ RunTime:0.001042s ]
NOTIC: [2] call_user_func() expects parameter 1 to be a valid callback, no array or string given F:\wamp\www\ule\ThinkPHP\Library\Think\Upload.class.php 第 170 行.

[ 2017-03-30T15:19:40+08:00 ] 127.0.0.1 /ule/Admin/Common/upload.html
INFO: [ app_init ] --START--
INFO: Run Behavior\BuildLiteBehavior [ RunTime:0.000030s ]
INFO: [ app_init ] --END-- [ RunTime:0.000610s ]
INFO: [ app_begin ] --START--
INFO: Run Behavior\ReadHtmlCacheBehavior [ RunTime:0.000844s ]
INFO: [ app_begin ] --END-- [ RunTime:0.000967s ]
NOTIC: [2] call_user_func() expects parameter 1 to be a valid callback, no array or string given F:\wamp\www\ule\ThinkPHP\Library\Think\Upload.class.php 第 170 行.

[ 2017-03-30T15:20:13+08:00 ] 127.0.0.1 /ule/Admin/Common/upload.html
INFO: [ app_init ] --START--
INFO: Run Behavior\BuildLiteBehavior [ RunTime:0.000032s ]
INFO: [ app_init ] --END-- [ RunTime:0.000681s ]
INFO: [ app_begin ] --START--
INFO: Run Behavior\ReadHtmlCacheBehavior [ RunTime:0.000941s ]
INFO: [ app_begin ] --END-- [ RunTime:0.001078s ]
NOTIC: [2] call_user_func() expects parameter 1 to be a valid callback, no array or string given F:\wamp\www\ule\ThinkPHP\Library\Think\Upload.class.php 第 170 行.

[ 2017-03-30T15:20:18+08:00 ] 127.0.0.1 /ule/Admin/Common/upload.html
INFO: [ app_init ] --START--
INFO: Run Behavior\BuildLiteBehavior [ RunTime:0.000032s ]
INFO: [ app_init ] --END-- [ RunTime:0.000692s ]
INFO: [ app_begin ] --START--
INFO: Run Behavior\ReadHtmlCacheBehavior [ RunTime:0.001061s ]
INFO: [ app_begin ] --END-- [ RunTime:0.001408s ]
INFO: [ view_parse ] --START--
INFO: Run Behavior\ParseTemplateBehavior [ RunTime:0.012592s ]
INFO: [ view_parse ] --END-- [ RunTime:0.012723s ]
INFO: [ view_filter ] --START--
INFO: Run Behavior\WriteHtmlCacheBehavior [ RunTime:0.000502s ]
INFO: [ view_filter ] --END-- [ RunTime:0.000620s ]
INFO: [ app_end ] --START--
INFO: Run Behavior\ShowPageTraceBehavior [ RunTime:0.000648s ]
INFO: [ app_end ] --END-- [ RunTime:0.000728s ]

[ 2017-03-30T15:20:21+08:00 ] 127.0.0.1 /ule/Admin/Common/upload.html
INFO: [ app_init ] --START--
INFO: Run Behavior\BuildLiteBehavior [ RunTime:0.000032s ]
INFO: [ app_init ] --END-- [ RunTime:0.000813s ]
INFO: [ app_begin ] --START--
INFO: Run Behavior\ReadHtmlCacheBehavior [ RunTime:0.000976s ]
INFO: [ app_begin ] --END-- [ RunTime:0.001112s ]
NOTIC: [2] call_user_func() expects parameter 1 to be a valid callback, no array or string given F:\wamp\www\ule\ThinkPHP\Library\Think\Upload.class.php 第 170 行.

[ 2017-03-30T15:21:51+08:00 ] 127.0.0.1 /ule/Admin/Common/upload.html
INFO: [ app_init ] --START--
INFO: Run Behavior\BuildLiteBehavior [ RunTime:0.000020s ]
INFO: [ app_init ] --END-- [ RunTime:0.000526s ]
INFO: [ app_begin ] --START--
INFO: Run Behavior\ReadHtmlCacheBehavior [ RunTime:0.000496s ]
INFO: [ app_begin ] --END-- [ RunTime:0.000573s ]
NOTIC: [2] call_user_func() expects parameter 1 to be a valid callback, no array or string given F:\wamp\www\ule\ThinkPHP\Library\Think\Upload.class.php 第 170 行.
ERR: 不存在的图像文件

[ 2017-03-30T15:22:40+08:00 ] 127.0.0.1 /ule/Admin/Common/upload.html
INFO: [ app_init ] --START--
INFO: Run Behavior\BuildLiteBehavior [ RunTime:0.000027s ]
INFO: [ app_init ] --END-- [ RunTime:0.000729s ]
INFO: [ app_begin ] --START--
INFO: Run Behavior\ReadHtmlCacheBehavior [ RunTime:0.000814s ]
INFO: [ app_begin ] --END-- [ RunTime:0.000930s ]
NOTIC: [2] call_user_func() expects parameter 1 to be a valid callback, no array or string given F:\wamp\www\ule\ThinkPHP\Library\Think\Upload.class.php 第 170 行.
ERR: 不存在的图像文件

[ 2017-03-30T15:24:19+08:00 ] 127.0.0.1 /ule/Admin/Common/upload.html
INFO: [ app_init ] --START--
INFO: Run Behavior\BuildLiteBehavior [ RunTime:0.000021s ]
INFO: [ app_init ] --END-- [ RunTime:0.000434s ]
INFO: [ app_begin ] --START--
INFO: Run Behavior\ReadHtmlCacheBehavior [ RunTime:0.000568s ]
INFO: [ app_begin ] --END-- [ RunTime:0.000651s ]
INFO: [ view_parse ] --START--
INFO: Run Behavior\ParseTemplateBehavior [ RunTime:0.009963s ]
INFO: [ view_parse ] --END-- [ RunTime:0.010048s ]
INFO: [ view_filter ] --START--
INFO: Run Behavior\WriteHtmlCacheBehavior [ RunTime:0.000296s ]
INFO: [ view_filter ] --END-- [ RunTime:0.000387s ]
INFO: [ app_end ] --START--
INFO: Run Behavior\ShowPageTraceBehavior [ RunTime:0.000472s ]
INFO: [ app_end ] --END-- [ RunTime:0.000557s ]

[ 2017-03-30T15:24:27+08:00 ] 127.0.0.1 /ule/Admin/Common/upload.html
INFO: [ app_init ] --START--
INFO: Run Behavior\BuildLiteBehavior [ RunTime:0.000038s ]
INFO: [ app_init ] --END-- [ RunTime:0.000844s ]
INFO: [ app_begin ] --START--
INFO: Run Behavior\ReadHtmlCacheBehavior [ RunTime:0.000632s ]
INFO: [ app_begin ] --END-- [ RunTime:0.000743s ]
NOTIC: [2] call_user_func() expects parameter 1 to be a valid callback, no array or string given F:\wamp\www\ule\ThinkPHP\Library\Think\Upload.class.php 第 170 行.
NOTIC: [8] Undefined variable: day F:\wamp\www\ule\Application\Admin\Controller\CommonController.class.php 第 139 行.
ERR: 不存在的图像文件

[ 2017-03-30T15:24:38+08:00 ] 127.0.0.1 /ule/Admin/Common/upload.html
INFO: [ app_init ] --START--
INFO: Run Behavior\BuildLiteBehavior [ RunTime:0.000053s ]
INFO: [ app_init ] --END-- [ RunTime:0.001300s ]
INFO: [ app_begin ] --START--
INFO: Run Behavior\ReadHtmlCacheBehavior [ RunTime:0.001604s ]
INFO: [ app_begin ] --END-- [ RunTime:0.001837s ]
NOTIC: [2] call_user_func() expects parameter 1 to be a valid callback, no array or string given F:\wamp\www\ule\ThinkPHP\Library\Think\Upload.class.php 第 170 行.
NOTIC: [8] Undefined variable: day F:\wamp\www\ule\Application\Admin\Controller\CommonController.class.php 第 139 行.
ERR: 不存在的图像文件

[ 2017-03-30T15:52:22+08:00 ] 127.0.0.1 /ule/Admin/Common/upload.html
INFO: [ app_init ] --START--
INFO: Run Behavior\BuildLiteBehavior [ RunTime:0.000033s ]
INFO: [ app_init ] --END-- [ RunTime:0.000796s ]
INFO: [ app_begin ] --START--
INFO: Run Behavior\ReadHtmlCacheBehavior [ RunTime:0.000904s ]
INFO: [ app_begin ] --END-- [ RunTime:0.001041s ]
NOTIC: [2] call_user_func() expects parameter 1 to be a valid callback, no array or string given F:\wamp\www\ule\ThinkPHP\Library\Think\Upload.class.php 第 170 行.
ERR: 不存在的图像文件

[ 2017-03-30T15:52:41+08:00 ] 127.0.0.1 /ule/Admin/Common/upload.html
INFO: [ app_init ] --START--
INFO: Run Behavior\BuildLiteBehavior [ RunTime:0.000026s ]
INFO: [ app_init ] --END-- [ RunTime:0.000519s ]
INFO: [ app_begin ] --START--
INFO: Run Behavior\ReadHtmlCacheBehavior [ RunTime:0.000714s ]
INFO: [ app_begin ] --END-- [ RunTime:0.000831s ]
INFO: [ view_parse ] --START--
INFO: Run Behavior\ParseTemplateBehavior [ RunTime:0.014795s ]
INFO: [ view_parse ] --END-- [ RunTime:0.014922s ]
INFO: [ view_filter ] --START--
INFO: Run Behavior\WriteHtmlCacheBehavior [ RunTime:0.000636s ]
INFO: [ view_filter ] --END-- [ RunTime:0.000744s ]
INFO: [ app_end ] --START--
INFO: Run Behavior\ShowPageTraceBehavior [ RunTime:0.000813s ]
INFO: [ app_end ] --END-- [ RunTime:0.000917s ]

[ 2017-03-30T15:52:47+08:00 ] 127.0.0.1 /ule/Admin/Common/upload.html
INFO: [ app_init ] --START--
INFO: Run Behavior\BuildLiteBehavior [ RunTime:0.000032s ]
INFO: [ app_init ] --END-- [ RunTime:0.000756s ]
INFO: [ app_begin ] --START--
INFO: Run Behavior\ReadHtmlCacheBehavior [ RunTime:0.001038s ]
INFO: [ app_begin ] --END-- [ RunTime:0.001180s ]
NOTIC: [2] call_user_func() expects parameter 1 to be a valid callback, no array or string given F:\wamp\www\ule\ThinkPHP\Library\Think\Upload.class.php 第 170 行.
ERR: 不存在的图像文件

[ 2017-03-30T15:53:37+08:00 ] 127.0.0.1 /ule/Admin/Common/upload.html
INFO: [ app_init ] --START--
INFO: Run Behavior\BuildLiteBehavior [ RunTime:0.000018s ]
INFO: [ app_init ] --END-- [ RunTime:0.000370s ]
INFO: [ app_begin ] --START--
INFO: Run Behavior\ReadHtmlCacheBehavior [ RunTime:0.000543s ]
INFO: [ app_begin ] --END-- [ RunTime:0.000617s ]
INFO: [ view_parse ] --START--
INFO: Run Behavior\ParseTemplateBehavior [ RunTime:0.010435s ]
INFO: [ view_parse ] --END-- [ RunTime:0.010518s ]
INFO: [ view_filter ] --START--
INFO: Run Behavior\WriteHtmlCacheBehavior [ RunTime:0.000391s ]
INFO: [ view_filter ] --END-- [ RunTime:0.000536s ]
INFO: [ app_end ] --START--
INFO: Run Behavior\ShowPageTraceBehavior [ RunTime:0.000909s ]
INFO: [ app_end ] --END-- [ RunTime:0.001065s ]

[ 2017-03-30T15:55:21+08:00 ] 127.0.0.1 /ule/Admin/Common/ule/Admin/Common/upload.html
INFO: [ app_init ] --START--
INFO: Run Behavior\BuildLiteBehavior [ RunTime:0.000028s ]
INFO: [ app_init ] --END-- [ RunTime:0.000652s ]
INFO: [ app_begin ] --START--
INFO: Run Behavior\ReadHtmlCacheBehavior [ RunTime:0.000881s ]
INFO: [ app_begin ] --END-- [ RunTime:0.001152s ]
ERR: 非法操作:ule

[ 2017-03-30T15:57:35+08:00 ] 127.0.0.1 /ule/Admin/Common/upload.html
INFO: [ app_init ] --START--
INFO: Run Behavior\BuildLiteBehavior [ RunTime:0.000033s ]
INFO: [ app_init ] --END-- [ RunTime:0.000644s ]
INFO: [ app_begin ] --START--
INFO: Run Behavior\ReadHtmlCacheBehavior [ RunTime:0.000528s ]
INFO: [ app_begin ] --END-- [ RunTime:0.000614s ]
INFO: [ view_parse ] --START--
INFO: Run Behavior\ParseTemplateBehavior [ RunTime:0.009581s ]
INFO: [ view_parse ] --END-- [ RunTime:0.009667s ]
INFO: [ view_filter ] --START--
INFO: Run Behavior\WriteHtmlCacheBehavior [ RunTime:0.000370s ]
INFO: [ view_filter ] --END-- [ RunTime:0.000439s ]
INFO: [ app_end ] --START--
INFO: Run Behavior\ShowPageTraceBehavior [ RunTime:0.000723s ]
INFO: [ app_end ] --END-- [ RunTime:0.000822s ]

[ 2017-03-30T16:01:46+08:00 ] 127.0.0.1 /ule/Admin/Common/upload.html
INFO: [ app_init ] --START--
INFO: Run Behavior\BuildLiteBehavior [ RunTime:0.000021s ]
INFO: [ app_init ] --END-- [ RunTime:0.000402s ]
INFO: [ app_begin ] --START--
INFO: Run Behavior\ReadHtmlCacheBehavior [ RunTime:0.000586s ]
INFO: [ app_begin ] --END-- [ RunTime:0.000689s ]
INFO: [ view_parse ] --START--
INFO: Run Behavior\ParseTemplateBehavior [ RunTime:0.009650s ]
INFO: [ view_parse ] --END-- [ RunTime:0.009741s ]
INFO: [ view_filter ] --START--
INFO: Run Behavior\WriteHtmlCacheBehavior [ RunTime:0.000465s ]
INFO: [ view_filter ] --END-- [ RunTime:0.000544s ]
INFO: [ app_end ] --START--
INFO: Run Behavior\ShowPageTraceBehavior [ RunTime:0.000654s ]
INFO: [ app_end ] --END-- [ RunTime:0.000732s ]

[ 2017-03-30T16:01:48+08:00 ] 127.0.0.1 /ule/Admin/Common/upload.html
INFO: [ app_init ] --START--
INFO: Run Behavior\BuildLiteBehavior [ RunTime:0.000044s ]
INFO: [ app_init ] --END-- [ RunTime:0.000939s ]
INFO: [ app_begin ] --START--
INFO: Run Behavior\ReadHtmlCacheBehavior [ RunTime:0.000846s ]
INFO: [ app_begin ] --END-- [ RunTime:0.000975s ]
NOTIC: [2] call_user_func() expects parameter 1 to be a valid callback, no array or string given F:\wamp\www\ule\ThinkPHP\Library\Think\Upload.class.php 第 170 行.
ERR: 不存在的图像文件

[ 2017-03-30T16:03:42+08:00 ] 127.0.0.1 /ule/Admin/Common/upload.html
INFO: [ app_init ] --START--
INFO: Run Behavior\BuildLiteBehavior [ RunTime:0.000019s ]
INFO: [ app_init ] --END-- [ RunTime:0.000561s ]
INFO: [ app_begin ] --START--
INFO: Run Behavior\ReadHtmlCacheBehavior [ RunTime:0.000834s ]
INFO: [ app_begin ] --END-- [ RunTime:0.000927s ]
INFO: [ view_parse ] --START--
INFO: Run Behavior\ParseTemplateBehavior [ RunTime:0.012395s ]
INFO: [ view_parse ] --END-- [ RunTime:0.012482s ]
INFO: [ view_filter ] --START--
INFO: Run Behavior\WriteHtmlCacheBehavior [ RunTime:0.000458s ]
INFO: [ view_filter ] --END-- [ RunTime:0.000526s ]
INFO: [ app_end ] --START--
INFO: Run Behavior\ShowPageTraceBehavior [ RunTime:0.000792s ]
INFO: [ app_end ] --END-- [ RunTime:0.000875s ]

[ 2017-03-30T16:03:46+08:00 ] 127.0.0.1 /ule/Admin/Common/upload.html
INFO: [ app_init ] --START--
INFO: Run Behavior\BuildLiteBehavior [ RunTime:0.000033s ]
INFO: [ app_init ] --END-- [ RunTime:0.000763s ]
INFO: [ app_begin ] --START--
INFO: Run Behavior\ReadHtmlCacheBehavior [ RunTime:0.000958s ]
INFO: [ app_begin ] --END-- [ RunTime:0.001095s ]
NOTIC: [2] call_user_func() expects parameter 1 to be a valid callback, no array or string given F:\wamp\www\ule\ThinkPHP\Library\Think\Upload.class.php 第 170 行.
ERR: 不存在的图像文件

[ 2017-03-30T16:05:31+08:00 ] 127.0.0.1 /ule/Admin/Common/upload.html
INFO: [ app_init ] --START--
INFO: Run Behavior\BuildLiteBehavior [ RunTime:0.000055s ]
INFO: [ app_init ] --END-- [ RunTime:0.001177s ]
INFO: [ app_begin ] --START--
INFO: Run Behavior\ReadHtmlCacheBehavior [ RunTime:0.001573s ]
INFO: [ app_begin ] --END-- [ RunTime:0.001806s ]
NOTIC: [2] call_user_func() expects parameter 1 to be a valid callback, no array or string given F:\wamp\www\ule\ThinkPHP\Library\Think\Upload.class.php 第 170 行.

[ 2017-03-30T16:06:35+08:00 ] 127.0.0.1 /ule/Admin/Common/upload.html
INFO: [ app_init ] --START--
INFO: Run Behavior\BuildLiteBehavior [ RunTime:0.000019s ]
INFO: [ app_init ] --END-- [ RunTime:0.000571s ]
INFO: [ app_begin ] --START--
INFO: Run Behavior\ReadHtmlCacheBehavior [ RunTime:0.000438s ]
INFO: [ app_begin ] --END-- [ RunTime:0.000513s ]
INFO: [ view_parse ] --START--
INFO: Run Behavior\ParseTemplateBehavior [ RunTime:0.010402s ]
INFO: [ view_parse ] --END-- [ RunTime:0.010512s ]
INFO: [ view_filter ] --START--
INFO: Run Behavior\WriteHtmlCacheBehavior [ RunTime:0.000389s ]
INFO: [ view_filter ] --END-- [ RunTime:0.000459s ]
INFO: [ app_end ] --START--
INFO: Run Behavior\ShowPageTraceBehavior [ RunTime:0.000555s ]
INFO: [ app_end ] --END-- [ RunTime:0.000624s ]

[ 2017-03-30T16:06:37+08:00 ] 127.0.0.1 /ule/Admin/Common/upload.html
INFO: [ app_init ] --START--
INFO: Run Behavior\BuildLiteBehavior [ RunTime:0.000042s ]
INFO: [ app_init ] --END-- [ RunTime:0.000947s ]
INFO: [ app_begin ] --START--
INFO: Run Behavior\ReadHtmlCacheBehavior [ RunTime:0.001216s ]
INFO: [ app_begin ] --END-- [ RunTime:0.001392s ]
NOTIC: [2] call_user_func() expects parameter 1 to be a valid callback, no array or string given F:\wamp\www\ule\ThinkPHP\Library\Think\Upload.class.php 第 170 行.

[ 2017-03-30T16:07:27+08:00 ] 127.0.0.1 /ule/Admin/Common/upload.html
INFO: [ app_init ] --START--
INFO: Run Behavior\BuildLiteBehavior [ RunTime:0.000022s ]
INFO: [ app_init ] --END-- [ RunTime:0.000400s ]
INFO: [ app_begin ] --START--
INFO: Run Behavior\ReadHtmlCacheBehavior [ RunTime:0.000610s ]
INFO: [ app_begin ] --END-- [ RunTime:0.000747s ]
INFO: [ view_parse ] --START--
INFO: Run Behavior\ParseTemplateBehavior [ RunTime:0.010491s ]
INFO: [ view_parse ] --END-- [ RunTime:0.010590s ]
INFO: [ view_filter ] --START--
INFO: Run Behavior\WriteHtmlCacheBehavior [ RunTime:0.000395s ]
INFO: [ view_filter ] --END-- [ RunTime:0.000477s ]
INFO: [ app_end ] --START--
INFO: Run Behavior\ShowPageTraceBehavior [ RunTime:0.000623s ]
INFO: [ app_end ] --END-- [ RunTime:0.000708s ]

[ 2017-03-30T16:07:29+08:00 ] 127.0.0.1 /ule/Admin/Common/upload.html
INFO: [ app_init ] --START--
INFO: Run Behavior\BuildLiteBehavior [ RunTime:0.000057s ]
INFO: [ app_init ] --END-- [ RunTime:0.001208s ]
INFO: [ app_begin ] --START--
INFO: Run Behavior\ReadHtmlCacheBehavior [ RunTime:0.000818s ]
INFO: [ app_begin ] --END-- [ RunTime:0.000922s ]
NOTIC: [2] call_user_func() expects parameter 1 to be a valid callback, no array or string given F:\wamp\www\ule\ThinkPHP\Library\Think\Upload.class.php 第 170 行.
ERR: 不存在的图像文件

[ 2017-03-30T16:08:02+08:00 ] 127.0.0.1 /ule/Admin/Common/upload.html
INFO: [ app_init ] --START--
INFO: Run Behavior\BuildLiteBehavior [ RunTime:0.000031s ]
INFO: [ app_init ] --END-- [ RunTime:0.000682s ]
INFO: [ app_begin ] --START--
INFO: Run Behavior\ReadHtmlCacheBehavior [ RunTime:0.000947s ]
INFO: [ app_begin ] --END-- [ RunTime:0.001081s ]
NOTIC: [2] call_user_func() expects parameter 1 to be a valid callback, no array or string given F:\wamp\www\ule\ThinkPHP\Library\Think\Upload.class.php 第 170 行.

[ 2017-03-30T16:08:57+08:00 ] 127.0.0.1 /ule/Admin/News/add.html?id=6
INFO: [ app_init ] --START--
INFO: Run Behavior\BuildLiteBehavior [ RunTime:0.000021s ]
INFO: [ app_init ] --END-- [ RunTime:0.000429s ]
INFO: [ app_begin ] --START--
INFO: Run Behavior\ReadHtmlCacheBehavior [ RunTime:0.000541s ]
INFO: [ app_begin ] --END-- [ RunTime:0.000631s ]
SQL: SHOW COLUMNS FROM `sto_from` [ RunTime:0.0070s ]
SQL: SELECT * FROM `sto_from`  [ RunTime:0.0003s ]
SQL: SHOW COLUMNS FROM `sto_class` [ RunTime:0.0056s ]
SQL: SELECT * FROM `sto_class` WHERE ( class_type=0 )  [ RunTime:0.0004s ]
SQL: SELECT * FROM `sto_class` WHERE `pid` = 4 LIMIT 1   [ RunTime:0.0003s ]
SQL: SELECT * FROM `sto_class` WHERE `pid` = 6 LIMIT 1   [ RunTime:0.0002s ]
SQL: SELECT * FROM `sto_class` WHERE `pid` = 24 LIMIT 1   [ RunTime:0.0002s ]
SQL: SELECT * FROM `sto_class` WHERE `pid` = 9 LIMIT 1   [ RunTime:0.0002s ]
SQL: SELECT * FROM `sto_class` WHERE `pid` = 15 LIMIT 1   [ RunTime:0.0003s ]
SQL: SELECT * FROM `sto_class` WHERE `pid` = 19 LIMIT 1   [ RunTime:0.0002s ]
SQL: SELECT * FROM `sto_class` WHERE `pid` = 20 LIMIT 1   [ RunTime:0.0003s ]
SQL: SELECT * FROM `sto_class` WHERE `pid` = 21 LIMIT 1   [ RunTime:0.0002s ]
SQL: SELECT * FROM `sto_class` WHERE `pid` = 22 LIMIT 1   [ RunTime:0.0003s ]
INFO: [ view_parse ] --START--
NOTIC: [8] Undefined index: is_child F:\wamp\www\ule\Application\Runtime\Cache\0b4989f67560e8ffd0c3d479174e11ac5927d006.file.add.html.php 第 53 行.
NOTIC: [8] Undefined index: is_child F:\wamp\www\ule\Application\Runtime\Cache\0b4989f67560e8ffd0c3d479174e11ac5927d006.file.add.html.php 第 53 行.
NOTIC: [8] Undefined index: is_child F:\wamp\www\ule\Application\Runtime\Cache\0b4989f67560e8ffd0c3d479174e11ac5927d006.file.add.html.php 第 53 行.
NOTIC: [8] Undefined index: is_child F:\wamp\www\ule\Application\Runtime\Cache\0b4989f67560e8ffd0c3d479174e11ac5927d006.file.add.html.php 第 53 行.
NOTIC: [8] Undefined index: is_child F:\wamp\www\ule\Application\Runtime\Cache\0b4989f67560e8ffd0c3d479174e11ac5927d006.file.add.html.php 第 53 行.
NOTIC: [8] Undefined index: rs F:\wamp\www\ule\Application\Runtime\Cache\0b4989f67560e8ffd0c3d479174e11ac5927d006.file.add.html.php 第 79 行.
NOTIC: [8] Trying to get property of non-object F:\wamp\www\ule\Application\Runtime\Cache\0b4989f67560e8ffd0c3d479174e11ac5927d006.file.add.html.php 第 79 行.
NOTIC: [8] Undefined index: rs F:\wamp\www\ule\Application\Runtime\Cache\0b4989f67560e8ffd0c3d479174e11ac5927d006.file.add.html.php 第 109 行.
NOTIC: [8] Trying to get property of non-object F:\wamp\www\ule\Application\Runtime\Cache\0b4989f67560e8ffd0c3d479174e11ac5927d006.file.add.html.php 第 109 行.
NOTIC: [8] Undefined index: rs F:\wamp\www\ule\Application\Runtime\Cache\0b4989f67560e8ffd0c3d479174e11ac5927d006.file.add.html.php 第 118 行.
NOTIC: [8] Trying to get property of non-object F:\wamp\www\ule\Application\Runtime\Cache\0b4989f67560e8ffd0c3d479174e11ac5927d006.file.add.html.php 第 118 行.
NOTIC: [8] Undefined index: rs F:\wamp\www\ule\Application\Runtime\Cache\0b4989f67560e8ffd0c3d479174e11ac5927d006.file.add.html.php 第 128 行.
NOTIC: [8] Trying to get property of non-object F:\wamp\www\ule\Application\Runtime\Cache\0b4989f67560e8ffd0c3d479174e11ac5927d006.file.add.html.php 第 128 行.
INFO: Run Behavior\ParseTemplateBehavior [ RunTime:0.013146s ]
INFO: [ view_parse ] --END-- [ RunTime:0.013237s ]
INFO: [ view_filter ] --START--
INFO: Run Behavior\WriteHtmlCacheBehavior [ RunTime:0.000598s ]
INFO: [ view_filter ] --END-- [ RunTime:0.000743s ]
INFO: [ app_end ] --START--
INFO: Run Behavior\ShowPageTraceBehavior [ RunTime:0.000738s ]
INFO: [ app_end ] --END-- [ RunTime:0.000822s ]

[ 2017-03-30T16:08:59+08:00 ] 127.0.0.1 /ule/Admin/Common/upload.html
INFO: [ app_init ] --START--
INFO: Run Behavior\BuildLiteBehavior [ RunTime:0.000046s ]
INFO: [ app_init ] --END-- [ RunTime:0.000910s ]
INFO: [ app_begin ] --START--
INFO: Run Behavior\ReadHtmlCacheBehavior [ RunTime:0.000639s ]
INFO: [ app_begin ] --END-- [ RunTime:0.000746s ]
INFO: [ view_parse ] --START--
INFO: Run Behavior\ParseTemplateBehavior [ RunTime:0.010923s ]
INFO: [ view_parse ] --END-- [ RunTime:0.011028s ]
INFO: [ view_filter ] --START--
INFO: Run Behavior\WriteHtmlCacheBehavior [ RunTime:0.000535s ]
INFO: [ view_filter ] --END-- [ RunTime:0.000624s ]
INFO: [ app_end ] --START--
INFO: Run Behavior\ShowPageTraceBehavior [ RunTime:0.000908s ]
INFO: [ app_end ] --END-- [ RunTime:0.001003s ]

[ 2017-03-30T16:09:47+08:00 ] 127.0.0.1 /ule/Admin/Common/upload.html
INFO: [ app_init ] --START--
INFO: Run Behavior\BuildLiteBehavior [ RunTime:0.000053s ]
INFO: [ app_init ] --END-- [ RunTime:0.001310s ]
INFO: [ app_begin ] --START--
INFO: Run Behavior\ReadHtmlCacheBehavior [ RunTime:0.001614s ]
INFO: [ app_begin ] --END-- [ RunTime:0.001850s ]
NOTIC: [2] call_user_func() expects parameter 1 to be a valid callback, no array or string given F:\wamp\www\ule\ThinkPHP\Library\Think\Upload.class.php 第 170 行.
ERR: 不存在的图像文件

[ 2017-03-30T16:09:56+08:00 ] 127.0.0.1 /ule/Admin/Common/upload.html
INFO: [ app_init ] --START--
INFO: Run Behavior\BuildLiteBehavior [ RunTime:0.000027s ]
INFO: [ app_init ] --END-- [ RunTime:0.000535s ]
INFO: [ app_begin ] --START--
INFO: Run Behavior\ReadHtmlCacheBehavior [ RunTime:0.000643s ]
INFO: [ app_begin ] --END-- [ RunTime:0.000747s ]
NOTIC: [2] call_user_func() expects parameter 1 to be a valid callback, no array or string given F:\wamp\www\ule\ThinkPHP\Library\Think\Upload.class.php 第 170 行.
ERR: 不存在的图像文件

[ 2017-03-30T16:11:26+08:00 ] 127.0.0.1 /ule/Admin/Common/upload.html
INFO: [ app_init ] --START--
INFO: Run Behavior\BuildLiteBehavior [ RunTime:0.000021s ]
INFO: [ app_init ] --END-- [ RunTime:0.000648s ]
INFO: [ app_begin ] --START--
INFO: Run Behavior\ReadHtmlCacheBehavior [ RunTime:0.000621s ]
INFO: [ app_begin ] --END-- [ RunTime:0.000710s ]
INFO: [ view_parse ] --START--
INFO: Run Behavior\ParseTemplateBehavior [ RunTime:0.011003s ]
INFO: [ view_parse ] --END-- [ RunTime:0.011090s ]
INFO: [ view_filter ] --START--
INFO: Run Behavior\WriteHtmlCacheBehavior [ RunTime:0.000622s ]
INFO: [ view_filter ] --END-- [ RunTime:0.000738s ]
INFO: [ app_end ] --START--
INFO: Run Behavior\ShowPageTraceBehavior [ RunTime:0.000737s ]
INFO: [ app_end ] --END-- [ RunTime:0.000850s ]

[ 2017-03-30T16:11:29+08:00 ] 127.0.0.1 /ule/Admin/Common/upload.html
INFO: [ app_init ] --START--
INFO: Run Behavior\BuildLiteBehavior [ RunTime:0.000035s ]
INFO: [ app_init ] --END-- [ RunTime:0.000845s ]
INFO: [ app_begin ] --START--
INFO: Run Behavior\ReadHtmlCacheBehavior [ RunTime:0.000838s ]
INFO: [ app_begin ] --END-- [ RunTime:0.000977s ]
NOTIC: [2] call_user_func() expects parameter 1 to be a valid callback, no array or string given F:\wamp\www\ule\ThinkPHP\Library\Think\Upload.class.php 第 170 行.
ERR: 不存在的图像文件

[ 2017-03-30T16:12:17+08:00 ] 127.0.0.1 /ule/Admin/Common/upload.html
INFO: [ app_init ] --START--
INFO: Run Behavior\BuildLiteBehavior [ RunTime:0.000033s ]
INFO: [ app_init ] --END-- [ RunTime:0.000548s ]
INFO: [ app_begin ] --START--
INFO: Run Behavior\ReadHtmlCacheBehavior [ RunTime:0.000869s ]
INFO: [ app_begin ] --END-- [ RunTime:0.000956s ]
NOTIC: [2] call_user_func() expects parameter 1 to be a valid callback, no array or string given F:\wamp\www\ule\ThinkPHP\Library\Think\Upload.class.php 第 170 行.
ERR: 不存在的图像文件

[ 2017-03-30T16:12:18+08:00 ] 127.0.0.1 /ule/Admin/Common/upload.html
INFO: [ app_init ] --START--
INFO: Run Behavior\BuildLiteBehavior [ RunTime:0.000056s ]
INFO: [ app_init ] --END-- [ RunTime:0.001227s ]
INFO: [ app_begin ] --START--
INFO: Run Behavior\ReadHtmlCacheBehavior [ RunTime:0.001574s ]
INFO: [ app_begin ] --END-- [ RunTime:0.001810s ]
NOTIC: [2] call_user_func() expects parameter 1 to be a valid callback, no array or string given F:\wamp\www\ule\ThinkPHP\Library\Think\Upload.class.php 第 170 行.
ERR: 不存在的图像文件

[ 2017-03-30T16:15:21+08:00 ] 127.0.0.1 /ule/Admin/Common/upload.html
INFO: [ app_init ] --START--
INFO: Run Behavior\BuildLiteBehavior [ RunTime:0.000019s ]
INFO: [ app_init ] --END-- [ RunTime:0.000385s ]
INFO: [ app_begin ] --START--
INFO: Run Behavior\ReadHtmlCacheBehavior [ RunTime:0.000505s ]
INFO: [ app_begin ] --END-- [ RunTime:0.000585s ]
NOTIC: [2] call_user_func() expects parameter 1 to be a valid callback, no array or string given F:\wamp\www\ule\ThinkPHP\Library\Think\Upload.class.php 第 170 行.
NOTIC: [8] Undefined variable: a F:\wamp\www\ule\Application\Admin\Controller\CommonController.class.php 第 176 行.

[ 2017-03-30T16:15:29+08:00 ] 127.0.0.1 /ule/Admin/Common/upload.html
INFO: [ app_init ] --START--
INFO: Run Behavior\BuildLiteBehavior [ RunTime:0.000042s ]
INFO: [ app_init ] --END-- [ RunTime:0.000966s ]
INFO: [ app_begin ] --START--
INFO: Run Behavior\ReadHtmlCacheBehavior [ RunTime:0.001154s ]
INFO: [ app_begin ] --END-- [ RunTime:0.001330s ]
NOTIC: [2] call_user_func() expects parameter 1 to be a valid callback, no array or string given F:\wamp\www\ule\ThinkPHP\Library\Think\Upload.class.php 第 170 行.
NOTIC: [8] Undefined variable: a F:\wamp\www\ule\Application\Admin\Controller\CommonController.class.php 第 176 行.

[ 2017-03-30T16:16:49+08:00 ] 127.0.0.1 /ule/Admin/Common/upload.html
INFO: [ app_init ] --START--
INFO: Run Behavior\BuildLiteBehavior [ RunTime:0.000054s ]
INFO: [ app_init ] --END-- [ RunTime:0.001242s ]
INFO: [ app_begin ] --START--
INFO: Run Behavior\ReadHtmlCacheBehavior [ RunTime:0.001487s ]
INFO: [ app_begin ] --END-- [ RunTime:0.001728s ]
NOTIC: [2] call_user_func() expects parameter 1 to be a valid callback, no array or string given F:\wamp\www\ule\ThinkPHP\Library\Think\Upload.class.php 第 170 行.

[ 2017-03-30T16:17:57+08:00 ] 127.0.0.1 /ule/Admin/Index/index.html
INFO: [ app_init ] --START--
INFO: Run Behavior\BuildLiteBehavior [ RunTime:0.000069s ]
INFO: [ app_init ] --END-- [ RunTime:0.000611s ]
INFO: [ app_begin ] --START--
INFO: Run Behavior\ReadHtmlCacheBehavior [ RunTime:0.000891s ]
INFO: [ app_begin ] --END-- [ RunTime:0.000996s ]

[ 2017-03-30T16:18:13+08:00 ] 127.0.0.1 /ule/Admin/Index/index.html
INFO: [ app_init ] --START--
INFO: Run Behavior\BuildLiteBehavior [ RunTime:0.000026s ]
INFO: [ app_init ] --END-- [ RunTime:0.000555s ]
INFO: [ app_begin ] --START--
INFO: Run Behavior\ReadHtmlCacheBehavior [ RunTime:0.000679s ]
INFO: [ app_begin ] --END-- [ RunTime:0.000789s ]
INFO: [ view_parse ] --START--
NOTIC: [8] Undefined index: wuliu F:\wamp\www\ule\Application\Runtime\Cache\5003fa0c88815279fa2c6a00bd6ce378ddabc8e1.file.left_menu.html.php 第 131 行.
NOTIC: [8] Trying to get property of non-object F:\wamp\www\ule\Application\Runtime\Cache\5003fa0c88815279fa2c6a00bd6ce378ddabc8e1.file.left_menu.html.php 第 131 行.
INFO: Run Behavior\ParseTemplateBehavior [ RunTime:0.015954s ]
INFO: [ view_parse ] --END-- [ RunTime:0.016115s ]
INFO: [ view_filter ] --START--
INFO: Run Behavior\WriteHtmlCacheBehavior [ RunTime:0.000584s ]
INFO: [ view_filter ] --END-- [ RunTime:0.000684s ]
INFO: [ app_end ] --START--
INFO: Run Behavior\ShowPageTraceBehavior [ RunTime:0.000801s ]
INFO: [ app_end ] --END-- [ RunTime:0.000914s ]

[ 2017-03-30T16:18:13+08:00 ] 127.0.0.1 /ule/Admin/Index/welcome.html
INFO: [ app_init ] --START--
INFO: Run Behavior\BuildLiteBehavior [ RunTime:0.000020s ]
INFO: [ app_init ] --END-- [ RunTime:0.000400s ]
INFO: [ app_begin ] --START--
INFO: Run Behavior\ReadHtmlCacheBehavior [ RunTime:0.000502s ]
INFO: [ app_begin ] --END-- [ RunTime:0.000590s ]
INFO: [ view_parse ] --START--
INFO: Run Behavior\ParseTemplateBehavior [ RunTime:0.013054s ]
INFO: [ view_parse ] --END-- [ RunTime:0.013153s ]
INFO: [ view_filter ] --START--
INFO: Run Behavior\WriteHtmlCacheBehavior [ RunTime:0.000492s ]
INFO: [ view_filter ] --END-- [ RunTime:0.000557s ]
INFO: [ app_end ] --START--
INFO: Run Behavior\ShowPageTraceBehavior [ RunTime:0.000582s ]
INFO: [ app_end ] --END-- [ RunTime:0.000651s ]

[ 2017-03-30T16:18:15+08:00 ] 127.0.0.1 /ule/Admin/Banner/bannerlist.html
INFO: [ app_init ] --START--
INFO: Run Behavior\BuildLiteBehavior [ RunTime:0.000038s ]
INFO: [ app_init ] --END-- [ RunTime:0.000778s ]
INFO: [ app_begin ] --START--
INFO: Run Behavior\ReadHtmlCacheBehavior [ RunTime:0.000420s ]
INFO: [ app_begin ] --END-- [ RunTime:0.000499s ]
SQL: SHOW COLUMNS FROM `sto_bclass` [ RunTime:0.0060s ]
SQL: SELECT * FROM `sto_bclass`  [ RunTime:0.0005s ]
INFO: [ view_parse ] --START--
NOTIC: [8] Undefined index: count F:\wamp\www\ule\Application\Runtime\Cache\8c7bd804e9fa34956b68dc8bad3b1978135e54a3.file.bannerlist.html.php 第 40 行.
NOTIC: [8] Trying to get property of non-object F:\wamp\www\ule\Application\Runtime\Cache\8c7bd804e9fa34956b68dc8bad3b1978135e54a3.file.bannerlist.html.php 第 40 行.
NOTIC: [8] Undefined index: page F:\wamp\www\ule\Application\Runtime\Cache\8c7bd804e9fa34956b68dc8bad3b1978135e54a3.file.bannerlist.html.php 第 91 行.
NOTIC: [8] Trying to get property of non-object F:\wamp\www\ule\Application\Runtime\Cache\8c7bd804e9fa34956b68dc8bad3b1978135e54a3.file.bannerlist.html.php 第 91 行.
INFO: Run Behavior\ParseTemplateBehavior [ RunTime:0.010854s ]
INFO: [ view_parse ] --END-- [ RunTime:0.010940s ]
INFO: [ view_filter ] --START--
INFO: Run Behavior\WriteHtmlCacheBehavior [ RunTime:0.000410s ]
INFO: [ view_filter ] --END-- [ RunTime:0.000502s ]
INFO: [ app_end ] --START--
INFO: Run Behavior\ShowPageTraceBehavior [ RunTime:0.000531s ]
INFO: [ app_end ] --END-- [ RunTime:0.000598s ]

[ 2017-03-30T16:18:16+08:00 ] 127.0.0.1 /ule/Admin/Banner/add.html
INFO: [ app_init ] --START--
INFO: Run Behavior\BuildLiteBehavior [ RunTime:0.000017s ]
INFO: [ app_init ] --END-- [ RunTime:0.000373s ]
INFO: [ app_begin ] --START--
INFO: Run Behavior\ReadHtmlCacheBehavior [ RunTime:0.000640s ]
INFO: [ app_begin ] --END-- [ RunTime:0.000734s ]
INFO: [ view_parse ] --START--
NOTIC: [8] Undefined index: rs F:\wamp\www\ule\Application\Runtime\Cache\a5dfd8c72f06846f212b03ec8bc69d595cd94162.file.add.html.php 第 39 行.
NOTIC: [8] Trying to get property of non-object F:\wamp\www\ule\Application\Runtime\Cache\a5dfd8c72f06846f212b03ec8bc69d595cd94162.file.add.html.php 第 39 行.
NOTIC: [8] Undefined index: rs F:\wamp\www\ule\Application\Runtime\Cache\a5dfd8c72f06846f212b03ec8bc69d595cd94162.file.add.html.php 第 48 行.
NOTIC: [8] Trying to get property of non-object F:\wamp\www\ule\Application\Runtime\Cache\a5dfd8c72f06846f212b03ec8bc69d595cd94162.file.add.html.php 第 48 行.
NOTIC: [8] Undefined index: rs F:\wamp\www\ule\Application\Runtime\Cache\a5dfd8c72f06846f212b03ec8bc69d595cd94162.file.add.html.php 第 57 行.
NOTIC: [8] Trying to get property of non-object F:\wamp\www\ule\Application\Runtime\Cache\a5dfd8c72f06846f212b03ec8bc69d595cd94162.file.add.html.php 第 57 行.
INFO: Run Behavior\ParseTemplateBehavior [ RunTime:0.010166s ]
INFO: [ view_parse ] --END-- [ RunTime:0.010242s ]
INFO: [ view_filter ] --START--
INFO: Run Behavior\WriteHtmlCacheBehavior [ RunTime:0.000393s ]
INFO: [ view_filter ] --END-- [ RunTime:0.000457s ]
INFO: [ app_end ] --START--
INFO: Run Behavior\ShowPageTraceBehavior [ RunTime:0.000599s ]
INFO: [ app_end ] --END-- [ RunTime:0.000666s ]

[ 2017-03-30T16:18:18+08:00 ] 127.0.0.1 /ule/Admin/Banner/index.html
INFO: [ app_init ] --START--
INFO: Run Behavior\BuildLiteBehavior [ RunTime:0.000025s ]
INFO: [ app_init ] --END-- [ RunTime:0.000562s ]
INFO: [ app_begin ] --START--
INFO: Run Behavior\ReadHtmlCacheBehavior [ RunTime:0.000629s ]
INFO: [ app_begin ] --END-- [ RunTime:0.000743s ]
SQL: SHOW COLUMNS FROM `sto_bclass` [ RunTime:0.0060s ]
SQL: SELECT * FROM `sto_bclass`  [ RunTime:0.0005s ]
INFO: [ view_parse ] --START--
INFO: Run Behavior\ParseTemplateBehavior [ RunTime:0.012971s ]
INFO: [ view_parse ] --END-- [ RunTime:0.013087s ]
INFO: [ view_filter ] --START--
INFO: Run Behavior\WriteHtmlCacheBehavior [ RunTime:0.000456s ]
INFO: [ view_filter ] --END-- [ RunTime:0.000547s ]
INFO: [ app_end ] --START--
INFO: Run Behavior\ShowPageTraceBehavior [ RunTime:0.000743s ]
INFO: [ app_end ] --END-- [ RunTime:0.000836s ]

[ 2017-03-30T16:18:18+08:00 ] 127.0.0.1 /ule/Admin/News/page_wel.html
INFO: [ app_init ] --START--
INFO: Run Behavior\BuildLiteBehavior [ RunTime:0.000026s ]
INFO: [ app_init ] --END-- [ RunTime:0.000569s ]
INFO: [ app_begin ] --START--
INFO: Run Behavior\ReadHtmlCacheBehavior [ RunTime:0.000578s ]
INFO: [ app_begin ] --END-- [ RunTime:0.000692s ]
INFO: [ view_parse ] --START--
INFO: Run Behavior\ParseTemplateBehavior [ RunTime:0.011402s ]
INFO: [ view_parse ] --END-- [ RunTime:0.011527s ]
INFO: [ view_filter ] --START--
INFO: Run Behavior\WriteHtmlCacheBehavior [ RunTime:0.000474s ]
INFO: [ view_filter ] --END-- [ RunTime:0.000545s ]
INFO: [ app_end ] --START--
INFO: Run Behavior\ShowPageTraceBehavior [ RunTime:0.000601s ]
INFO: [ app_end ] --END-- [ RunTime:0.000673s ]

[ 2017-03-30T16:18:18+08:00 ] 127.0.0.1 /ule/Admin/Banner/bannerdata/id/11.html
INFO: [ app_init ] --START--
INFO: Run Behavior\BuildLiteBehavior [ RunTime:0.000028s ]
INFO: [ app_init ] --END-- [ RunTime:0.000510s ]
INFO: [ app_begin ] --START--
INFO: Run Behavior\ReadHtmlCacheBehavior [ RunTime:0.000607s ]
INFO: [ app_begin ] --END-- [ RunTime:0.000731s ]
SQL: SHOW COLUMNS FROM `sto_bclass` [ RunTime:0.0075s ]
SQL: SELECT * FROM `sto_bclass` WHERE ( id=11 ) LIMIT 1   [ RunTime:0.0005s ]
SQL: SHOW COLUMNS FROM `sto_banner` [ RunTime:0.0080s ]
SQL: SELECT COUNT(*) AS tp_count FROM `sto_banner` WHERE ( banner_class=11 ) LIMIT 1   [ RunTime:0.0004s ]
SQL: SELECT * FROM `sto_banner` WHERE ( banner_class=11 ) ORDER BY id asc LIMIT 0,20   [ RunTime:0.0006s ]
INFO: [ view_parse ] --START--
INFO: Run Behavior\ParseTemplateBehavior [ RunTime:0.015066s ]
INFO: [ view_parse ] --END-- [ RunTime:0.015194s ]
INFO: [ view_filter ] --START--
INFO: Run Behavior\WriteHtmlCacheBehavior [ RunTime:0.000542s ]
INFO: [ view_filter ] --END-- [ RunTime:0.000651s ]
INFO: [ app_end ] --START--
INFO: Run Behavior\ShowPageTraceBehavior [ RunTime:0.000781s ]
INFO: [ app_end ] --END-- [ RunTime:0.000891s ]

[ 2017-03-30T16:18:19+08:00 ] 127.0.0.1 /ule/Admin/Banner/addbanner/id/11.html
INFO: [ app_init ] --START--
INFO: Run Behavior\BuildLiteBehavior [ RunTime:0.000054s ]
INFO: [ app_init ] --END-- [ RunTime:0.001790s ]
INFO: [ app_begin ] --START--
INFO: Run Behavior\ReadHtmlCacheBehavior [ RunTime:0.000694s ]
INFO: [ app_begin ] --END-- [ RunTime:0.000819s ]
INFO: [ view_parse ] --START--
NOTIC: [8] Undefined index: rs F:\wamp\www\ule\Application\Runtime\Cache\85a3b0efb190c250a7908fb8faa1782e7cb62502.file.addbanner.html.php 第 43 行.
NOTIC: [8] Trying to get property of non-object F:\wamp\www\ule\Application\Runtime\Cache\85a3b0efb190c250a7908fb8faa1782e7cb62502.file.addbanner.html.php 第 43 行.
NOTIC: [8] Undefined index: rs F:\wamp\www\ule\Application\Runtime\Cache\85a3b0efb190c250a7908fb8faa1782e7cb62502.file.addbanner.html.php 第 50 行.
NOTIC: [8] Trying to get property of non-object F:\wamp\www\ule\Application\Runtime\Cache\85a3b0efb190c250a7908fb8faa1782e7cb62502.file.addbanner.html.php 第 50 行.
NOTIC: [8] Undefined index: rs F:\wamp\www\ule\Application\Runtime\Cache\85a3b0efb190c250a7908fb8faa1782e7cb62502.file.addbanner.html.php 第 57 行.
NOTIC: [8] Trying to get property of non-object F:\wamp\www\ule\Application\Runtime\Cache\85a3b0efb190c250a7908fb8faa1782e7cb62502.file.addbanner.html.php 第 57 行.
NOTIC: [8] Undefined index: rs F:\wamp\www\ule\Application\Runtime\Cache\85a3b0efb190c250a7908fb8faa1782e7cb62502.file.addbanner.html.php 第 74 行.
NOTIC: [8] Trying to get property of non-object F:\wamp\www\ule\Application\Runtime\Cache\85a3b0efb190c250a7908fb8faa1782e7cb62502.file.addbanner.html.php 第 74 行.
NOTIC: [8] Undefined index: rs F:\wamp\www\ule\Application\Runtime\Cache\85a3b0efb190c250a7908fb8faa1782e7cb62502.file.addbanner.html.php 第 84 行.
NOTIC: [8] Trying to get property of non-object F:\wamp\www\ule\Application\Runtime\Cache\85a3b0efb190c250a7908fb8faa1782e7cb62502.file.addbanner.html.php 第 84 行.
INFO: Run Behavior\ParseTemplateBehavior [ RunTime:0.015210s ]
INFO: [ view_parse ] --END-- [ RunTime:0.015322s ]
INFO: [ view_filter ] --START--
INFO: Run Behavior\WriteHtmlCacheBehavior [ RunTime:0.000479s ]
INFO: [ view_filter ] --END-- [ RunTime:0.000577s ]
INFO: [ app_end ] --START--
INFO: Run Behavior\ShowPageTraceBehavior [ RunTime:0.000736s ]
INFO: [ app_end ] --END-- [ RunTime:0.000838s ]

[ 2017-03-30T16:18:20+08:00 ] 127.0.0.1 /ule/Admin/Common/upload.html
INFO: [ app_init ] --START--
INFO: Run Behavior\BuildLiteBehavior [ RunTime:0.000040s ]
INFO: [ app_init ] --END-- [ RunTime:0.000944s ]
INFO: [ app_begin ] --START--
INFO: Run Behavior\ReadHtmlCacheBehavior [ RunTime:0.000472s ]
INFO: [ app_begin ] --END-- [ RunTime:0.000569s ]
INFO: [ view_parse ] --START--
INFO: Run Behavior\ParseTemplateBehavior [ RunTime:0.011085s ]
INFO: [ view_parse ] --END-- [ RunTime:0.011173s ]
INFO: [ view_filter ] --START--
INFO: Run Behavior\WriteHtmlCacheBehavior [ RunTime:0.000422s ]
INFO: [ view_filter ] --END-- [ RunTime:0.000502s ]
INFO: [ app_end ] --START--
INFO: Run Behavior\ShowPageTraceBehavior [ RunTime:0.000549s ]
INFO: [ app_end ] --END-- [ RunTime:0.000616s ]

[ 2017-03-30T16:18:24+08:00 ] 127.0.0.1 /ule/Admin/Common/upload.html
INFO: [ app_init ] --START--
INFO: Run Behavior\BuildLiteBehavior [ RunTime:0.000033s ]
INFO: [ app_init ] --END-- [ RunTime:0.000690s ]
INFO: [ app_begin ] --START--
INFO: Run Behavior\ReadHtmlCacheBehavior [ RunTime:0.000936s ]
INFO: [ app_begin ] --END-- [ RunTime:0.001095s ]
NOTIC: [2] call_user_func() expects parameter 1 to be a valid callback, no array or string given F:\wamp\www\ule\ThinkPHP\Library\Think\Upload.class.php 第 170 行.
ERR: 不存在的图像文件

[ 2017-03-30T16:20:46+08:00 ] 127.0.0.1 /ule/Admin/Common/upload.html
INFO: [ app_init ] --START--
INFO: Run Behavior\BuildLiteBehavior [ RunTime:0.000029s ]
INFO: [ app_init ] --END-- [ RunTime:0.000588s ]
INFO: [ app_begin ] --START--
INFO: Run Behavior\ReadHtmlCacheBehavior [ RunTime:0.000808s ]
INFO: [ app_begin ] --END-- [ RunTime:0.000927s ]
NOTIC: [2] call_user_func() expects parameter 1 to be a valid callback, no array or string given F:\wamp\www\ule\ThinkPHP\Library\Think\Upload.class.php 第 170 行.
ERR: 不存在的图像文件

[ 2017-03-30T16:44:19+08:00 ] 127.0.0.1 /ule/Admin/Index/index.html
INFO: [ app_init ] --START--
INFO: Run Behavior\BuildLiteBehavior [ RunTime:0.000035s ]
INFO: [ app_init ] --END-- [ RunTime:0.000992s ]
INFO: [ app_begin ] --START--
INFO: Run Behavior\ReadHtmlCacheBehavior [ RunTime:0.001032s ]
INFO: [ app_begin ] --END-- [ RunTime:0.001207s ]
INFO: [ view_parse ] --START--
NOTIC: [8] Undefined index: wuliu F:\wamp\www\ule\Application\Runtime\Cache\5003fa0c88815279fa2c6a00bd6ce378ddabc8e1.file.left_menu.html.php 第 131 行.
NOTIC: [8] Trying to get property of non-object F:\wamp\www\ule\Application\Runtime\Cache\5003fa0c88815279fa2c6a00bd6ce378ddabc8e1.file.left_menu.html.php 第 131 行.
INFO: Run Behavior\ParseTemplateBehavior [ RunTime:0.024024s ]
INFO: [ view_parse ] --END-- [ RunTime:0.024185s ]
INFO: [ view_filter ] --START--
INFO: Run Behavior\WriteHtmlCacheBehavior [ RunTime:0.000913s ]
INFO: [ view_filter ] --END-- [ RunTime:0.001046s ]
INFO: [ app_end ] --START--
INFO: Run Behavior\ShowPageTraceBehavior [ RunTime:0.000894s ]
INFO: [ app_end ] --END-- [ RunTime:0.001001s ]

[ 2017-03-30T16:44:19+08:00 ] 127.0.0.1 /ule/Admin/Index/welcome.html
INFO: [ app_init ] --START--
INFO: Run Behavior\BuildLiteBehavior [ RunTime:0.000021s ]
INFO: [ app_init ] --END-- [ RunTime:0.000375s ]
INFO: [ app_begin ] --START--
INFO: Run Behavior\ReadHtmlCacheBehavior [ RunTime:0.000492s ]
INFO: [ app_begin ] --END-- [ RunTime:0.000613s ]
INFO: [ view_parse ] --START--
INFO: Run Behavior\ParseTemplateBehavior [ RunTime:0.011144s ]
INFO: [ view_parse ] --END-- [ RunTime:0.011242s ]
INFO: [ view_filter ] --START--
INFO: Run Behavior\WriteHtmlCacheBehavior [ RunTime:0.000424s ]
INFO: [ view_filter ] --END-- [ RunTime:0.000522s ]
INFO: [ app_end ] --START--
INFO: Run Behavior\ShowPageTraceBehavior [ RunTime:0.000653s ]
INFO: [ app_end ] --END-- [ RunTime:0.000728s ]

[ 2017-03-30T16:44:21+08:00 ] 127.0.0.1 /ule/Admin/Banner/bannerlist.html
INFO: [ app_init ] --START--
INFO: Run Behavior\BuildLiteBehavior [ RunTime:0.000037s ]
INFO: [ app_init ] --END-- [ RunTime:0.000882s ]
INFO: [ app_begin ] --START--
INFO: Run Behavior\ReadHtmlCacheBehavior [ RunTime:0.000854s ]
INFO: [ app_begin ] --END-- [ RunTime:0.001050s ]
SQL: SHOW COLUMNS FROM `sto_bclass` [ RunTime:0.0064s ]
SQL: SELECT * FROM `sto_bclass`  [ RunTime:0.0004s ]
INFO: [ view_parse ] --START--
NOTIC: [8] Undefined index: count F:\wamp\www\ule\Application\Runtime\Cache\8c7bd804e9fa34956b68dc8bad3b1978135e54a3.file.bannerlist.html.php 第 40 行.
NOTIC: [8] Trying to get property of non-object F:\wamp\www\ule\Application\Runtime\Cache\8c7bd804e9fa34956b68dc8bad3b1978135e54a3.file.bannerlist.html.php 第 40 行.
NOTIC: [8] Undefined index: page F:\wamp\www\ule\Application\Runtime\Cache\8c7bd804e9fa34956b68dc8bad3b1978135e54a3.file.bannerlist.html.php 第 91 行.
NOTIC: [8] Trying to get property of non-object F:\wamp\www\ule\Application\Runtime\Cache\8c7bd804e9fa34956b68dc8bad3b1978135e54a3.file.bannerlist.html.php 第 91 行.
INFO: Run Behavior\ParseTemplateBehavior [ RunTime:0.012001s ]
INFO: [ view_parse ] --END-- [ RunTime:0.012078s ]
INFO: [ view_filter ] --START--
INFO: Run Behavior\WriteHtmlCacheBehavior [ RunTime:0.000366s ]
INFO: [ view_filter ] --END-- [ RunTime:0.000431s ]
INFO: [ app_end ] --START--
INFO: Run Behavior\ShowPageTraceBehavior [ RunTime:0.000561s ]
INFO: [ app_end ] --END-- [ RunTime:0.000631s ]

[ 2017-03-30T16:44:21+08:00 ] 127.0.0.1 /ule/Admin/Banner/index.html
INFO: [ app_init ] --START--
INFO: Run Behavior\BuildLiteBehavior [ RunTime:0.000025s ]
INFO: [ app_init ] --END-- [ RunTime:0.000622s ]
INFO: [ app_begin ] --START--
INFO: Run Behavior\ReadHtmlCacheBehavior [ RunTime:0.000580s ]
INFO: [ app_begin ] --END-- [ RunTime:0.000732s ]
SQL: SHOW COLUMNS FROM `sto_bclass` [ RunTime:0.0063s ]
SQL: SELECT * FROM `sto_bclass`  [ RunTime:0.0006s ]
INFO: [ view_parse ] --START--
INFO: Run Behavior\ParseTemplateBehavior [ RunTime:0.013928s ]
INFO: [ view_parse ] --END-- [ RunTime:0.014036s ]
INFO: [ view_filter ] --START--
INFO: Run Behavior\WriteHtmlCacheBehavior [ RunTime:0.000479s ]
INFO: [ view_filter ] --END-- [ RunTime:0.000572s ]
INFO: [ app_end ] --START--
INFO: Run Behavior\ShowPageTraceBehavior [ RunTime:0.000691s ]
INFO: [ app_end ] --END-- [ RunTime:0.000783s ]

[ 2017-03-30T16:44:22+08:00 ] 127.0.0.1 /ule/Admin/News/page_wel.html
INFO: [ app_init ] --START--
INFO: Run Behavior\BuildLiteBehavior [ RunTime:0.000033s ]
INFO: [ app_init ] --END-- [ RunTime:0.000506s ]
INFO: [ app_begin ] --START--
INFO: Run Behavior\ReadHtmlCacheBehavior [ RunTime:0.000494s ]
INFO: [ app_begin ] --END-- [ RunTime:0.000584s ]
INFO: [ view_parse ] --START--
INFO: Run Behavior\ParseTemplateBehavior [ RunTime:0.012474s ]
INFO: [ view_parse ] --END-- [ RunTime:0.012631s ]
INFO: [ view_filter ] --START--
INFO: Run Behavior\WriteHtmlCacheBehavior [ RunTime:0.000406s ]
INFO: [ view_filter ] --END-- [ RunTime:0.000497s ]
INFO: [ app_end ] --START--
INFO: Run Behavior\ShowPageTraceBehavior [ RunTime:0.000648s ]
INFO: [ app_end ] --END-- [ RunTime:0.000744s ]

[ 2017-03-30T16:44:22+08:00 ] 127.0.0.1 /ule/Admin/Banner/bannerdata/id/10.html
INFO: [ app_init ] --START--
INFO: Run Behavior\BuildLiteBehavior [ RunTime:0.000035s ]
INFO: [ app_init ] --END-- [ RunTime:0.000771s ]
INFO: [ app_begin ] --START--
INFO: Run Behavior\ReadHtmlCacheBehavior [ RunTime:0.000859s ]
INFO: [ app_begin ] --END-- [ RunTime:0.001115s ]
SQL: SHOW COLUMNS FROM `sto_bclass` [ RunTime:0.0055s ]
SQL: SELECT * FROM `sto_bclass` WHERE ( id=10 ) LIMIT 1   [ RunTime:0.0003s ]
SQL: SHOW COLUMNS FROM `sto_banner` [ RunTime:0.0057s ]
SQL: SELECT COUNT(*) AS tp_count FROM `sto_banner` WHERE ( banner_class=10 ) LIMIT 1   [ RunTime:0.0004s ]
SQL: SELECT * FROM `sto_banner` WHERE ( banner_class=10 ) ORDER BY id asc LIMIT 0,20   [ RunTime:0.0004s ]
INFO: [ view_parse ] --START--
INFO: Run Behavior\ParseTemplateBehavior [ RunTime:0.010852s ]
INFO: [ view_parse ] --END-- [ RunTime:0.010943s ]
INFO: [ view_filter ] --START--
INFO: Run Behavior\WriteHtmlCacheBehavior [ RunTime:0.000402s ]
INFO: [ view_filter ] --END-- [ RunTime:0.000483s ]
INFO: [ app_end ] --START--
INFO: Run Behavior\ShowPageTraceBehavior [ RunTime:0.000518s ]
INFO: [ app_end ] --END-- [ RunTime:0.000597s ]

[ 2017-03-30T16:44:23+08:00 ] 127.0.0.1 /ule/Admin/Banner/addbanner/id/10.html
INFO: [ app_init ] --START--
INFO: Run Behavior\BuildLiteBehavior [ RunTime:0.000045s ]
INFO: [ app_init ] --END-- [ RunTime:0.000966s ]
INFO: [ app_begin ] --START--
INFO: Run Behavior\ReadHtmlCacheBehavior [ RunTime:0.000675s ]
INFO: [ app_begin ] --END-- [ RunTime:0.000808s ]
INFO: [ view_parse ] --START--
NOTIC: [8] Undefined index: rs F:\wamp\www\ule\Application\Runtime\Cache\85a3b0efb190c250a7908fb8faa1782e7cb62502.file.addbanner.html.php 第 43 行.
NOTIC: [8] Trying to get property of non-object F:\wamp\www\ule\Application\Runtime\Cache\85a3b0efb190c250a7908fb8faa1782e7cb62502.file.addbanner.html.php 第 43 行.
NOTIC: [8] Undefined index: rs F:\wamp\www\ule\Application\Runtime\Cache\85a3b0efb190c250a7908fb8faa1782e7cb62502.file.addbanner.html.php 第 50 行.
NOTIC: [8] Trying to get property of non-object F:\wamp\www\ule\Application\Runtime\Cache\85a3b0efb190c250a7908fb8faa1782e7cb62502.file.addbanner.html.php 第 50 行.
NOTIC: [8] Undefined index: rs F:\wamp\www\ule\Application\Runtime\Cache\85a3b0efb190c250a7908fb8faa1782e7cb62502.file.addbanner.html.php 第 57 行.
NOTIC: [8] Trying to get property of non-object F:\wamp\www\ule\Application\Runtime\Cache\85a3b0efb190c250a7908fb8faa1782e7cb62502.file.addbanner.html.php 第 57 行.
NOTIC: [8] Undefined index: rs F:\wamp\www\ule\Application\Runtime\Cache\85a3b0efb190c250a7908fb8faa1782e7cb62502.file.addbanner.html.php 第 74 行.
NOTIC: [8] Trying to get property of non-object F:\wamp\www\ule\Application\Runtime\Cache\85a3b0efb190c250a7908fb8faa1782e7cb62502.file.addbanner.html.php 第 74 行.
NOTIC: [8] Undefined index: rs F:\wamp\www\ule\Application\Runtime\Cache\85a3b0efb190c250a7908fb8faa1782e7cb62502.file.addbanner.html.php 第 84 行.
NOTIC: [8] Trying to get property of non-object F:\wamp\www\ule\Application\Runtime\Cache\85a3b0efb190c250a7908fb8faa1782e7cb62502.file.addbanner.html.php 第 84 行.
INFO: Run Behavior\ParseTemplateBehavior [ RunTime:0.015837s ]
INFO: [ view_parse ] --END-- [ RunTime:0.015962s ]
INFO: [ view_filter ] --START--
INFO: Run Behavior\WriteHtmlCacheBehavior [ RunTime:0.000514s ]
INFO: [ view_filter ] --END-- [ RunTime:0.000618s ]
INFO: [ app_end ] --START--
INFO: Run Behavior\ShowPageTraceBehavior [ RunTime:0.000740s ]
INFO: [ app_end ] --END-- [ RunTime:0.000850s ]

[ 2017-03-30T16:44:24+08:00 ] 127.0.0.1 /ule/Admin/Common/upload.html
INFO: [ app_init ] --START--
INFO: Run Behavior\BuildLiteBehavior [ RunTime:0.000042s ]
INFO: [ app_init ] --END-- [ RunTime:0.000923s ]
INFO: [ app_begin ] --START--
INFO: Run Behavior\ReadHtmlCacheBehavior [ RunTime:0.000451s ]
INFO: [ app_begin ] --END-- [ RunTime:0.000559s ]
INFO: [ view_parse ] --START--
INFO: Run Behavior\ParseTemplateBehavior [ RunTime:0.010507s ]
INFO: [ view_parse ] --END-- [ RunTime:0.010606s ]
INFO: [ view_filter ] --START--
INFO: Run Behavior\WriteHtmlCacheBehavior [ RunTime:0.000383s ]
INFO: [ view_filter ] --END-- [ RunTime:0.000459s ]
INFO: [ app_end ] --START--
INFO: Run Behavior\ShowPageTraceBehavior [ RunTime:0.000606s ]
INFO: [ app_end ] --END-- [ RunTime:0.000702s ]

[ 2017-03-30T16:44:27+08:00 ] 127.0.0.1 /ule/Admin/Common/upload.html
INFO: [ app_init ] --START--
INFO: Run Behavior\BuildLiteBehavior [ RunTime:0.000045s ]
INFO: [ app_init ] --END-- [ RunTime:0.000921s ]
INFO: [ app_begin ] --START--
INFO: Run Behavior\ReadHtmlCacheBehavior [ RunTime:0.001038s ]
INFO: [ app_begin ] --END-- [ RunTime:0.001234s ]
NOTIC: [2] call_user_func() expects parameter 1 to be a valid callback, no array or string given F:\wamp\www\ule\ThinkPHP\Library\Think\Upload.class.php 第 170 行.

[ 2017-03-30T16:44:35+08:00 ] 127.0.0.1 /ule/Admin/Common/upload.html
INFO: [ app_init ] --START--
INFO: Run Behavior\BuildLiteBehavior [ RunTime:0.000058s ]
INFO: [ app_init ] --END-- [ RunTime:0.001314s ]
INFO: [ app_begin ] --START--
INFO: Run Behavior\ReadHtmlCacheBehavior [ RunTime:0.001353s ]
INFO: [ app_begin ] --END-- [ RunTime:0.001733s ]
NOTIC: [2] call_user_func() expects parameter 1 to be a valid callback, no array or string given F:\wamp\www\ule\ThinkPHP\Library\Think\Upload.class.php 第 170 行.

[ 2017-03-30T16:48:03+08:00 ] 127.0.0.1 /ule/Admin/Common/upload.html
INFO: [ app_init ] --START--
INFO: Run Behavior\BuildLiteBehavior [ RunTime:0.000041s ]
INFO: [ app_init ] --END-- [ RunTime:0.001025s ]
INFO: [ app_begin ] --START--
INFO: Run Behavior\ReadHtmlCacheBehavior [ RunTime:0.001193s ]
INFO: [ app_begin ] --END-- [ RunTime:0.001370s ]
NOTIC: [2] call_user_func() expects parameter 1 to be a valid callback, no array or string given F:\wamp\www\ule\ThinkPHP\Library\Think\Upload.class.php 第 170 行.

[ 2017-03-30T16:53:49+08:00 ] 127.0.0.1 /ule/Admin/Common/upload.html
INFO: [ app_init ] --START--
INFO: Run Behavior\BuildLiteBehavior [ RunTime:0.000030s ]
INFO: [ app_init ] --END-- [ RunTime:0.000780s ]
INFO: [ app_begin ] --START--
INFO: Run Behavior\ReadHtmlCacheBehavior [ RunTime:0.000892s ]
INFO: [ app_begin ] --END-- [ RunTime:0.001032s ]
NOTIC: [2] call_user_func() expects parameter 1 to be a valid callback, no array or string given F:\wamp\www\ule\ThinkPHP\Library\Think\Upload.class.php 第 170 行.

[ 2017-03-30T16:54:08+08:00 ] 127.0.0.1 /ule/Admin/Common/upload.html
INFO: [ app_init ] --START--
INFO: Run Behavior\BuildLiteBehavior [ RunTime:0.000057s ]
INFO: [ app_init ] --END-- [ RunTime:0.001218s ]
INFO: [ app_begin ] --START--
INFO: Run Behavior\ReadHtmlCacheBehavior [ RunTime:0.001451s ]
INFO: [ app_begin ] --END-- [ RunTime:0.001725s ]
INFO: [ view_parse ] --START--
INFO: Run Behavior\ParseTemplateBehavior [ RunTime:0.016309s ]
INFO: [ view_parse ] --END-- [ RunTime:0.016465s ]
INFO: [ view_filter ] --START--
INFO: Run Behavior\WriteHtmlCacheBehavior [ RunTime:0.000670s ]
INFO: [ view_filter ] --END-- [ RunTime:0.000799s ]
INFO: [ app_end ] --START--
INFO: Run Behavior\ShowPageTraceBehavior [ RunTime:0.000995s ]
INFO: [ app_end ] --END-- [ RunTime:0.001125s ]

[ 2017-03-30T16:54:12+08:00 ] 127.0.0.1 /ule/Admin/Common/upload.html
INFO: [ app_init ] --START--
INFO: Run Behavior\BuildLiteBehavior [ RunTime:0.000037s ]
INFO: [ app_init ] --END-- [ RunTime:0.000904s ]
INFO: [ app_begin ] --START--
INFO: Run Behavior\ReadHtmlCacheBehavior [ RunTime:0.000788s ]
INFO: [ app_begin ] --END-- [ RunTime:0.000932s ]
NOTIC: [2] call_user_func() expects parameter 1 to be a valid callback, no array or string given F:\wamp\www\ule\ThinkPHP\Library\Think\Upload.class.php 第 170 行.
ERR: 不存在的图像文件

[ 2017-03-30T16:54:21+08:00 ] 127.0.0.1 /ule/Admin/Common/upload.html
INFO: [ app_init ] --START--
INFO: Run Behavior\BuildLiteBehavior [ RunTime:0.000058s ]
INFO: [ app_init ] --END-- [ RunTime:0.001350s ]
INFO: [ app_begin ] --START--
INFO: Run Behavior\ReadHtmlCacheBehavior [ RunTime:0.001237s ]
INFO: [ app_begin ] --END-- [ RunTime:0.001469s ]
NOTIC: [2] call_user_func() expects parameter 1 to be a valid callback, no array or string given F:\wamp\www\ule\ThinkPHP\Library\Think\Upload.class.php 第 170 行.
ERR: 不存在的图像文件

[ 2017-03-30T16:54:25+08:00 ] 127.0.0.1 /ule/Admin/Common/upload.html
INFO: [ app_init ] --START--
INFO: Run Behavior\BuildLiteBehavior [ RunTime:0.000030s ]
INFO: [ app_init ] --END-- [ RunTime:0.000627s ]
INFO: [ app_begin ] --START--
INFO: Run Behavior\ReadHtmlCacheBehavior [ RunTime:0.000746s ]
INFO: [ app_begin ] --END-- [ RunTime:0.000875s ]
NOTIC: [2] call_user_func() expects parameter 1 to be a valid callback, no array or string given F:\wamp\www\ule\ThinkPHP\Library\Think\Upload.class.php 第 170 行.
ERR: 不存在的图像文件

[ 2017-03-30T16:55:19+08:00 ] 127.0.0.1 /ule/Admin/Common/upload.html
INFO: [ app_init ] --START--
INFO: Run Behavior\BuildLiteBehavior [ RunTime:0.000029s ]
INFO: [ app_init ] --END-- [ RunTime:0.000661s ]
INFO: [ app_begin ] --START--
INFO: Run Behavior\ReadHtmlCacheBehavior [ RunTime:0.000922s ]
INFO: [ app_begin ] --END-- [ RunTime:0.001047s ]
NOTIC: [2] call_user_func() expects parameter 1 to be a valid callback, no array or string given F:\wamp\www\ule\ThinkPHP\Library\Think\Upload.class.php 第 170 行.
NOTIC: [2] Missing argument 1 for Think\Image::open(), called in F:\wamp\www\ule\Application\Admin\Controller\CommonController.class.php on line 175 and defined F:\wamp\www\ule\ThinkPHP\Library\Think\Image.class.php 第 78 行.
NOTIC: [8] Undefined variable: imgname F:\wamp\www\ule\ThinkPHP\Library\Think\Image.class.php 第 79 行.
ERR: 不存在的图像文件

[ 2017-03-30T16:55:20+08:00 ] 127.0.0.1 /ule/Admin/Common/upload.html
INFO: [ app_init ] --START--
INFO: Run Behavior\BuildLiteBehavior [ RunTime:0.000056s ]
INFO: [ app_init ] --END-- [ RunTime:0.001280s ]
INFO: [ app_begin ] --START--
INFO: Run Behavior\ReadHtmlCacheBehavior [ RunTime:0.000999s ]
INFO: [ app_begin ] --END-- [ RunTime:0.001147s ]
NOTIC: [2] call_user_func() expects parameter 1 to be a valid callback, no array or string given F:\wamp\www\ule\ThinkPHP\Library\Think\Upload.class.php 第 170 行.
NOTIC: [2] Missing argument 1 for Think\Image::open(), called in F:\wamp\www\ule\Application\Admin\Controller\CommonController.class.php on line 175 and defined F:\wamp\www\ule\ThinkPHP\Library\Think\Image.class.php 第 78 行.
NOTIC: [8] Undefined variable: imgname F:\wamp\www\ule\ThinkPHP\Library\Think\Image.class.php 第 79 行.
ERR: 不存在的图像文件

[ 2017-03-30T16:55:25+08:00 ] 127.0.0.1 /ule/Admin/Common/upload.html
INFO: [ app_init ] --START--
INFO: Run Behavior\BuildLiteBehavior [ RunTime:0.000033s ]
INFO: [ app_init ] --END-- [ RunTime:0.000816s ]
INFO: [ app_begin ] --START--
INFO: Run Behavior\ReadHtmlCacheBehavior [ RunTime:0.001374s ]
INFO: [ app_begin ] --END-- [ RunTime:0.001634s ]
INFO: [ view_parse ] --START--
INFO: Run Behavior\ParseTemplateBehavior [ RunTime:0.015940s ]
INFO: [ view_parse ] --END-- [ RunTime:0.016064s ]
INFO: [ view_filter ] --START--
INFO: Run Behavior\WriteHtmlCacheBehavior [ RunTime:0.000580s ]
INFO: [ view_filter ] --END-- [ RunTime:0.000688s ]
INFO: [ app_end ] --START--
INFO: Run Behavior\ShowPageTraceBehavior [ RunTime:0.000718s ]
INFO: [ app_end ] --END-- [ RunTime:0.000799s ]

[ 2017-03-30T16:55:29+08:00 ] 127.0.0.1 /ule/Admin/Common/upload.html
INFO: [ app_init ] --START--
INFO: Run Behavior\BuildLiteBehavior [ RunTime:0.000033s ]
INFO: [ app_init ] --END-- [ RunTime:0.000727s ]
INFO: [ app_begin ] --START--
INFO: Run Behavior\ReadHtmlCacheBehavior [ RunTime:0.000897s ]
INFO: [ app_begin ] --END-- [ RunTime:0.001038s ]
NOTIC: [2] call_user_func() expects parameter 1 to be a valid callback, no array or string given F:\wamp\www\ule\ThinkPHP\Library\Think\Upload.class.php 第 170 行.
NOTIC: [2] Missing argument 1 for Think\Image::open(), called in F:\wamp\www\ule\Application\Admin\Controller\CommonController.class.php on line 175 and defined F:\wamp\www\ule\ThinkPHP\Library\Think\Image.class.php 第 78 行.
NOTIC: [8] Undefined variable: imgname F:\wamp\www\ule\ThinkPHP\Library\Think\Image.class.php 第 79 行.
ERR: 不存在的图像文件

[ 2017-03-30T16:56:36+08:00 ] 127.0.0.1 /ule/Admin/Common/upload.html
INFO: [ app_init ] --START--
INFO: Run Behavior\BuildLiteBehavior [ RunTime:0.000027s ]
INFO: [ app_init ] --END-- [ RunTime:0.000650s ]
INFO: [ app_begin ] --START--
INFO: Run Behavior\ReadHtmlCacheBehavior [ RunTime:0.000803s ]
INFO: [ app_begin ] --END-- [ RunTime:0.000933s ]
INFO: [ view_parse ] --START--
INFO: Run Behavior\ParseTemplateBehavior [ RunTime:0.013613s ]
INFO: [ view_parse ] --END-- [ RunTime:0.013722s ]
INFO: [ view_filter ] --START--
INFO: Run Behavior\WriteHtmlCacheBehavior [ RunTime:0.000436s ]
INFO: [ view_filter ] --END-- [ RunTime:0.000504s ]
INFO: [ app_end ] --START--
INFO: Run Behavior\ShowPageTraceBehavior [ RunTime:0.000655s ]
INFO: [ app_end ] --END-- [ RunTime:0.000725s ]

[ 2017-03-30T16:56:40+08:00 ] 127.0.0.1 /ule/Admin/Common/upload.html
INFO: [ app_init ] --START--
INFO: Run Behavior\BuildLiteBehavior [ RunTime:0.000035s ]
INFO: [ app_init ] --END-- [ RunTime:0.000844s ]
INFO: [ app_begin ] --START--
INFO: Run Behavior\ReadHtmlCacheBehavior [ RunTime:0.000947s ]
INFO: [ app_begin ] --END-- [ RunTime:0.001096s ]
NOTIC: [2] call_user_func() expects parameter 1 to be a valid callback, no array or string given F:\wamp\www\ule\ThinkPHP\Library\Think\Upload.class.php 第 170 行.
NOTIC: [2] Missing argument 1 for Think\Image::open(), called in F:\wamp\www\ule\Application\Admin\Controller\CommonController.class.php on line 175 and defined F:\wamp\www\ule\ThinkPHP\Library\Think\Image.class.php 第 78 行.
NOTIC: [8] Undefined variable: imgname F:\wamp\www\ule\ThinkPHP\Library\Think\Image.class.php 第 79 行.
ERR: 不存在的图像文件

[ 2017-03-30T16:56:50+08:00 ] 127.0.0.1 /ule/Admin/Common/upload.html
INFO: [ app_init ] --START--
INFO: Run Behavior\BuildLiteBehavior [ RunTime:0.000056s ]
INFO: [ app_init ] --END-- [ RunTime:0.001289s ]
INFO: [ app_begin ] --START--
INFO: Run Behavior\ReadHtmlCacheBehavior [ RunTime:0.001459s ]
INFO: [ app_begin ] --END-- [ RunTime:0.001697s ]
NOTIC: [2] call_user_func() expects parameter 1 to be a valid callback, no array or string given F:\wamp\www\ule\ThinkPHP\Library\Think\Upload.class.php 第 170 行.

[ 2017-03-30T16:58:01+08:00 ] 127.0.0.1 /ule/Admin/Common/upload.html
INFO: [ app_init ] --START--
INFO: Run Behavior\BuildLiteBehavior [ RunTime:0.000025s ]
INFO: [ app_init ] --END-- [ RunTime:0.000649s ]
INFO: [ app_begin ] --START--
INFO: Run Behavior\ReadHtmlCacheBehavior [ RunTime:0.000697s ]
INFO: [ app_begin ] --END-- [ RunTime:0.000813s ]
NOTIC: [2] call_user_func() expects parameter 1 to be a valid callback, no array or string given F:\wamp\www\ule\ThinkPHP\Library\Think\Upload.class.php 第 170 行.
ERR: 不存在的图像文件

[ 2017-03-30T16:58:14+08:00 ] 127.0.0.1 /ule/Admin/Common/upload.html
INFO: [ app_init ] --START--
INFO: Run Behavior\BuildLiteBehavior [ RunTime:0.000055s ]
INFO: [ app_init ] --END-- [ RunTime:0.001497s ]
INFO: [ app_begin ] --START--
INFO: Run Behavior\ReadHtmlCacheBehavior [ RunTime:0.001554s ]
INFO: [ app_begin ] --END-- [ RunTime:0.001831s ]
NOTIC: [2] call_user_func() expects parameter 1 to be a valid callback, no array or string given F:\wamp\www\ule\ThinkPHP\Library\Think\Upload.class.php 第 170 行.
ERR: 不存在的图像文件

[ 2017-03-30T16:58:43+08:00 ] 127.0.0.1 /ule/Admin/Common/upload.html
INFO: [ app_init ] --START--
INFO: Run Behavior\BuildLiteBehavior [ RunTime:0.000030s ]
INFO: [ app_init ] --END-- [ RunTime:0.000642s ]
INFO: [ app_begin ] --START--
INFO: Run Behavior\ReadHtmlCacheBehavior [ RunTime:0.000891s ]
INFO: [ app_begin ] --END-- [ RunTime:0.001028s ]
NOTIC: [2] call_user_func() expects parameter 1 to be a valid callback, no array or string given F:\wamp\www\ule\ThinkPHP\Library\Think\Upload.class.php 第 170 行.
ERR: 不存在的图像文件

[ 2017-03-30T16:59:09+08:00 ] 127.0.0.1 /ule/Admin/Common/upload.html
INFO: [ app_init ] --START--
INFO: Run Behavior\BuildLiteBehavior [ RunTime:0.000033s ]
INFO: [ app_init ] --END-- [ RunTime:0.000738s ]
INFO: [ app_begin ] --START--
INFO: Run Behavior\ReadHtmlCacheBehavior [ RunTime:0.000818s ]
INFO: [ app_begin ] --END-- [ RunTime:0.000966s ]
INFO: [ view_parse ] --START--
INFO: Run Behavior\ParseTemplateBehavior [ RunTime:0.015627s ]
INFO: [ view_parse ] --END-- [ RunTime:0.015743s ]
INFO: [ view_filter ] --START--
INFO: Run Behavior\WriteHtmlCacheBehavior [ RunTime:0.000533s ]
INFO: [ view_filter ] --END-- [ RunTime:0.000618s ]
INFO: [ app_end ] --START--
INFO: Run Behavior\ShowPageTraceBehavior [ RunTime:0.000681s ]
INFO: [ app_end ] --END-- [ RunTime:0.000751s ]

[ 2017-03-30T16:59:12+08:00 ] 127.0.0.1 /ule/Admin/Common/upload.html
INFO: [ app_init ] --START--
INFO: Run Behavior\BuildLiteBehavior [ RunTime:0.000044s ]
INFO: [ app_init ] --END-- [ RunTime:0.000955s ]
INFO: [ app_begin ] --START--
INFO: Run Behavior\ReadHtmlCacheBehavior [ RunTime:0.001147s ]
INFO: [ app_begin ] --END-- [ RunTime:0.001337s ]
NOTIC: [2] call_user_func() expects parameter 1 to be a valid callback, no array or string given F:\wamp\www\ule\ThinkPHP\Library\Think\Upload.class.php 第 170 行.

