[ 2017-04-08T15:31:10+08:00 ] ::1 /ule/admin
INFO: [ app_init ] --START--
INFO: Run Behavior\BuildLiteBehavior [ RunTime:0.000000s ]
INFO: [ app_init ] --END-- [ RunTime:0.002000s ]

[ 2017-04-08T15:31:37+08:00 ] ::1 /ule/admin
INFO: [ app_init ] --START--
INFO: Run Behavior\BuildLiteBehavior [ RunTime:0.000000s ]
INFO: [ app_init ] --END-- [ RunTime:0.001000s ]
INFO: [ app_begin ] --START--
INFO: Run Behavior\ReadHtmlCacheBehavior [ RunTime:0.003000s ]
INFO: [ app_begin ] --END-- [ RunTime:0.003000s ]

[ 2017-04-08T15:31:38+08:00 ] ::1 /ule/Admin/Login/index.html
INFO: [ app_init ] --START--
INFO: Run Behavior\BuildLiteBehavior [ RunTime:0.000000s ]
INFO: [ app_init ] --END-- [ RunTime:0.001000s ]
INFO: [ app_begin ] --START--
INFO: Run Behavior\ReadHtmlCacheBehavior [ RunTime:0.002000s ]
INFO: [ app_begin ] --END-- [ RunTime:0.002000s ]
INFO: [ view_parse ] --START--
INFO: Run Behavior\ParseTemplateBehavior [ RunTime:0.030002s ]
INFO: [ view_parse ] --END-- [ RunTime:0.030002s ]
INFO: [ view_filter ] --START--
INFO: Run Behavior\WriteHtmlCacheBehavior [ RunTime:0.001000s ]
INFO: [ view_filter ] --END-- [ RunTime:0.001000s ]
INFO: [ app_end ] --START--
INFO: Run Behavior\ShowPageTraceBehavior [ RunTime:0.001000s ]
INFO: [ app_end ] --END-- [ RunTime:0.002000s ]

[ 2017-04-08T15:31:38+08:00 ] ::1 /ule/Admin/Login/VerifyImg
INFO: [ app_init ] --START--
INFO: Run Behavior\BuildLiteBehavior [ RunTime:0.000000s ]
INFO: [ app_init ] --END-- [ RunTime:0.001000s ]
INFO: [ app_begin ] --START--
INFO: Run Behavior\ReadHtmlCacheBehavior [ RunTime:0.002000s ]
INFO: [ app_begin ] --END-- [ RunTime:0.002000s ]
INFO: [ app_end ] --START--
INFO: Run Behavior\ShowPageTraceBehavior [ RunTime:0.003000s ]
INFO: [ app_end ] --END-- [ RunTime:0.003000s ]

[ 2017-04-08T15:31:50+08:00 ] ::1 /ule/Admin/Login/login
INFO: [ app_init ] --START--
INFO: Run Behavior\BuildLiteBehavior [ RunTime:0.000000s ]
INFO: [ app_init ] --END-- [ RunTime:0.001000s ]
INFO: [ app_begin ] --START--
INFO: Run Behavior\ReadHtmlCacheBehavior [ RunTime:0.002000s ]
INFO: [ app_begin ] --END-- [ RunTime:0.002000s ]
SQL: SHOW COLUMNS FROM `sto_admin` [ RunTime:0.0260s ]
SQL: SELECT * FROM `sto_admin` WHERE `user` = 'admin' AND `pass` = 'e10adc3949ba59abbe56e057f20f883e' LIMIT 1   [ RunTime:0.0030s ]
SQL: UPDATE `sto_admin` SET `last_time`='2017-04-08 15:31:50',`last_ip`='::1',`login_count`='73' WHERE `id` = 1 [ RunTime:0.0010s ]
SQL: SHOW COLUMNS FROM `sto_auth_group_access` [ RunTime:0.0220s ]
SQL: SELECT b.title,a.group_id FROM sto_auth_group_access a,sto_auth_group b WHERE ( a.uid=1 AND a.group_id=b.id ) LIMIT 1   [ RunTime:0.0040s ]

[ 2017-04-08T15:31:51+08:00 ] ::1 /ule/Admin/Index/index.html
INFO: [ app_init ] --START--
INFO: Run Behavior\BuildLiteBehavior [ RunTime:0.000000s ]
INFO: [ app_init ] --END-- [ RunTime:0.001000s ]
INFO: [ app_begin ] --START--
INFO: Run Behavior\ReadHtmlCacheBehavior [ RunTime:0.002000s ]
INFO: [ app_begin ] --END-- [ RunTime:0.002000s ]
INFO: [ view_parse ] --START--
NOTIC: [8] Undefined index: wuliu D:\xampp\htdocs\ule\Application\Runtime\Cache\5003fa0c88815279fa2c6a00bd6ce378ddabc8e1.file.left_menu.html.php 第 131 行.
NOTIC: [8] Trying to get property of non-object D:\xampp\htdocs\ule\Application\Runtime\Cache\5003fa0c88815279fa2c6a00bd6ce378ddabc8e1.file.left_menu.html.php 第 131 行.
INFO: Run Behavior\ParseTemplateBehavior [ RunTime:0.033002s ]
INFO: [ view_parse ] --END-- [ RunTime:0.033002s ]
INFO: [ view_filter ] --START--
INFO: Run Behavior\WriteHtmlCacheBehavior [ RunTime:0.002000s ]
INFO: [ view_filter ] --END-- [ RunTime:0.002000s ]
INFO: [ app_end ] --START--
INFO: Run Behavior\ShowPageTraceBehavior [ RunTime:0.002001s ]
INFO: [ app_end ] --END-- [ RunTime:0.002001s ]

[ 2017-04-08T15:31:51+08:00 ] ::1 /ule/Admin/Index/welcome.html
INFO: [ app_init ] --START--
INFO: Run Behavior\BuildLiteBehavior [ RunTime:0.000000s ]
INFO: [ app_init ] --END-- [ RunTime:0.001000s ]
INFO: [ app_begin ] --START--
INFO: Run Behavior\ReadHtmlCacheBehavior [ RunTime:0.002000s ]
INFO: [ app_begin ] --END-- [ RunTime:0.002000s ]
INFO: [ view_parse ] --START--
INFO: Run Behavior\ParseTemplateBehavior [ RunTime:0.032002s ]
INFO: [ view_parse ] --END-- [ RunTime:0.032002s ]
INFO: [ view_filter ] --START--
INFO: Run Behavior\WriteHtmlCacheBehavior [ RunTime:0.002000s ]
INFO: [ view_filter ] --END-- [ RunTime:0.002000s ]
INFO: [ app_end ] --START--
INFO: Run Behavior\ShowPageTraceBehavior [ RunTime:0.002000s ]
INFO: [ app_end ] --END-- [ RunTime:0.002000s ]

[ 2017-04-08T15:31:59+08:00 ] ::1 /ule/Admin/Member/index.html
INFO: [ app_init ] --START--
INFO: Run Behavior\BuildLiteBehavior [ RunTime:0.000000s ]
INFO: [ app_init ] --END-- [ RunTime:0.002000s ]
INFO: [ app_begin ] --START--
INFO: Run Behavior\ReadHtmlCacheBehavior [ RunTime:0.003000s ]
INFO: [ app_begin ] --END-- [ RunTime:0.003000s ]
SQL: SHOW COLUMNS FROM `sto_member` [ RunTime:0.0210s ]
SQL: SELECT COUNT(id) AS tp_count FROM `sto_member` LIMIT 1   [ RunTime:0.0010s ]
SQL: SELECT * FROM `sto_member` ORDER BY member_reg_day asc LIMIT 0,20   [ RunTime:0.0010s ]
INFO: [ view_parse ] --START--
NOTIC: [8] Undefined index: memer_email D:\xampp\htdocs\ule\Application\Runtime\Cache\d8b3dbd286a3b2545dbf4bef0db4c78e2dbf043c.file.index.html.php 第 70 行.
NOTIC: [8] Undefined index: memer_email D:\xampp\htdocs\ule\Application\Runtime\Cache\d8b3dbd286a3b2545dbf4bef0db4c78e2dbf043c.file.index.html.php 第 70 行.
INFO: Run Behavior\ParseTemplateBehavior [ RunTime:0.265015s ]
INFO: [ view_parse ] --END-- [ RunTime:0.265015s ]
INFO: [ view_filter ] --START--
INFO: Run Behavior\WriteHtmlCacheBehavior [ RunTime:0.001000s ]
INFO: [ view_filter ] --END-- [ RunTime:0.001000s ]
INFO: [ app_end ] --START--
INFO: Run Behavior\ShowPageTraceBehavior [ RunTime:0.001000s ]
INFO: [ app_end ] --END-- [ RunTime:0.002001s ]

[ 2017-04-08T15:32:03+08:00 ] ::1 /ule/Admin/Member/addMember.html
INFO: [ app_init ] --START--
INFO: Run Behavior\BuildLiteBehavior [ RunTime:0.000000s ]
INFO: [ app_init ] --END-- [ RunTime:0.001000s ]
INFO: [ app_begin ] --START--
INFO: Run Behavior\ReadHtmlCacheBehavior [ RunTime:0.002000s ]
INFO: [ app_begin ] --END-- [ RunTime:0.002000s ]
INFO: [ view_parse ] --START--
NOTIC: [8] Undefined index: rs D:\xampp\htdocs\ule\Application\Runtime\Cache\d0fe31dd12abb2d1c357a99e0c7c029542dda762.file.addMember.html.php 第 40 行.
NOTIC: [8] Trying to get property of non-object D:\xampp\htdocs\ule\Application\Runtime\Cache\d0fe31dd12abb2d1c357a99e0c7c029542dda762.file.addMember.html.php 第 40 行.
NOTIC: [8] Undefined index: rs D:\xampp\htdocs\ule\Application\Runtime\Cache\d0fe31dd12abb2d1c357a99e0c7c029542dda762.file.addMember.html.php 第 47 行.
NOTIC: [8] Trying to get property of non-object D:\xampp\htdocs\ule\Application\Runtime\Cache\d0fe31dd12abb2d1c357a99e0c7c029542dda762.file.addMember.html.php 第 47 行.
NOTIC: [8] Undefined index: rs D:\xampp\htdocs\ule\Application\Runtime\Cache\d0fe31dd12abb2d1c357a99e0c7c029542dda762.file.addMember.html.php 第 54 行.
NOTIC: [8] Trying to get property of non-object D:\xampp\htdocs\ule\Application\Runtime\Cache\d0fe31dd12abb2d1c357a99e0c7c029542dda762.file.addMember.html.php 第 54 行.
INFO: Run Behavior\ParseTemplateBehavior [ RunTime:0.167010s ]
INFO: [ view_parse ] --END-- [ RunTime:0.167010s ]
INFO: [ view_filter ] --START--
INFO: Run Behavior\WriteHtmlCacheBehavior [ RunTime:0.002000s ]
INFO: [ view_filter ] --END-- [ RunTime:0.002000s ]
INFO: [ app_end ] --START--
INFO: Run Behavior\ShowPageTraceBehavior [ RunTime:0.002000s ]
INFO: [ app_end ] --END-- [ RunTime:0.002000s ]

[ 2017-04-08T15:32:34+08:00 ] ::1 /ule/Admin/Member/addMember.html
INFO: [ app_init ] --START--
INFO: Run Behavior\BuildLiteBehavior [ RunTime:0.000000s ]
INFO: [ app_init ] --END-- [ RunTime:0.001001s ]
INFO: [ app_begin ] --START--
INFO: Run Behavior\ReadHtmlCacheBehavior [ RunTime:0.003000s ]
INFO: [ app_begin ] --END-- [ RunTime:0.003000s ]
SQL: SHOW COLUMNS FROM `sto_member` [ RunTime:0.0210s ]
SQL: SELECT * FROM `sto_member` WHERE `member_name` = '344822559' LIMIT 1   [ RunTime:0.0020s ]
SQL: INSERT INTO `sto_member` (`member_name`,`member_pass`,`member_reg_day`,`member_from`,`member_code`) VALUES ('344822559','ae6533220c08c80e9ec0486e756ba40b','1491636754','1','pW,No?8q') [ RunTime:0.0010s ]

[ 2017-04-08T15:32:37+08:00 ] ::1 /ule/Admin/Member/index.html
INFO: [ app_init ] --START--
INFO: Run Behavior\BuildLiteBehavior [ RunTime:0.000000s ]
INFO: [ app_init ] --END-- [ RunTime:0.002000s ]
INFO: [ app_begin ] --START--
INFO: Run Behavior\ReadHtmlCacheBehavior [ RunTime:0.002000s ]
INFO: [ app_begin ] --END-- [ RunTime:0.002000s ]
SQL: SHOW COLUMNS FROM `sto_member` [ RunTime:0.0190s ]
SQL: SELECT COUNT(id) AS tp_count FROM `sto_member` LIMIT 1   [ RunTime:0.0010s ]
SQL: SELECT * FROM `sto_member` ORDER BY member_reg_day asc LIMIT 0,20   [ RunTime:0.0020s ]
INFO: [ view_parse ] --START--
NOTIC: [8] Undefined index: memer_email D:\xampp\htdocs\ule\Application\Runtime\Cache\d8b3dbd286a3b2545dbf4bef0db4c78e2dbf043c.file.index.html.php 第 70 行.
NOTIC: [8] Undefined index: memer_email D:\xampp\htdocs\ule\Application\Runtime\Cache\d8b3dbd286a3b2545dbf4bef0db4c78e2dbf043c.file.index.html.php 第 70 行.
NOTIC: [8] Undefined index: memer_email D:\xampp\htdocs\ule\Application\Runtime\Cache\d8b3dbd286a3b2545dbf4bef0db4c78e2dbf043c.file.index.html.php 第 70 行.
INFO: Run Behavior\ParseTemplateBehavior [ RunTime:0.037003s ]
INFO: [ view_parse ] --END-- [ RunTime:0.037003s ]
INFO: [ view_filter ] --START--
INFO: Run Behavior\WriteHtmlCacheBehavior [ RunTime:0.000000s ]
INFO: [ view_filter ] --END-- [ RunTime:0.000000s ]
INFO: [ app_end ] --START--
INFO: Run Behavior\ShowPageTraceBehavior [ RunTime:0.001000s ]
INFO: [ app_end ] --END-- [ RunTime:0.001000s ]

